[2026-03-15T04:52:27.738+0000] {taskinstance.py:1956} INFO - Dependencies all met for dep_context=non-requeueable deps ti=<TaskInstance: brewery_data_pipeline.transform_silver_layer scheduled__2026-03-14T00:00:00+00:00 [queued]>
[2026-03-15T04:52:27.748+0000] {taskinstance.py:1956} INFO - Dependencies all met for dep_context=requeueable deps ti=<TaskInstance: brewery_data_pipeline.transform_silver_layer scheduled__2026-03-14T00:00:00+00:00 [queued]>
[2026-03-15T04:52:27.749+0000] {taskinstance.py:2170} INFO - Starting attempt 3 of 4
[2026-03-15T04:52:27.764+0000] {taskinstance.py:2191} INFO - Executing <Task(BashOperator): transform_silver_layer> on 2026-03-14 00:00:00+00:00
[2026-03-15T04:52:27.768+0000] {standard_task_runner.py:60} INFO - Started process 1529 to run task
[2026-03-15T04:52:27.771+0000] {standard_task_runner.py:87} INFO - Running: ['***', 'tasks', 'run', 'brewery_data_pipeline', 'transform_silver_layer', 'scheduled__2026-03-14T00:00:00+00:00', '--job-id', '6', '--raw', '--subdir', 'DAGS_FOLDER/brewery_pipeline.py', '--cfg-path', '/tmp/tmpfnel7t7_']
[2026-03-15T04:52:27.773+0000] {standard_task_runner.py:88} INFO - Job 6: Subtask transform_silver_layer
[2026-03-15T04:52:27.792+0000] {logging_mixin.py:188} WARNING - /home/***/.local/lib/python3.8/site-packages/***/settings.py:194 DeprecationWarning: The sql_alchemy_conn option in [core] has been moved to the sql_alchemy_conn option in [database] - the old setting has been used, but please update your config.
[2026-03-15T04:52:27.851+0000] {task_command.py:423} INFO - Running <TaskInstance: brewery_data_pipeline.transform_silver_layer scheduled__2026-03-14T00:00:00+00:00 [running]> on host ddcebd9d70f5
[2026-03-15T04:52:27.952+0000] {taskinstance.py:2480} INFO - Exporting env vars: AIRFLOW_CTX_DAG_OWNER='***' AIRFLOW_CTX_DAG_ID='brewery_data_pipeline' AIRFLOW_CTX_TASK_ID='transform_silver_layer' AIRFLOW_CTX_EXECUTION_DATE='2026-03-14T00:00:00+00:00' AIRFLOW_CTX_TRY_NUMBER='3' AIRFLOW_CTX_DAG_RUN_ID='scheduled__2026-03-14T00:00:00+00:00'
[2026-03-15T04:52:27.954+0000] {subprocess.py:63} INFO - Tmp dir root location: /tmp
[2026-03-15T04:52:27.957+0000] {subprocess.py:75} INFO - Running command: ['/usr/bin/bash', '-c', 'bash /opt/***/scripts/run_pyspark.sh /opt/***/scripts/transform_silver.py 2026-03-14']
[2026-03-15T04:52:27.972+0000] {subprocess.py:86} INFO - Output:
[2026-03-15T04:52:28.002+0000] {subprocess.py:93} INFO - --- Iniciando script PySpark: /opt/***/scripts/transform_silver.py para a data: 2026-03-14 ---
[2026-03-15T04:52:28.070+0000] {subprocess.py:93} INFO - Spark-Submit: Adicionando JARs ao classpath: /opt/spark/jars/hadoop-aws-3.3.6.jar,/opt/spark/jars/aws-java-sdk-bundle-1.12.672.jar
[2026-03-15T04:52:28.137+0000] {subprocess.py:93} INFO - /home/***/.local/lib/python3.8/site-packages/pyspark/bin/load-spark-env.sh: line 68: ps: command not found
[2026-03-15T04:52:30.043+0000] {subprocess.py:93} INFO - 26/03/15 04:52:30 WARN NativeCodeLoader: Unable to load native-hadoop library for your platform... using builtin-java classes where applicable
[2026-03-15T04:52:31.263+0000] {subprocess.py:93} INFO - 26/03/15 04:52:31 INFO SparkContext: Running Spark version 3.5.0
[2026-03-15T04:52:31.277+0000] {subprocess.py:93} INFO - 26/03/15 04:52:31 INFO SparkContext: OS info Linux, 6.6.87.2-microsoft-standard-WSL2, amd64
[2026-03-15T04:52:31.278+0000] {subprocess.py:93} INFO - 26/03/15 04:52:31 INFO SparkContext: Java version 17.0.18
[2026-03-15T04:52:31.324+0000] {subprocess.py:93} INFO - 26/03/15 04:52:31 INFO ResourceUtils: ==============================================================
[2026-03-15T04:52:31.325+0000] {subprocess.py:93} INFO - 26/03/15 04:52:31 INFO ResourceUtils: No custom resources configured for spark.driver.
[2026-03-15T04:52:31.327+0000] {subprocess.py:93} INFO - 26/03/15 04:52:31 INFO ResourceUtils: ==============================================================
[2026-03-15T04:52:31.328+0000] {subprocess.py:93} INFO - 26/03/15 04:52:31 INFO SparkContext: Submitted application: BrewerySilverLayer
[2026-03-15T04:52:31.363+0000] {subprocess.py:93} INFO - 26/03/15 04:52:31 INFO ResourceProfile: Default ResourceProfile created, executor resources: Map(cores -> name: cores, amount: 1, script: , vendor: , memory -> name: memory, amount: 1024, script: , vendor: , offHeap -> name: offHeap, amount: 0, script: , vendor: ), task resources: Map(cpus -> name: cpus, amount: 1.0)
[2026-03-15T04:52:31.373+0000] {subprocess.py:93} INFO - 26/03/15 04:52:31 INFO ResourceProfile: Limiting resource is cpu
[2026-03-15T04:52:31.374+0000] {subprocess.py:93} INFO - 26/03/15 04:52:31 INFO ResourceProfileManager: Added ResourceProfile id: 0
[2026-03-15T04:52:31.540+0000] {subprocess.py:93} INFO - 26/03/15 04:52:31 INFO SecurityManager: Changing view acls to: ***
[2026-03-15T04:52:31.542+0000] {subprocess.py:93} INFO - 26/03/15 04:52:31 INFO SecurityManager: Changing modify acls to: ***
[2026-03-15T04:52:31.543+0000] {subprocess.py:93} INFO - 26/03/15 04:52:31 INFO SecurityManager: Changing view acls groups to:
[2026-03-15T04:52:31.544+0000] {subprocess.py:93} INFO - 26/03/15 04:52:31 INFO SecurityManager: Changing modify acls groups to:
[2026-03-15T04:52:31.545+0000] {subprocess.py:93} INFO - 26/03/15 04:52:31 INFO SecurityManager: SecurityManager: authentication disabled; ui acls disabled; users with view permissions: ***; groups with view permissions: EMPTY; users with modify permissions: ***; groups with modify permissions: EMPTY
[2026-03-15T04:52:31.908+0000] {subprocess.py:93} INFO - 26/03/15 04:52:31 INFO Utils: Successfully started service 'sparkDriver' on port 44221.
[2026-03-15T04:52:31.972+0000] {subprocess.py:93} INFO - 26/03/15 04:52:31 INFO SparkEnv: Registering MapOutputTracker
[2026-03-15T04:52:32.039+0000] {subprocess.py:93} INFO - 26/03/15 04:52:32 INFO SparkEnv: Registering BlockManagerMaster
[2026-03-15T04:52:32.083+0000] {subprocess.py:93} INFO - 26/03/15 04:52:32 INFO BlockManagerMasterEndpoint: Using org.apache.spark.storage.DefaultTopologyMapper for getting topology information
[2026-03-15T04:52:32.084+0000] {subprocess.py:93} INFO - 26/03/15 04:52:32 INFO BlockManagerMasterEndpoint: BlockManagerMasterEndpoint up
[2026-03-15T04:52:32.091+0000] {subprocess.py:93} INFO - 26/03/15 04:52:32 INFO SparkEnv: Registering BlockManagerMasterHeartbeat
[2026-03-15T04:52:32.133+0000] {subprocess.py:93} INFO - 26/03/15 04:52:32 INFO DiskBlockManager: Created local directory at /tmp/blockmgr-72ee477b-494d-4672-ae4c-7bed9466670a
[2026-03-15T04:52:32.151+0000] {subprocess.py:93} INFO - 26/03/15 04:52:32 INFO MemoryStore: MemoryStore started with capacity 434.4 MiB
[2026-03-15T04:52:32.169+0000] {subprocess.py:93} INFO - 26/03/15 04:52:32 INFO SparkEnv: Registering OutputCommitCoordinator
[2026-03-15T04:52:32.311+0000] {subprocess.py:93} INFO - 26/03/15 04:52:32 INFO JettyUtils: Start Jetty 0.0.0.0:4040 for SparkUI
[2026-03-15T04:52:32.431+0000] {subprocess.py:93} INFO - 26/03/15 04:52:32 INFO Utils: Successfully started service 'SparkUI' on port 4040.
[2026-03-15T04:52:32.518+0000] {subprocess.py:93} INFO - 26/03/15 04:52:32 INFO SparkContext: Added JAR file:///opt/spark/jars/hadoop-aws-3.3.6.jar at spark://ddcebd9d70f5:44221/jars/hadoop-aws-3.3.6.jar with timestamp 1773550351245
[2026-03-15T04:52:32.519+0000] {subprocess.py:93} INFO - 26/03/15 04:52:32 INFO SparkContext: Added JAR file:///opt/spark/jars/aws-java-sdk-bundle-1.12.672.jar at spark://ddcebd9d70f5:44221/jars/aws-java-sdk-bundle-1.12.672.jar with timestamp 1773550351245
[2026-03-15T04:52:32.618+0000] {subprocess.py:93} INFO - 26/03/15 04:52:32 INFO Executor: Starting executor ID driver on host ddcebd9d70f5
[2026-03-15T04:52:32.618+0000] {subprocess.py:93} INFO - 26/03/15 04:52:32 INFO Executor: OS info Linux, 6.6.87.2-microsoft-standard-WSL2, amd64
[2026-03-15T04:52:32.619+0000] {subprocess.py:93} INFO - 26/03/15 04:52:32 INFO Executor: Java version 17.0.18
[2026-03-15T04:52:32.628+0000] {subprocess.py:93} INFO - 26/03/15 04:52:32 INFO Executor: Starting executor with user classpath (userClassPathFirst = false): ''
[2026-03-15T04:52:32.629+0000] {subprocess.py:93} INFO - 26/03/15 04:52:32 INFO Executor: Created or updated repl class loader org.apache.spark.util.MutableURLClassLoader@3c2463c4 for default.
[2026-03-15T04:52:32.647+0000] {subprocess.py:93} INFO - 26/03/15 04:52:32 INFO Executor: Fetching spark://ddcebd9d70f5:44221/jars/aws-java-sdk-bundle-1.12.672.jar with timestamp 1773550351245
[2026-03-15T04:52:32.765+0000] {subprocess.py:93} INFO - 26/03/15 04:52:32 INFO TransportClientFactory: Successfully created connection to ddcebd9d70f5/172.18.0.4:44221 after 74 ms (0 ms spent in bootstraps)
[2026-03-15T04:52:32.772+0000] {subprocess.py:93} INFO - 26/03/15 04:52:32 INFO Utils: Fetching spark://ddcebd9d70f5:44221/jars/aws-java-sdk-bundle-1.12.672.jar to /tmp/spark-0a86f834-cde5-4f4e-8ba0-ede9a2f57bdb/userFiles-ab7b64b8-26ee-4aa0-b9e5-751b5b6abc06/fetchFileTemp15016418146411092895.tmp
[2026-03-15T04:52:41.556+0000] {subprocess.py:93} INFO - 26/03/15 04:52:41 INFO Executor: Adding file:/tmp/spark-0a86f834-cde5-4f4e-8ba0-ede9a2f57bdb/userFiles-ab7b64b8-26ee-4aa0-b9e5-751b5b6abc06/aws-java-sdk-bundle-1.12.672.jar to class loader default
[2026-03-15T04:52:41.557+0000] {subprocess.py:93} INFO - 26/03/15 04:52:41 INFO Executor: Fetching spark://ddcebd9d70f5:44221/jars/hadoop-aws-3.3.6.jar with timestamp 1773550351245
[2026-03-15T04:52:41.558+0000] {subprocess.py:93} INFO - 26/03/15 04:52:41 INFO Utils: Fetching spark://ddcebd9d70f5:44221/jars/hadoop-aws-3.3.6.jar to /tmp/spark-0a86f834-cde5-4f4e-8ba0-ede9a2f57bdb/userFiles-ab7b64b8-26ee-4aa0-b9e5-751b5b6abc06/fetchFileTemp10509942277625546286.tmp
[2026-03-15T04:52:41.573+0000] {subprocess.py:93} INFO - 26/03/15 04:52:41 INFO Executor: Adding file:/tmp/spark-0a86f834-cde5-4f4e-8ba0-ede9a2f57bdb/userFiles-ab7b64b8-26ee-4aa0-b9e5-751b5b6abc06/hadoop-aws-3.3.6.jar to class loader default
[2026-03-15T04:52:41.593+0000] {subprocess.py:93} INFO - 26/03/15 04:52:41 INFO Utils: Successfully started service 'org.apache.spark.network.netty.NettyBlockTransferService' on port 32805.
[2026-03-15T04:52:41.593+0000] {subprocess.py:93} INFO - 26/03/15 04:52:41 INFO NettyBlockTransferService: Server created on ddcebd9d70f5:32805
[2026-03-15T04:52:41.597+0000] {subprocess.py:93} INFO - 26/03/15 04:52:41 INFO BlockManager: Using org.apache.spark.storage.RandomBlockReplicationPolicy for block replication policy
[2026-03-15T04:52:41.607+0000] {subprocess.py:93} INFO - 26/03/15 04:52:41 INFO BlockManagerMaster: Registering BlockManager BlockManagerId(driver, ddcebd9d70f5, 32805, None)
[2026-03-15T04:52:41.613+0000] {subprocess.py:93} INFO - 26/03/15 04:52:41 INFO BlockManagerMasterEndpoint: Registering block manager ddcebd9d70f5:32805 with 434.4 MiB RAM, BlockManagerId(driver, ddcebd9d70f5, 32805, None)
[2026-03-15T04:52:41.618+0000] {subprocess.py:93} INFO - 26/03/15 04:52:41 INFO BlockManagerMaster: Registered BlockManager BlockManagerId(driver, ddcebd9d70f5, 32805, None)
[2026-03-15T04:52:41.619+0000] {subprocess.py:93} INFO - 26/03/15 04:52:41 INFO BlockManager: Initialized BlockManager: BlockManagerId(driver, ddcebd9d70f5, 32805, None)
[2026-03-15T04:52:42.283+0000] {subprocess.py:93} INFO - Silver: Lendo dados da Bronze em: s3a://brewery-datalake/bronze/breweries/2026-03-14/breweries_raw.json
[2026-03-15T04:52:42.290+0000] {subprocess.py:93} INFO - 26/03/15 04:52:42 INFO SharedState: Setting hive.metastore.warehouse.dir ('null') to the value of spark.sql.warehouse.dir.
[2026-03-15T04:52:42.292+0000] {subprocess.py:93} INFO - 26/03/15 04:52:42 INFO SharedState: Warehouse path is 'file:/tmp/***tmp7qfdji1m/spark-warehouse'.
[2026-03-15T04:52:43.413+0000] {subprocess.py:93} INFO - Silver: Erro ao processar a camada Bronze para Silver para a data 2026-03-14: An error occurred while calling o53.json.
[2026-03-15T04:52:43.414+0000] {subprocess.py:93} INFO - : java.lang.NoClassDefFoundError: org/apache/hadoop/fs/impl/prefetch/PrefetchingStatistics
[2026-03-15T04:52:43.414+0000] {subprocess.py:93} INFO - 	at java.base/java.lang.ClassLoader.defineClass1(Native Method)
[2026-03-15T04:52:43.415+0000] {subprocess.py:93} INFO - 	at java.base/java.lang.ClassLoader.defineClass(ClassLoader.java:1017)
[2026-03-15T04:52:43.415+0000] {subprocess.py:93} INFO - 	at java.base/java.security.SecureClassLoader.defineClass(SecureClassLoader.java:150)
[2026-03-15T04:52:43.416+0000] {subprocess.py:93} INFO - 	at java.base/java.net.URLClassLoader.defineClass(URLClassLoader.java:524)
[2026-03-15T04:52:43.417+0000] {subprocess.py:93} INFO - 	at java.base/java.net.URLClassLoader$1.run(URLClassLoader.java:427)
[2026-03-15T04:52:43.417+0000] {subprocess.py:93} INFO - 	at java.base/java.net.URLClassLoader$1.run(URLClassLoader.java:421)
[2026-03-15T04:52:43.418+0000] {subprocess.py:93} INFO - 	at java.base/java.security.AccessController.doPrivileged(AccessController.java:712)
[2026-03-15T04:52:43.418+0000] {subprocess.py:93} INFO - 	at java.base/java.net.URLClassLoader.findClass(URLClassLoader.java:420)
[2026-03-15T04:52:43.419+0000] {subprocess.py:93} INFO - 	at java.base/java.lang.ClassLoader.loadClass(ClassLoader.java:592)
[2026-03-15T04:52:43.419+0000] {subprocess.py:93} INFO - 	at java.base/java.lang.ClassLoader.loadClass(ClassLoader.java:525)
[2026-03-15T04:52:43.420+0000] {subprocess.py:93} INFO - 	at org.apache.hadoop.fs.s3a.S3AFileSystem.initialize(S3AFileSystem.java:519)
[2026-03-15T04:52:43.420+0000] {subprocess.py:93} INFO - 	at org.apache.hadoop.fs.FileSystem.createFileSystem(FileSystem.java:3469)
[2026-03-15T04:52:43.421+0000] {subprocess.py:93} INFO - 	at org.apache.hadoop.fs.FileSystem.access$300(FileSystem.java:174)
[2026-03-15T04:52:43.421+0000] {subprocess.py:93} INFO - 	at org.apache.hadoop.fs.FileSystem$Cache.getInternal(FileSystem.java:3574)
[2026-03-15T04:52:43.422+0000] {subprocess.py:93} INFO - 	at org.apache.hadoop.fs.FileSystem$Cache.get(FileSystem.java:3521)
[2026-03-15T04:52:43.422+0000] {subprocess.py:93} INFO - 	at org.apache.hadoop.fs.FileSystem.get(FileSystem.java:540)
[2026-03-15T04:52:43.423+0000] {subprocess.py:93} INFO - 	at org.apache.hadoop.fs.Path.getFileSystem(Path.java:365)
[2026-03-15T04:52:43.423+0000] {subprocess.py:93} INFO - 	at org.apache.spark.sql.execution.streaming.FileStreamSink$.hasMetadata(FileStreamSink.scala:53)
[2026-03-15T04:52:43.423+0000] {subprocess.py:93} INFO - 	at org.apache.spark.sql.execution.datasources.DataSource.resolveRelation(DataSource.scala:366)
[2026-03-15T04:52:43.424+0000] {subprocess.py:93} INFO - 	at org.apache.spark.sql.DataFrameReader.loadV1Source(DataFrameReader.scala:229)
[2026-03-15T04:52:43.424+0000] {subprocess.py:93} INFO - 	at org.apache.spark.sql.DataFrameReader.$anonfun$load$2(DataFrameReader.scala:211)
[2026-03-15T04:52:43.424+0000] {subprocess.py:93} INFO - 	at scala.Option.getOrElse(Option.scala:189)
[2026-03-15T04:52:43.425+0000] {subprocess.py:93} INFO - 	at org.apache.spark.sql.DataFrameReader.load(DataFrameReader.scala:211)
[2026-03-15T04:52:43.425+0000] {subprocess.py:93} INFO - 	at org.apache.spark.sql.DataFrameReader.json(DataFrameReader.scala:362)
[2026-03-15T04:52:43.426+0000] {subprocess.py:93} INFO - 	at java.base/jdk.internal.reflect.NativeMethodAccessorImpl.invoke0(Native Method)
[2026-03-15T04:52:43.426+0000] {subprocess.py:93} INFO - 	at java.base/jdk.internal.reflect.NativeMethodAccessorImpl.invoke(NativeMethodAccessorImpl.java:77)
[2026-03-15T04:52:43.427+0000] {subprocess.py:93} INFO - 	at java.base/jdk.internal.reflect.DelegatingMethodAccessorImpl.invoke(DelegatingMethodAccessorImpl.java:43)
[2026-03-15T04:52:43.427+0000] {subprocess.py:93} INFO - 	at java.base/java.lang.reflect.Method.invoke(Method.java:569)
[2026-03-15T04:52:43.428+0000] {subprocess.py:93} INFO - 	at py4j.reflection.MethodInvoker.invoke(MethodInvoker.java:244)
[2026-03-15T04:52:43.428+0000] {subprocess.py:93} INFO - 	at py4j.reflection.ReflectionEngine.invoke(ReflectionEngine.java:374)
[2026-03-15T04:52:43.429+0000] {subprocess.py:93} INFO - 	at py4j.Gateway.invoke(Gateway.java:282)
[2026-03-15T04:52:43.430+0000] {subprocess.py:93} INFO - 	at py4j.commands.AbstractCommand.invokeMethod(AbstractCommand.java:132)
[2026-03-15T04:52:43.431+0000] {subprocess.py:93} INFO - 	at py4j.commands.CallCommand.execute(CallCommand.java:79)
[2026-03-15T04:52:43.431+0000] {subprocess.py:93} INFO - 	at py4j.ClientServerConnection.waitForCommands(ClientServerConnection.java:182)
[2026-03-15T04:52:43.432+0000] {subprocess.py:93} INFO - 	at py4j.ClientServerConnection.run(ClientServerConnection.java:106)
[2026-03-15T04:52:43.433+0000] {subprocess.py:93} INFO - 	at java.base/java.lang.Thread.run(Thread.java:840)
[2026-03-15T04:52:43.434+0000] {subprocess.py:93} INFO - Caused by: java.lang.ClassNotFoundException: org.apache.hadoop.fs.impl.prefetch.PrefetchingStatistics
[2026-03-15T04:52:43.434+0000] {subprocess.py:93} INFO - 	at java.base/java.net.URLClassLoader.findClass(URLClassLoader.java:445)
[2026-03-15T04:52:43.435+0000] {subprocess.py:93} INFO - 	at java.base/java.lang.ClassLoader.loadClass(ClassLoader.java:592)
[2026-03-15T04:52:43.436+0000] {subprocess.py:93} INFO - 	at java.base/java.lang.ClassLoader.loadClass(ClassLoader.java:525)
[2026-03-15T04:52:43.436+0000] {subprocess.py:93} INFO - 	... 36 more
[2026-03-15T04:52:43.437+0000] {subprocess.py:93} INFO - 
[2026-03-15T04:52:43.437+0000] {subprocess.py:93} INFO - Traceback (most recent call last):
[2026-03-15T04:52:43.438+0000] {subprocess.py:93} INFO -   File "/opt/***/scripts/transform_silver.py", line 101, in <module>
[2026-03-15T04:52:43.438+0000] {subprocess.py:93} INFO -     transform_to_silver(spark, args.execution_date)
[2026-03-15T04:52:43.439+0000] {subprocess.py:93} INFO -   File "/opt/***/scripts/transform_silver.py", line 46, in transform_to_silver
[2026-03-15T04:52:43.439+0000] {subprocess.py:93} INFO -     df_bronze = spark.read.option("multiLine", "true").json(bronze_input_path)
[2026-03-15T04:52:43.439+0000] {subprocess.py:93} INFO -   File "/home/***/.local/lib/python3.8/site-packages/pyspark/python/lib/pyspark.zip/pyspark/sql/readwriter.py", line 425, in json
[2026-03-15T04:52:43.440+0000] {subprocess.py:93} INFO -   File "/home/***/.local/lib/python3.8/site-packages/pyspark/python/lib/py4j-0.10.9.7-src.zip/py4j/java_gateway.py", line 1322, in __call__
[2026-03-15T04:52:43.440+0000] {subprocess.py:93} INFO -   File "/home/***/.local/lib/python3.8/site-packages/pyspark/python/lib/pyspark.zip/pyspark/errors/exceptions/captured.py", line 179, in deco
[2026-03-15T04:52:43.441+0000] {subprocess.py:93} INFO -   File "/home/***/.local/lib/python3.8/site-packages/pyspark/python/lib/py4j-0.10.9.7-src.zip/py4j/protocol.py", line 326, in get_return_value
[2026-03-15T04:52:43.441+0000] {subprocess.py:93} INFO - py4j.protocol.Py4JJavaError: An error occurred while calling o53.json.
[2026-03-15T04:52:43.441+0000] {subprocess.py:93} INFO - : java.lang.NoClassDefFoundError: org/apache/hadoop/fs/impl/prefetch/PrefetchingStatistics
[2026-03-15T04:52:43.442+0000] {subprocess.py:93} INFO - 	at java.base/java.lang.ClassLoader.defineClass1(Native Method)
[2026-03-15T04:52:43.443+0000] {subprocess.py:93} INFO - 	at java.base/java.lang.ClassLoader.defineClass(ClassLoader.java:1017)
[2026-03-15T04:52:43.443+0000] {subprocess.py:93} INFO - 	at java.base/java.security.SecureClassLoader.defineClass(SecureClassLoader.java:150)
[2026-03-15T04:52:43.444+0000] {subprocess.py:93} INFO - 	at java.base/java.net.URLClassLoader.defineClass(URLClassLoader.java:524)
[2026-03-15T04:52:43.445+0000] {subprocess.py:93} INFO - 	at java.base/java.net.URLClassLoader$1.run(URLClassLoader.java:427)
[2026-03-15T04:52:43.445+0000] {subprocess.py:93} INFO - 	at java.base/java.net.URLClassLoader$1.run(URLClassLoader.java:421)
[2026-03-15T04:52:43.446+0000] {subprocess.py:93} INFO - 	at java.base/java.security.AccessController.doPrivileged(AccessController.java:712)
[2026-03-15T04:52:43.447+0000] {subprocess.py:93} INFO - 	at java.base/java.net.URLClassLoader.findClass(URLClassLoader.java:420)
[2026-03-15T04:52:43.448+0000] {subprocess.py:93} INFO - 	at java.base/java.lang.ClassLoader.loadClass(ClassLoader.java:592)
[2026-03-15T04:52:43.448+0000] {subprocess.py:93} INFO - 	at java.base/java.lang.ClassLoader.loadClass(ClassLoader.java:525)
[2026-03-15T04:52:43.449+0000] {subprocess.py:93} INFO - 	at org.apache.hadoop.fs.s3a.S3AFileSystem.initialize(S3AFileSystem.java:519)
[2026-03-15T04:52:43.449+0000] {subprocess.py:93} INFO - 	at org.apache.hadoop.fs.FileSystem.createFileSystem(FileSystem.java:3469)
[2026-03-15T04:52:43.450+0000] {subprocess.py:93} INFO - 	at org.apache.hadoop.fs.FileSystem.access$300(FileSystem.java:174)
[2026-03-15T04:52:43.450+0000] {subprocess.py:93} INFO - 	at org.apache.hadoop.fs.FileSystem$Cache.getInternal(FileSystem.java:3574)
[2026-03-15T04:52:43.451+0000] {subprocess.py:93} INFO - 	at org.apache.hadoop.fs.FileSystem$Cache.get(FileSystem.java:3521)
[2026-03-15T04:52:43.452+0000] {subprocess.py:93} INFO - 	at org.apache.hadoop.fs.FileSystem.get(FileSystem.java:540)
[2026-03-15T04:52:43.452+0000] {subprocess.py:93} INFO - 	at org.apache.hadoop.fs.Path.getFileSystem(Path.java:365)
[2026-03-15T04:52:43.453+0000] {subprocess.py:93} INFO - 	at org.apache.spark.sql.execution.streaming.FileStreamSink$.hasMetadata(FileStreamSink.scala:53)
[2026-03-15T04:52:43.453+0000] {subprocess.py:93} INFO - 	at org.apache.spark.sql.execution.datasources.DataSource.resolveRelation(DataSource.scala:366)
[2026-03-15T04:52:43.454+0000] {subprocess.py:93} INFO - 	at org.apache.spark.sql.DataFrameReader.loadV1Source(DataFrameReader.scala:229)
[2026-03-15T04:52:43.454+0000] {subprocess.py:93} INFO - 	at org.apache.spark.sql.DataFrameReader.$anonfun$load$2(DataFrameReader.scala:211)
[2026-03-15T04:52:43.455+0000] {subprocess.py:93} INFO - 	at scala.Option.getOrElse(Option.scala:189)
[2026-03-15T04:52:43.455+0000] {subprocess.py:93} INFO - 	at org.apache.spark.sql.DataFrameReader.load(DataFrameReader.scala:211)
[2026-03-15T04:52:43.455+0000] {subprocess.py:93} INFO - 	at org.apache.spark.sql.DataFrameReader.json(DataFrameReader.scala:362)
[2026-03-15T04:52:43.456+0000] {subprocess.py:93} INFO - 	at java.base/jdk.internal.reflect.NativeMethodAccessorImpl.invoke0(Native Method)
[2026-03-15T04:52:43.456+0000] {subprocess.py:93} INFO - 	at java.base/jdk.internal.reflect.NativeMethodAccessorImpl.invoke(NativeMethodAccessorImpl.java:77)
[2026-03-15T04:52:43.457+0000] {subprocess.py:93} INFO - 	at java.base/jdk.internal.reflect.DelegatingMethodAccessorImpl.invoke(DelegatingMethodAccessorImpl.java:43)
[2026-03-15T04:52:43.457+0000] {subprocess.py:93} INFO - 	at java.base/java.lang.reflect.Method.invoke(Method.java:569)
[2026-03-15T04:52:43.458+0000] {subprocess.py:93} INFO - 	at py4j.reflection.MethodInvoker.invoke(MethodInvoker.java:244)
[2026-03-15T04:52:43.458+0000] {subprocess.py:93} INFO - 	at py4j.reflection.ReflectionEngine.invoke(ReflectionEngine.java:374)
[2026-03-15T04:52:43.459+0000] {subprocess.py:93} INFO - 	at py4j.Gateway.invoke(Gateway.java:282)
[2026-03-15T04:52:43.459+0000] {subprocess.py:93} INFO - 	at py4j.commands.AbstractCommand.invokeMethod(AbstractCommand.java:132)
[2026-03-15T04:52:43.460+0000] {subprocess.py:93} INFO - 	at py4j.commands.CallCommand.execute(CallCommand.java:79)
[2026-03-15T04:52:43.460+0000] {subprocess.py:93} INFO - 	at py4j.ClientServerConnection.waitForCommands(ClientServerConnection.java:182)
[2026-03-15T04:52:43.461+0000] {subprocess.py:93} INFO - 	at py4j.ClientServerConnection.run(ClientServerConnection.java:106)
[2026-03-15T04:52:43.461+0000] {subprocess.py:93} INFO - 	at java.base/java.lang.Thread.run(Thread.java:840)
[2026-03-15T04:52:43.462+0000] {subprocess.py:93} INFO - Caused by: java.lang.ClassNotFoundException: org.apache.hadoop.fs.impl.prefetch.PrefetchingStatistics
[2026-03-15T04:52:43.462+0000] {subprocess.py:93} INFO - 	at java.base/java.net.URLClassLoader.findClass(URLClassLoader.java:445)
[2026-03-15T04:52:43.463+0000] {subprocess.py:93} INFO - 	at java.base/java.lang.ClassLoader.loadClass(ClassLoader.java:592)
[2026-03-15T04:52:43.463+0000] {subprocess.py:93} INFO - 	at java.base/java.lang.ClassLoader.loadClass(ClassLoader.java:525)
[2026-03-15T04:52:43.464+0000] {subprocess.py:93} INFO - 	... 36 more
[2026-03-15T04:52:43.465+0000] {subprocess.py:93} INFO - 
[2026-03-15T04:52:43.492+0000] {subprocess.py:93} INFO - 26/03/15 04:52:43 INFO SparkContext: Invoking stop() from shutdown hook
[2026-03-15T04:52:43.493+0000] {subprocess.py:93} INFO - 26/03/15 04:52:43 INFO SparkContext: SparkContext is stopping with exitCode 0.
[2026-03-15T04:52:43.510+0000] {subprocess.py:93} INFO - 26/03/15 04:52:43 INFO SparkUI: Stopped Spark web UI at http://ddcebd9d70f5:4040
[2026-03-15T04:52:43.521+0000] {subprocess.py:93} INFO - 26/03/15 04:52:43 INFO MapOutputTrackerMasterEndpoint: MapOutputTrackerMasterEndpoint stopped!
[2026-03-15T04:52:43.535+0000] {subprocess.py:93} INFO - 26/03/15 04:52:43 INFO MemoryStore: MemoryStore cleared
[2026-03-15T04:52:43.536+0000] {subprocess.py:93} INFO - 26/03/15 04:52:43 INFO BlockManager: BlockManager stopped
[2026-03-15T04:52:43.540+0000] {subprocess.py:93} INFO - 26/03/15 04:52:43 INFO BlockManagerMaster: BlockManagerMaster stopped
[2026-03-15T04:52:43.543+0000] {subprocess.py:93} INFO - 26/03/15 04:52:43 INFO OutputCommitCoordinator$OutputCommitCoordinatorEndpoint: OutputCommitCoordinator stopped!
[2026-03-15T04:52:43.575+0000] {subprocess.py:93} INFO - 26/03/15 04:52:43 INFO SparkContext: Successfully stopped SparkContext
[2026-03-15T04:52:43.576+0000] {subprocess.py:93} INFO - 26/03/15 04:52:43 INFO ShutdownHookManager: Shutdown hook called
[2026-03-15T04:52:43.576+0000] {subprocess.py:93} INFO - 26/03/15 04:52:43 INFO ShutdownHookManager: Deleting directory /tmp/spark-0a86f834-cde5-4f4e-8ba0-ede9a2f57bdb
[2026-03-15T04:52:43.581+0000] {subprocess.py:93} INFO - 26/03/15 04:52:43 INFO ShutdownHookManager: Deleting directory /tmp/spark-0a86f834-cde5-4f4e-8ba0-ede9a2f57bdb/pyspark-7e49a05d-d728-4d3d-842c-5084a6252175
[2026-03-15T04:52:43.586+0000] {subprocess.py:93} INFO - 26/03/15 04:52:43 INFO ShutdownHookManager: Deleting directory /tmp/spark-468a898c-c967-4576-9dfb-f45ca40f6158
[2026-03-15T04:52:43.625+0000] {subprocess.py:93} INFO - --- Script PySpark /opt/***/scripts/transform_silver.py falhou. ---
[2026-03-15T04:52:43.628+0000] {subprocess.py:97} INFO - Command exited with return code 1
[2026-03-15T04:52:43.679+0000] {taskinstance.py:2698} ERROR - Task failed with exception
Traceback (most recent call last):
  File "/home/airflow/.local/lib/python3.8/site-packages/airflow/models/taskinstance.py", line 433, in _execute_task
    result = execute_callable(context=context, **execute_callable_kwargs)
  File "/home/airflow/.local/lib/python3.8/site-packages/airflow/operators/bash.py", line 212, in execute
    raise AirflowException(
airflow.exceptions.AirflowException: Bash command failed. The command returned a non-zero exit code 1.
[2026-03-15T04:52:43.693+0000] {taskinstance.py:1138} INFO - Marking task as UP_FOR_RETRY. dag_id=brewery_data_pipeline, task_id=transform_silver_layer, execution_date=20260314T000000, start_date=20260315T045227, end_date=20260315T045243
[2026-03-15T04:52:43.735+0000] {standard_task_runner.py:107} ERROR - Failed to execute job 6 for task transform_silver_layer (Bash command failed. The command returned a non-zero exit code 1.; 1529)
[2026-03-15T04:52:43.777+0000] {local_task_job_runner.py:234} INFO - Task exited with return code 1
[2026-03-15T04:52:43.837+0000] {taskinstance.py:3280} INFO - 0 downstream tasks scheduled from follow-on schedule check
