[2026-03-15T02:41:15.885+0000] {taskinstance.py:1956} INFO - Dependencies all met for dep_context=non-requeueable deps ti=<TaskInstance: brewery_data_pipeline.aggregate_gold_layer scheduled__2026-03-14T00:00:00+00:00 [queued]>
[2026-03-15T02:41:15.900+0000] {taskinstance.py:1956} INFO - Dependencies all met for dep_context=requeueable deps ti=<TaskInstance: brewery_data_pipeline.aggregate_gold_layer scheduled__2026-03-14T00:00:00+00:00 [queued]>
[2026-03-15T02:41:15.901+0000] {taskinstance.py:2170} INFO - Starting attempt 2 of 2
[2026-03-15T02:41:15.925+0000] {taskinstance.py:2191} INFO - Executing <Task(BashOperator): aggregate_gold_layer> on 2026-03-14 00:00:00+00:00
[2026-03-15T02:41:15.932+0000] {standard_task_runner.py:60} INFO - Started process 2511 to run task
[2026-03-15T02:41:15.939+0000] {standard_task_runner.py:87} INFO - Running: ['***', 'tasks', 'run', 'brewery_data_pipeline', 'aggregate_gold_layer', 'scheduled__2026-03-14T00:00:00+00:00', '--job-id', '6', '--raw', '--subdir', 'DAGS_FOLDER/brewery_pipeline.py', '--cfg-path', '/tmp/tmpnir0ltlh']
[2026-03-15T02:41:15.944+0000] {standard_task_runner.py:88} INFO - Job 6: Subtask aggregate_gold_layer
[2026-03-15T02:41:15.969+0000] {logging_mixin.py:188} WARNING - /home/***/.local/lib/python3.8/site-packages/***/settings.py:194 DeprecationWarning: The sql_alchemy_conn option in [core] has been moved to the sql_alchemy_conn option in [database] - the old setting has been used, but please update your config.
[2026-03-15T02:41:16.034+0000] {task_command.py:423} INFO - Running <TaskInstance: brewery_data_pipeline.aggregate_gold_layer scheduled__2026-03-14T00:00:00+00:00 [running]> on host 7ae72f5da3a1
[2026-03-15T02:41:16.108+0000] {taskinstance.py:2480} INFO - Exporting env vars: AIRFLOW_CTX_DAG_OWNER='***' AIRFLOW_CTX_DAG_ID='brewery_data_pipeline' AIRFLOW_CTX_TASK_ID='aggregate_gold_layer' AIRFLOW_CTX_EXECUTION_DATE='2026-03-14T00:00:00+00:00' AIRFLOW_CTX_TRY_NUMBER='2' AIRFLOW_CTX_DAG_RUN_ID='scheduled__2026-03-14T00:00:00+00:00'
[2026-03-15T02:41:16.110+0000] {subprocess.py:63} INFO - Tmp dir root location: /tmp
[2026-03-15T02:41:16.112+0000] {subprocess.py:75} INFO - Running command: ['/usr/bin/bash', '-c', 'bash /opt/***/scripts/run_pyspark.sh /opt/***/scripts/aggregate_gold.py 2026-03-14']
[2026-03-15T02:41:16.122+0000] {subprocess.py:86} INFO - Output:
[2026-03-15T02:41:16.128+0000] {subprocess.py:93} INFO - --- Iniciando script PySpark: /opt/***/scripts/aggregate_gold.py para a data: 2026-03-14 ---
[2026-03-15T02:41:16.160+0000] {subprocess.py:93} INFO - /home/***/.local/lib/python3.8/site-packages/pyspark/bin/load-spark-env.sh: line 68: ps: command not found
[2026-03-15T02:41:18.129+0000] {subprocess.py:93} INFO - 26/03/15 02:41:18 INFO SparkContext: Running Spark version 3.5.0
[2026-03-15T02:41:18.131+0000] {subprocess.py:93} INFO - 26/03/15 02:41:18 INFO SparkContext: OS info Linux, 6.6.87.2-microsoft-standard-WSL2, amd64
[2026-03-15T02:41:18.131+0000] {subprocess.py:93} INFO - 26/03/15 02:41:18 INFO SparkContext: Java version 17.0.18
[2026-03-15T02:41:18.179+0000] {subprocess.py:93} INFO - 26/03/15 02:41:18 WARN NativeCodeLoader: Unable to load native-hadoop library for your platform... using builtin-java classes where applicable
[2026-03-15T02:41:18.256+0000] {subprocess.py:93} INFO - 26/03/15 02:41:18 INFO ResourceUtils: ==============================================================
[2026-03-15T02:41:18.256+0000] {subprocess.py:93} INFO - 26/03/15 02:41:18 INFO ResourceUtils: No custom resources configured for spark.driver.
[2026-03-15T02:41:18.257+0000] {subprocess.py:93} INFO - 26/03/15 02:41:18 INFO ResourceUtils: ==============================================================
[2026-03-15T02:41:18.257+0000] {subprocess.py:93} INFO - 26/03/15 02:41:18 INFO SparkContext: Submitted application: BreweryGoldLayer
[2026-03-15T02:41:18.274+0000] {subprocess.py:93} INFO - 26/03/15 02:41:18 INFO ResourceProfile: Default ResourceProfile created, executor resources: Map(cores -> name: cores, amount: 1, script: , vendor: , memory -> name: memory, amount: 1024, script: , vendor: , offHeap -> name: offHeap, amount: 0, script: , vendor: ), task resources: Map(cpus -> name: cpus, amount: 1.0)
[2026-03-15T02:41:18.279+0000] {subprocess.py:93} INFO - 26/03/15 02:41:18 INFO ResourceProfile: Limiting resource is cpu
[2026-03-15T02:41:18.280+0000] {subprocess.py:93} INFO - 26/03/15 02:41:18 INFO ResourceProfileManager: Added ResourceProfile id: 0
[2026-03-15T02:41:18.322+0000] {subprocess.py:93} INFO - 26/03/15 02:41:18 INFO SecurityManager: Changing view acls to: ***
[2026-03-15T02:41:18.322+0000] {subprocess.py:93} INFO - 26/03/15 02:41:18 INFO SecurityManager: Changing modify acls to: ***
[2026-03-15T02:41:18.323+0000] {subprocess.py:93} INFO - 26/03/15 02:41:18 INFO SecurityManager: Changing view acls groups to:
[2026-03-15T02:41:18.324+0000] {subprocess.py:93} INFO - 26/03/15 02:41:18 INFO SecurityManager: Changing modify acls groups to:
[2026-03-15T02:41:18.324+0000] {subprocess.py:93} INFO - 26/03/15 02:41:18 INFO SecurityManager: SecurityManager: authentication disabled; ui acls disabled; users with view permissions: ***; groups with view permissions: EMPTY; users with modify permissions: ***; groups with modify permissions: EMPTY
[2026-03-15T02:41:18.525+0000] {subprocess.py:93} INFO - 26/03/15 02:41:18 INFO Utils: Successfully started service 'sparkDriver' on port 42835.
[2026-03-15T02:41:18.553+0000] {subprocess.py:93} INFO - 26/03/15 02:41:18 INFO SparkEnv: Registering MapOutputTracker
[2026-03-15T02:41:18.586+0000] {subprocess.py:93} INFO - 26/03/15 02:41:18 INFO SparkEnv: Registering BlockManagerMaster
[2026-03-15T02:41:18.604+0000] {subprocess.py:93} INFO - 26/03/15 02:41:18 INFO BlockManagerMasterEndpoint: Using org.apache.spark.storage.DefaultTopologyMapper for getting topology information
[2026-03-15T02:41:18.604+0000] {subprocess.py:93} INFO - 26/03/15 02:41:18 INFO BlockManagerMasterEndpoint: BlockManagerMasterEndpoint up
[2026-03-15T02:41:18.609+0000] {subprocess.py:93} INFO - 26/03/15 02:41:18 INFO SparkEnv: Registering BlockManagerMasterHeartbeat
[2026-03-15T02:41:18.632+0000] {subprocess.py:93} INFO - 26/03/15 02:41:18 INFO DiskBlockManager: Created local directory at /tmp/blockmgr-fff852d7-eb23-4d97-a2fc-be6ae9808f9c
[2026-03-15T02:41:18.647+0000] {subprocess.py:93} INFO - 26/03/15 02:41:18 INFO MemoryStore: MemoryStore started with capacity 434.4 MiB
[2026-03-15T02:41:18.662+0000] {subprocess.py:93} INFO - 26/03/15 02:41:18 INFO SparkEnv: Registering OutputCommitCoordinator
[2026-03-15T02:41:18.758+0000] {subprocess.py:93} INFO - 26/03/15 02:41:18 INFO JettyUtils: Start Jetty 0.0.0.0:4040 for SparkUI
[2026-03-15T02:41:18.814+0000] {subprocess.py:93} INFO - 26/03/15 02:41:18 INFO Utils: Successfully started service 'SparkUI' on port 4040.
[2026-03-15T02:41:18.933+0000] {subprocess.py:93} INFO - 26/03/15 02:41:18 INFO Executor: Starting executor ID driver on host 7ae72f5da3a1
[2026-03-15T02:41:18.934+0000] {subprocess.py:93} INFO - 26/03/15 02:41:18 INFO Executor: OS info Linux, 6.6.87.2-microsoft-standard-WSL2, amd64
[2026-03-15T02:41:18.935+0000] {subprocess.py:93} INFO - 26/03/15 02:41:18 INFO Executor: Java version 17.0.18
[2026-03-15T02:41:18.942+0000] {subprocess.py:93} INFO - 26/03/15 02:41:18 INFO Executor: Starting executor with user classpath (userClassPathFirst = false): ''
[2026-03-15T02:41:18.943+0000] {subprocess.py:93} INFO - 26/03/15 02:41:18 INFO Executor: Created or updated repl class loader org.apache.spark.util.MutableURLClassLoader@2f644842 for default.
[2026-03-15T02:41:18.967+0000] {subprocess.py:93} INFO - 26/03/15 02:41:18 INFO Utils: Successfully started service 'org.apache.spark.network.netty.NettyBlockTransferService' on port 39149.
[2026-03-15T02:41:18.968+0000] {subprocess.py:93} INFO - 26/03/15 02:41:18 INFO NettyBlockTransferService: Server created on 7ae72f5da3a1:39149
[2026-03-15T02:41:18.970+0000] {subprocess.py:93} INFO - 26/03/15 02:41:18 INFO BlockManager: Using org.apache.spark.storage.RandomBlockReplicationPolicy for block replication policy
[2026-03-15T02:41:18.975+0000] {subprocess.py:93} INFO - 26/03/15 02:41:18 INFO BlockManagerMaster: Registering BlockManager BlockManagerId(driver, 7ae72f5da3a1, 39149, None)
[2026-03-15T02:41:18.979+0000] {subprocess.py:93} INFO - 26/03/15 02:41:18 INFO BlockManagerMasterEndpoint: Registering block manager 7ae72f5da3a1:39149 with 434.4 MiB RAM, BlockManagerId(driver, 7ae72f5da3a1, 39149, None)
[2026-03-15T02:41:18.982+0000] {subprocess.py:93} INFO - 26/03/15 02:41:18 INFO BlockManagerMaster: Registered BlockManager BlockManagerId(driver, 7ae72f5da3a1, 39149, None)
[2026-03-15T02:41:18.983+0000] {subprocess.py:93} INFO - 26/03/15 02:41:18 INFO BlockManager: Initialized BlockManager: BlockManagerId(driver, 7ae72f5da3a1, 39149, None)
[2026-03-15T02:41:19.387+0000] {subprocess.py:93} INFO - Lendo dados da Silver em: /opt/***/datalake/silver/breweries/2026-03-14
[2026-03-15T02:41:19.389+0000] {subprocess.py:93} INFO - Escrevendo dados na Gold em: /opt/***/datalake/gold/brewery_summary/2026-03-14
[2026-03-15T02:41:19.436+0000] {subprocess.py:93} INFO - 26/03/15 02:41:19 INFO SharedState: Setting hive.metastore.warehouse.dir ('null') to the value of spark.sql.warehouse.dir.
[2026-03-15T02:41:19.441+0000] {subprocess.py:93} INFO - 26/03/15 02:41:19 INFO SharedState: Warehouse path is 'file:/tmp/***tmp2e7z_4rm/spark-warehouse'.
[2026-03-15T02:41:20.364+0000] {subprocess.py:93} INFO - 26/03/15 02:41:20 INFO InMemoryFileIndex: It took 315 ms to list leaf files for 1 paths.
[2026-03-15T02:41:20.659+0000] {subprocess.py:93} INFO - 26/03/15 02:41:20 INFO SparkContext: Starting job: parquet at NativeMethodAccessorImpl.java:0
[2026-03-15T02:41:20.672+0000] {subprocess.py:93} INFO - 26/03/15 02:41:20 INFO DAGScheduler: Got job 0 (parquet at NativeMethodAccessorImpl.java:0) with 1 output partitions
[2026-03-15T02:41:20.673+0000] {subprocess.py:93} INFO - 26/03/15 02:41:20 INFO DAGScheduler: Final stage: ResultStage 0 (parquet at NativeMethodAccessorImpl.java:0)
[2026-03-15T02:41:20.674+0000] {subprocess.py:93} INFO - 26/03/15 02:41:20 INFO DAGScheduler: Parents of final stage: List()
[2026-03-15T02:41:20.674+0000] {subprocess.py:93} INFO - 26/03/15 02:41:20 INFO DAGScheduler: Missing parents: List()
[2026-03-15T02:41:20.676+0000] {subprocess.py:93} INFO - 26/03/15 02:41:20 INFO DAGScheduler: Submitting ResultStage 0 (MapPartitionsRDD[1] at parquet at NativeMethodAccessorImpl.java:0), which has no missing parents
[2026-03-15T02:41:20.726+0000] {subprocess.py:93} INFO - 26/03/15 02:41:20 INFO MemoryStore: Block broadcast_0 stored as values in memory (estimated size 103.1 KiB, free 434.3 MiB)
[2026-03-15T02:41:20.758+0000] {subprocess.py:93} INFO - 26/03/15 02:41:20 INFO MemoryStore: Block broadcast_0_piece0 stored as bytes in memory (estimated size 37.1 KiB, free 434.3 MiB)
[2026-03-15T02:41:20.763+0000] {subprocess.py:93} INFO - 26/03/15 02:41:20 INFO BlockManagerInfo: Added broadcast_0_piece0 in memory on 7ae72f5da3a1:39149 (size: 37.1 KiB, free: 434.4 MiB)
[2026-03-15T02:41:20.766+0000] {subprocess.py:93} INFO - 26/03/15 02:41:20 INFO SparkContext: Created broadcast 0 from broadcast at DAGScheduler.scala:1580
[2026-03-15T02:41:20.781+0000] {subprocess.py:93} INFO - 26/03/15 02:41:20 INFO DAGScheduler: Submitting 1 missing tasks from ResultStage 0 (MapPartitionsRDD[1] at parquet at NativeMethodAccessorImpl.java:0) (first 15 tasks are for partitions Vector(0))
[2026-03-15T02:41:20.782+0000] {subprocess.py:93} INFO - 26/03/15 02:41:20 INFO TaskSchedulerImpl: Adding task set 0.0 with 1 tasks resource profile 0
[2026-03-15T02:41:20.836+0000] {subprocess.py:93} INFO - 26/03/15 02:41:20 INFO TaskSetManager: Starting task 0.0 in stage 0.0 (TID 0) (7ae72f5da3a1, executor driver, partition 0, PROCESS_LOCAL, 7874 bytes)
[2026-03-15T02:41:20.848+0000] {subprocess.py:93} INFO - 26/03/15 02:41:20 INFO Executor: Running task 0.0 in stage 0.0 (TID 0)
[2026-03-15T02:41:21.205+0000] {subprocess.py:93} INFO - 26/03/15 02:41:21 INFO Executor: Finished task 0.0 in stage 0.0 (TID 0). 2258 bytes result sent to driver
[2026-03-15T02:41:21.215+0000] {subprocess.py:93} INFO - 26/03/15 02:41:21 INFO TaskSetManager: Finished task 0.0 in stage 0.0 (TID 0) in 402 ms on 7ae72f5da3a1 (executor driver) (1/1)
[2026-03-15T02:41:21.217+0000] {subprocess.py:93} INFO - 26/03/15 02:41:21 INFO TaskSchedulerImpl: Removed TaskSet 0.0, whose tasks have all completed, from pool
[2026-03-15T02:41:21.220+0000] {subprocess.py:93} INFO - 26/03/15 02:41:21 INFO DAGScheduler: ResultStage 0 (parquet at NativeMethodAccessorImpl.java:0) finished in 0.533 s
[2026-03-15T02:41:21.223+0000] {subprocess.py:93} INFO - 26/03/15 02:41:21 INFO DAGScheduler: Job 0 is finished. Cancelling potential speculative or zombie tasks for this job
[2026-03-15T02:41:21.224+0000] {subprocess.py:93} INFO - 26/03/15 02:41:21 INFO TaskSchedulerImpl: Killing all running tasks in stage 0: Stage finished
[2026-03-15T02:41:21.225+0000] {subprocess.py:93} INFO - 26/03/15 02:41:21 INFO DAGScheduler: Job 0 finished: parquet at NativeMethodAccessorImpl.java:0, took 0.565226 s
[2026-03-15T02:41:21.360+0000] {subprocess.py:93} INFO - 26/03/15 02:41:21 INFO BlockManagerInfo: Removed broadcast_0_piece0 on 7ae72f5da3a1:39149 in memory (size: 37.1 KiB, free: 434.4 MiB)
[2026-03-15T02:41:21.840+0000] {subprocess.py:93} INFO - 26/03/15 02:41:21 INFO DataSourceStrategy: Pruning directories with:
[2026-03-15T02:41:21.842+0000] {subprocess.py:93} INFO - 26/03/15 02:41:21 INFO FileSourceStrategy: Pushed Filters:
[2026-03-15T02:41:21.843+0000] {subprocess.py:93} INFO - 26/03/15 02:41:21 INFO FileSourceStrategy: Post-Scan Filters:
[2026-03-15T02:41:21.888+0000] {subprocess.py:93} INFO - 26/03/15 02:41:21 INFO MemoryStore: Block broadcast_1 stored as values in memory (estimated size 202.6 KiB, free 434.2 MiB)
[2026-03-15T02:41:21.895+0000] {subprocess.py:93} INFO - 26/03/15 02:41:21 INFO MemoryStore: Block broadcast_1_piece0 stored as bytes in memory (estimated size 35.3 KiB, free 434.2 MiB)
[2026-03-15T02:41:21.896+0000] {subprocess.py:93} INFO - 26/03/15 02:41:21 INFO BlockManagerInfo: Added broadcast_1_piece0 in memory on 7ae72f5da3a1:39149 (size: 35.3 KiB, free: 434.4 MiB)
[2026-03-15T02:41:21.897+0000] {subprocess.py:93} INFO - 26/03/15 02:41:21 INFO SparkContext: Created broadcast 1 from javaToPython at NativeMethodAccessorImpl.java:0
[2026-03-15T02:41:21.905+0000] {subprocess.py:93} INFO - 26/03/15 02:41:21 INFO FileSourceScanExec: Planning scan with bin packing, max size: 4194304 bytes, open cost is considered as scanning 4194304 bytes.
[2026-03-15T02:41:21.958+0000] {subprocess.py:93} INFO - 26/03/15 02:41:21 INFO SparkContext: Starting job: runJob at PythonRDD.scala:181
[2026-03-15T02:41:21.959+0000] {subprocess.py:93} INFO - 26/03/15 02:41:21 INFO DAGScheduler: Got job 1 (runJob at PythonRDD.scala:181) with 1 output partitions
[2026-03-15T02:41:21.960+0000] {subprocess.py:93} INFO - 26/03/15 02:41:21 INFO DAGScheduler: Final stage: ResultStage 1 (runJob at PythonRDD.scala:181)
[2026-03-15T02:41:21.961+0000] {subprocess.py:93} INFO - 26/03/15 02:41:21 INFO DAGScheduler: Parents of final stage: List()
[2026-03-15T02:41:21.962+0000] {subprocess.py:93} INFO - 26/03/15 02:41:21 INFO DAGScheduler: Missing parents: List()
[2026-03-15T02:41:21.962+0000] {subprocess.py:93} INFO - 26/03/15 02:41:21 INFO DAGScheduler: Submitting ResultStage 1 (PythonRDD[7] at RDD at PythonRDD.scala:53), which has no missing parents
[2026-03-15T02:41:21.997+0000] {subprocess.py:93} INFO - 26/03/15 02:41:21 INFO MemoryStore: Block broadcast_2 stored as values in memory (estimated size 18.8 KiB, free 434.1 MiB)
[2026-03-15T02:41:22.004+0000] {subprocess.py:93} INFO - 26/03/15 02:41:22 INFO MemoryStore: Block broadcast_2_piece0 stored as bytes in memory (estimated size 9.1 KiB, free 434.1 MiB)
[2026-03-15T02:41:22.006+0000] {subprocess.py:93} INFO - 26/03/15 02:41:22 INFO BlockManagerInfo: Added broadcast_2_piece0 in memory on 7ae72f5da3a1:39149 (size: 9.1 KiB, free: 434.4 MiB)
[2026-03-15T02:41:22.006+0000] {subprocess.py:93} INFO - 26/03/15 02:41:22 INFO SparkContext: Created broadcast 2 from broadcast at DAGScheduler.scala:1580
[2026-03-15T02:41:22.007+0000] {subprocess.py:93} INFO - 26/03/15 02:41:22 INFO DAGScheduler: Submitting 1 missing tasks from ResultStage 1 (PythonRDD[7] at RDD at PythonRDD.scala:53) (first 15 tasks are for partitions Vector(0))
[2026-03-15T02:41:22.008+0000] {subprocess.py:93} INFO - 26/03/15 02:41:22 INFO TaskSchedulerImpl: Adding task set 1.0 with 1 tasks resource profile 0
[2026-03-15T02:41:22.011+0000] {subprocess.py:93} INFO - 26/03/15 02:41:22 INFO TaskSetManager: Starting task 0.0 in stage 1.0 (TID 1) (7ae72f5da3a1, executor driver, partition 0, PROCESS_LOCAL, 8345 bytes)
[2026-03-15T02:41:22.012+0000] {subprocess.py:93} INFO - 26/03/15 02:41:22 INFO Executor: Running task 0.0 in stage 1.0 (TID 1)
[2026-03-15T02:41:22.239+0000] {subprocess.py:93} INFO - 26/03/15 02:41:22 INFO CodeGenerator: Code generated in 140.818767 ms
[2026-03-15T02:41:22.684+0000] {subprocess.py:93} INFO - 26/03/15 02:41:22 INFO FileScanRDD: Reading File path: file:///opt/***/datalake/silver/breweries/2026-03-14/state_province=__HIVE_DEFAULT_PARTITION__/part-00000-3e35c462-642d-4a71-8faf-1f30b283503a.c000.snappy.parquet, range: 0-3275, partition values: [null]
[2026-03-15T02:41:23.164+0000] {subprocess.py:93} INFO - 26/03/15 02:41:23 INFO InternalParquetRecordReader: RecordReader initialized will read a total of 1 records.
[2026-03-15T02:41:23.175+0000] {subprocess.py:93} INFO - 26/03/15 02:41:23 INFO InternalParquetRecordReader: at row 0. reading next block
[2026-03-15T02:41:23.188+0000] {subprocess.py:93} INFO - 26/03/15 02:41:23 INFO CodecPool: Got brand-new decompressor [.snappy]
[2026-03-15T02:41:23.196+0000] {subprocess.py:93} INFO - 26/03/15 02:41:23 INFO InternalParquetRecordReader: block read in memory in 20 ms. row count = 1
[2026-03-15T02:41:23.313+0000] {subprocess.py:93} INFO - 26/03/15 02:41:23 INFO PythonRunner: Times: total = 1066, boot = 434, init = 631, finish = 1
[2026-03-15T02:41:23.323+0000] {subprocess.py:93} INFO - 26/03/15 02:41:23 INFO Executor: Finished task 0.0 in stage 1.0 (TID 1). 2394 bytes result sent to driver
[2026-03-15T02:41:23.326+0000] {subprocess.py:93} INFO - 26/03/15 02:41:23 INFO TaskSetManager: Finished task 0.0 in stage 1.0 (TID 1) in 1317 ms on 7ae72f5da3a1 (executor driver) (1/1)
[2026-03-15T02:41:23.326+0000] {subprocess.py:93} INFO - 26/03/15 02:41:23 INFO TaskSchedulerImpl: Removed TaskSet 1.0, whose tasks have all completed, from pool
[2026-03-15T02:41:23.327+0000] {subprocess.py:93} INFO - 26/03/15 02:41:23 INFO PythonAccumulatorV2: Connected to AccumulatorServer at host: 127.0.0.1 port: 53465
[2026-03-15T02:41:23.329+0000] {subprocess.py:93} INFO - 26/03/15 02:41:23 INFO DAGScheduler: ResultStage 1 (runJob at PythonRDD.scala:181) finished in 1.366 s
[2026-03-15T02:41:23.330+0000] {subprocess.py:93} INFO - 26/03/15 02:41:23 INFO DAGScheduler: Job 1 is finished. Cancelling potential speculative or zombie tasks for this job
[2026-03-15T02:41:23.330+0000] {subprocess.py:93} INFO - 26/03/15 02:41:23 INFO TaskSchedulerImpl: Killing all running tasks in stage 1: Stage finished
[2026-03-15T02:41:23.331+0000] {subprocess.py:93} INFO - 26/03/15 02:41:23 INFO DAGScheduler: Job 1 finished: runJob at PythonRDD.scala:181, took 1.371340 s
[2026-03-15T02:41:23.483+0000] {subprocess.py:93} INFO - 26/03/15 02:41:23 INFO DataSourceStrategy: Pruning directories with:
[2026-03-15T02:41:23.484+0000] {subprocess.py:93} INFO - 26/03/15 02:41:23 INFO FileSourceStrategy: Pushed Filters:
[2026-03-15T02:41:23.484+0000] {subprocess.py:93} INFO - 26/03/15 02:41:23 INFO FileSourceStrategy: Post-Scan Filters:
[2026-03-15T02:41:23.577+0000] {subprocess.py:93} INFO - 26/03/15 02:41:23 INFO HashAggregateExec: spark.sql.codegen.aggregate.map.twolevel.enabled is set to true, but current version of codegened fast hashmap does not support this aggregate.
[2026-03-15T02:41:23.632+0000] {subprocess.py:93} INFO - 26/03/15 02:41:23 INFO CodeGenerator: Code generated in 32.758213 ms
[2026-03-15T02:41:23.636+0000] {subprocess.py:93} INFO - 26/03/15 02:41:23 INFO MemoryStore: Block broadcast_3 stored as values in memory (estimated size 200.9 KiB, free 433.9 MiB)
[2026-03-15T02:41:23.646+0000] {subprocess.py:93} INFO - 26/03/15 02:41:23 INFO BlockManagerInfo: Removed broadcast_2_piece0 on 7ae72f5da3a1:39149 in memory (size: 9.1 KiB, free: 434.4 MiB)
[2026-03-15T02:41:23.649+0000] {subprocess.py:93} INFO - 26/03/15 02:41:23 INFO MemoryStore: Block broadcast_3_piece0 stored as bytes in memory (estimated size 34.9 KiB, free 433.9 MiB)
[2026-03-15T02:41:23.649+0000] {subprocess.py:93} INFO - 26/03/15 02:41:23 INFO BlockManagerInfo: Added broadcast_3_piece0 in memory on 7ae72f5da3a1:39149 (size: 34.9 KiB, free: 434.3 MiB)
[2026-03-15T02:41:23.650+0000] {subprocess.py:93} INFO - 26/03/15 02:41:23 INFO SparkContext: Created broadcast 3 from parquet at NativeMethodAccessorImpl.java:0
[2026-03-15T02:41:23.651+0000] {subprocess.py:93} INFO - 26/03/15 02:41:23 INFO FileSourceScanExec: Planning scan with bin packing, max size: 4194304 bytes, open cost is considered as scanning 4194304 bytes.
[2026-03-15T02:41:23.684+0000] {subprocess.py:93} INFO - 26/03/15 02:41:23 INFO DAGScheduler: Registering RDD 11 (parquet at NativeMethodAccessorImpl.java:0) as input to shuffle 0
[2026-03-15T02:41:23.693+0000] {subprocess.py:93} INFO - 26/03/15 02:41:23 INFO DAGScheduler: Got map stage job 2 (parquet at NativeMethodAccessorImpl.java:0) with 1 output partitions
[2026-03-15T02:41:23.697+0000] {subprocess.py:93} INFO - 26/03/15 02:41:23 INFO DAGScheduler: Final stage: ShuffleMapStage 2 (parquet at NativeMethodAccessorImpl.java:0)
[2026-03-15T02:41:23.698+0000] {subprocess.py:93} INFO - 26/03/15 02:41:23 INFO DAGScheduler: Parents of final stage: List()
[2026-03-15T02:41:23.699+0000] {subprocess.py:93} INFO - 26/03/15 02:41:23 INFO DAGScheduler: Missing parents: List()
[2026-03-15T02:41:23.700+0000] {subprocess.py:93} INFO - 26/03/15 02:41:23 INFO DAGScheduler: Submitting ShuffleMapStage 2 (MapPartitionsRDD[11] at parquet at NativeMethodAccessorImpl.java:0), which has no missing parents
[2026-03-15T02:41:23.709+0000] {subprocess.py:93} INFO - 26/03/15 02:41:23 INFO MemoryStore: Block broadcast_4 stored as values in memory (estimated size 33.3 KiB, free 433.9 MiB)
[2026-03-15T02:41:23.714+0000] {subprocess.py:93} INFO - 26/03/15 02:41:23 INFO MemoryStore: Block broadcast_4_piece0 stored as bytes in memory (estimated size 15.4 KiB, free 433.9 MiB)
[2026-03-15T02:41:23.721+0000] {subprocess.py:93} INFO - 26/03/15 02:41:23 INFO BlockManagerInfo: Added broadcast_4_piece0 in memory on 7ae72f5da3a1:39149 (size: 15.4 KiB, free: 434.3 MiB)
[2026-03-15T02:41:23.722+0000] {subprocess.py:93} INFO - 26/03/15 02:41:23 INFO SparkContext: Created broadcast 4 from broadcast at DAGScheduler.scala:1580
[2026-03-15T02:41:23.723+0000] {subprocess.py:93} INFO - 26/03/15 02:41:23 INFO DAGScheduler: Submitting 1 missing tasks from ShuffleMapStage 2 (MapPartitionsRDD[11] at parquet at NativeMethodAccessorImpl.java:0) (first 15 tasks are for partitions Vector(0))
[2026-03-15T02:41:23.723+0000] {subprocess.py:93} INFO - 26/03/15 02:41:23 INFO TaskSchedulerImpl: Adding task set 2.0 with 1 tasks resource profile 0
[2026-03-15T02:41:23.724+0000] {subprocess.py:93} INFO - 26/03/15 02:41:23 INFO TaskSetManager: Starting task 0.0 in stage 2.0 (TID 2) (7ae72f5da3a1, executor driver, partition 0, PROCESS_LOCAL, 8334 bytes)
[2026-03-15T02:41:23.725+0000] {subprocess.py:93} INFO - 26/03/15 02:41:23 INFO Executor: Running task 0.0 in stage 2.0 (TID 2)
[2026-03-15T02:41:23.751+0000] {subprocess.py:93} INFO - 26/03/15 02:41:23 INFO CodeGenerator: Code generated in 6.460235 ms
[2026-03-15T02:41:23.763+0000] {subprocess.py:93} INFO - 26/03/15 02:41:23 INFO CodeGenerator: Code generated in 10.836798 ms
[2026-03-15T02:41:23.775+0000] {subprocess.py:93} INFO - 26/03/15 02:41:23 INFO CodeGenerator: Code generated in 6.748159 ms
[2026-03-15T02:41:23.787+0000] {subprocess.py:93} INFO - 26/03/15 02:41:23 INFO CodeGenerator: Code generated in 3.880011 ms
[2026-03-15T02:41:23.794+0000] {subprocess.py:93} INFO - 26/03/15 02:41:23 INFO CodeGenerator: Code generated in 4.433903 ms
[2026-03-15T02:41:23.805+0000] {subprocess.py:93} INFO - 26/03/15 02:41:23 INFO CodeGenerator: Code generated in 5.310852 ms
[2026-03-15T02:41:23.806+0000] {subprocess.py:93} INFO - 26/03/15 02:41:23 INFO FileScanRDD: Reading File path: file:///opt/***/datalake/silver/breweries/2026-03-14/state_province=__HIVE_DEFAULT_PARTITION__/part-00000-3e35c462-642d-4a71-8faf-1f30b283503a.c000.snappy.parquet, range: 0-3275, partition values: [null]
[2026-03-15T02:41:24.312+0000] {subprocess.py:93} INFO - 26/03/15 02:41:24 INFO InternalParquetRecordReader: RecordReader initialized will read a total of 1 records.
[2026-03-15T02:41:24.314+0000] {subprocess.py:93} INFO - 26/03/15 02:41:24 INFO InternalParquetRecordReader: at row 0. reading next block
[2026-03-15T02:41:24.315+0000] {subprocess.py:93} INFO - 26/03/15 02:41:24 INFO InternalParquetRecordReader: block read in memory in 1 ms. row count = 1
[2026-03-15T02:41:24.409+0000] {subprocess.py:93} INFO - 26/03/15 02:41:24 INFO Executor: Finished task 0.0 in stage 2.0 (TID 2). 2983 bytes result sent to driver
[2026-03-15T02:41:24.414+0000] {subprocess.py:93} INFO - 26/03/15 02:41:24 INFO TaskSetManager: Finished task 0.0 in stage 2.0 (TID 2) in 694 ms on 7ae72f5da3a1 (executor driver) (1/1)
[2026-03-15T02:41:24.414+0000] {subprocess.py:93} INFO - 26/03/15 02:41:24 INFO TaskSchedulerImpl: Removed TaskSet 2.0, whose tasks have all completed, from pool
[2026-03-15T02:41:24.417+0000] {subprocess.py:93} INFO - 26/03/15 02:41:24 INFO DAGScheduler: ShuffleMapStage 2 (parquet at NativeMethodAccessorImpl.java:0) finished in 0.720 s
[2026-03-15T02:41:24.418+0000] {subprocess.py:93} INFO - 26/03/15 02:41:24 INFO DAGScheduler: looking for newly runnable stages
[2026-03-15T02:41:24.418+0000] {subprocess.py:93} INFO - 26/03/15 02:41:24 INFO DAGScheduler: running: Set()
[2026-03-15T02:41:24.419+0000] {subprocess.py:93} INFO - 26/03/15 02:41:24 INFO DAGScheduler: waiting: Set()
[2026-03-15T02:41:24.420+0000] {subprocess.py:93} INFO - 26/03/15 02:41:24 INFO DAGScheduler: failed: Set()
[2026-03-15T02:41:24.442+0000] {subprocess.py:93} INFO - 26/03/15 02:41:24 INFO ShufflePartitionsUtil: For shuffle(0), advisory target size: 67108864, actual target size 1048576, minimum partition size: 1048576
[2026-03-15T02:41:24.627+0000] {subprocess.py:93} INFO - Erro ao processar a camada Silver para Gold para a data 2026-03-14: [UNSUPPORTED_DATA_TYPE_FOR_DATASOURCE] The Parquet datasource doesn't support the column `state_province` of the type "VOID".
[2026-03-15T02:41:24.631+0000] {subprocess.py:93} INFO - Traceback (most recent call last):
[2026-03-15T02:41:24.634+0000] {subprocess.py:93} INFO -   File "/opt/***/scripts/aggregate_gold.py", line 60, in <module>
[2026-03-15T02:41:24.642+0000] {subprocess.py:93} INFO -     aggregate_to_gold(spark, args.execution_date)
[2026-03-15T02:41:24.643+0000] {subprocess.py:93} INFO -   File "/opt/***/scripts/aggregate_gold.py", line 40, in aggregate_to_gold
[2026-03-15T02:41:24.646+0000] {subprocess.py:93} INFO -     df_gold.write \
[2026-03-15T02:41:24.647+0000] {subprocess.py:93} INFO -   File "/home/***/.local/lib/python3.8/site-packages/pyspark/python/lib/pyspark.zip/pyspark/sql/readwriter.py", line 1721, in parquet
[2026-03-15T02:41:24.648+0000] {subprocess.py:93} INFO -   File "/home/***/.local/lib/python3.8/site-packages/pyspark/python/lib/py4j-0.10.9.7-src.zip/py4j/java_gateway.py", line 1322, in __call__
[2026-03-15T02:41:24.649+0000] {subprocess.py:93} INFO -   File "/home/***/.local/lib/python3.8/site-packages/pyspark/python/lib/pyspark.zip/pyspark/errors/exceptions/captured.py", line 185, in deco
[2026-03-15T02:41:24.656+0000] {subprocess.py:93} INFO - pyspark.errors.exceptions.captured.AnalysisException: [UNSUPPORTED_DATA_TYPE_FOR_DATASOURCE] The Parquet datasource doesn't support the column `state_province` of the type "VOID".
[2026-03-15T02:41:24.707+0000] {subprocess.py:93} INFO - 26/03/15 02:41:24 INFO SparkContext: Invoking stop() from shutdown hook
[2026-03-15T02:41:24.708+0000] {subprocess.py:93} INFO - 26/03/15 02:41:24 INFO SparkContext: SparkContext is stopping with exitCode 0.
[2026-03-15T02:41:24.720+0000] {subprocess.py:93} INFO - 26/03/15 02:41:24 INFO SparkUI: Stopped Spark web UI at http://7ae72f5da3a1:4040
[2026-03-15T02:41:24.730+0000] {subprocess.py:93} INFO - 26/03/15 02:41:24 INFO MapOutputTrackerMasterEndpoint: MapOutputTrackerMasterEndpoint stopped!
[2026-03-15T02:41:24.758+0000] {subprocess.py:93} INFO - 26/03/15 02:41:24 INFO MemoryStore: MemoryStore cleared
[2026-03-15T02:41:24.759+0000] {subprocess.py:93} INFO - 26/03/15 02:41:24 INFO BlockManager: BlockManager stopped
[2026-03-15T02:41:24.762+0000] {subprocess.py:93} INFO - 26/03/15 02:41:24 INFO BlockManagerMaster: BlockManagerMaster stopped
[2026-03-15T02:41:24.766+0000] {subprocess.py:93} INFO - 26/03/15 02:41:24 INFO OutputCommitCoordinator$OutputCommitCoordinatorEndpoint: OutputCommitCoordinator stopped!
[2026-03-15T02:41:24.782+0000] {subprocess.py:93} INFO - 26/03/15 02:41:24 INFO SparkContext: Successfully stopped SparkContext
[2026-03-15T02:41:24.783+0000] {subprocess.py:93} INFO - 26/03/15 02:41:24 INFO ShutdownHookManager: Shutdown hook called
[2026-03-15T02:41:24.787+0000] {subprocess.py:93} INFO - 26/03/15 02:41:24 INFO ShutdownHookManager: Deleting directory /tmp/spark-415e7983-3e87-46bd-a57e-014bc693a035/pyspark-4f688a02-2061-41e5-8778-a4f4286c66f0
[2026-03-15T02:41:24.789+0000] {subprocess.py:93} INFO - 26/03/15 02:41:24 INFO ShutdownHookManager: Deleting directory /tmp/spark-9caf69a4-ddbe-410a-ad8b-0d4e88a49fdd
[2026-03-15T02:41:24.801+0000] {subprocess.py:93} INFO - 26/03/15 02:41:24 INFO ShutdownHookManager: Deleting directory /tmp/spark-415e7983-3e87-46bd-a57e-014bc693a035
[2026-03-15T02:41:24.844+0000] {subprocess.py:93} INFO - --- Script PySpark /opt/***/scripts/aggregate_gold.py falhou. ---
[2026-03-15T02:41:24.845+0000] {subprocess.py:97} INFO - Command exited with return code 1
[2026-03-15T02:41:24.855+0000] {taskinstance.py:2698} ERROR - Task failed with exception
Traceback (most recent call last):
  File "/home/airflow/.local/lib/python3.8/site-packages/airflow/models/taskinstance.py", line 433, in _execute_task
    result = execute_callable(context=context, **execute_callable_kwargs)
  File "/home/airflow/.local/lib/python3.8/site-packages/airflow/operators/bash.py", line 212, in execute
    raise AirflowException(
airflow.exceptions.AirflowException: Bash command failed. The command returned a non-zero exit code 1.
[2026-03-15T02:41:24.858+0000] {taskinstance.py:1138} INFO - Marking task as FAILED. dag_id=brewery_data_pipeline, task_id=aggregate_gold_layer, execution_date=20260314T000000, start_date=20260315T024115, end_date=20260315T024124
[2026-03-15T02:41:24.872+0000] {standard_task_runner.py:107} ERROR - Failed to execute job 6 for task aggregate_gold_layer (Bash command failed. The command returned a non-zero exit code 1.; 2511)
[2026-03-15T02:41:24.906+0000] {local_task_job_runner.py:234} INFO - Task exited with return code 1
[2026-03-15T02:41:24.920+0000] {taskinstance.py:3280} INFO - 0 downstream tasks scheduled from follow-on schedule check
