[2026-03-15T02:51:24.262+0000] {taskinstance.py:1956} INFO - Dependencies all met for dep_context=non-requeueable deps ti=<TaskInstance: brewery_data_pipeline.aggregate_gold_layer scheduled__2026-03-14T00:00:00+00:00 [queued]>
[2026-03-15T02:51:24.273+0000] {taskinstance.py:1956} INFO - Dependencies all met for dep_context=requeueable deps ti=<TaskInstance: brewery_data_pipeline.aggregate_gold_layer scheduled__2026-03-14T00:00:00+00:00 [queued]>
[2026-03-15T02:51:24.274+0000] {taskinstance.py:2170} INFO - Starting attempt 3 of 4
[2026-03-15T02:51:24.289+0000] {taskinstance.py:2191} INFO - Executing <Task(BashOperator): aggregate_gold_layer> on 2026-03-14 00:00:00+00:00
[2026-03-15T02:51:24.295+0000] {standard_task_runner.py:60} INFO - Started process 3222 to run task
[2026-03-15T02:51:24.304+0000] {standard_task_runner.py:87} INFO - Running: ['***', 'tasks', 'run', 'brewery_data_pipeline', 'aggregate_gold_layer', 'scheduled__2026-03-14T00:00:00+00:00', '--job-id', '7', '--raw', '--subdir', 'DAGS_FOLDER/brewery_pipeline.py', '--cfg-path', '/tmp/tmp3chyyng6']
[2026-03-15T02:51:24.307+0000] {standard_task_runner.py:88} INFO - Job 7: Subtask aggregate_gold_layer
[2026-03-15T02:51:24.336+0000] {logging_mixin.py:188} WARNING - /home/***/.local/lib/python3.8/site-packages/***/settings.py:194 DeprecationWarning: The sql_alchemy_conn option in [core] has been moved to the sql_alchemy_conn option in [database] - the old setting has been used, but please update your config.
[2026-03-15T02:51:24.394+0000] {task_command.py:423} INFO - Running <TaskInstance: brewery_data_pipeline.aggregate_gold_layer scheduled__2026-03-14T00:00:00+00:00 [running]> on host 7ae72f5da3a1
[2026-03-15T02:51:24.476+0000] {taskinstance.py:2480} INFO - Exporting env vars: AIRFLOW_CTX_DAG_OWNER='***' AIRFLOW_CTX_DAG_ID='brewery_data_pipeline' AIRFLOW_CTX_TASK_ID='aggregate_gold_layer' AIRFLOW_CTX_EXECUTION_DATE='2026-03-14T00:00:00+00:00' AIRFLOW_CTX_TRY_NUMBER='3' AIRFLOW_CTX_DAG_RUN_ID='scheduled__2026-03-14T00:00:00+00:00'
[2026-03-15T02:51:24.480+0000] {subprocess.py:63} INFO - Tmp dir root location: /tmp
[2026-03-15T02:51:24.483+0000] {subprocess.py:75} INFO - Running command: ['/usr/bin/bash', '-c', 'bash /opt/***/scripts/run_pyspark.sh /opt/***/scripts/aggregate_gold.py 2026-03-14']
[2026-03-15T02:51:24.496+0000] {subprocess.py:86} INFO - Output:
[2026-03-15T02:51:24.510+0000] {subprocess.py:93} INFO - --- Iniciando script PySpark: /opt/***/scripts/aggregate_gold.py para a data: 2026-03-14 ---
[2026-03-15T02:51:24.564+0000] {subprocess.py:93} INFO - /home/***/.local/lib/python3.8/site-packages/pyspark/bin/load-spark-env.sh: line 68: ps: command not found
[2026-03-15T02:51:26.816+0000] {subprocess.py:93} INFO - Limpeza Gold: Diretório /opt/***/datalake/gold/brewery_summary/2026-03-14 não existe ou não é um diretório. Nenhuma limpeza necessária.
[2026-03-15T02:51:26.927+0000] {subprocess.py:93} INFO - 26/03/15 02:51:26 INFO SparkContext: Running Spark version 3.5.0
[2026-03-15T02:51:26.930+0000] {subprocess.py:93} INFO - 26/03/15 02:51:26 INFO SparkContext: OS info Linux, 6.6.87.2-microsoft-standard-WSL2, amd64
[2026-03-15T02:51:26.932+0000] {subprocess.py:93} INFO - 26/03/15 02:51:26 INFO SparkContext: Java version 17.0.18
[2026-03-15T02:51:27.053+0000] {subprocess.py:93} INFO - 26/03/15 02:51:27 WARN NativeCodeLoader: Unable to load native-hadoop library for your platform... using builtin-java classes where applicable
[2026-03-15T02:51:27.204+0000] {subprocess.py:93} INFO - 26/03/15 02:51:27 INFO ResourceUtils: ==============================================================
[2026-03-15T02:51:27.205+0000] {subprocess.py:93} INFO - 26/03/15 02:51:27 INFO ResourceUtils: No custom resources configured for spark.driver.
[2026-03-15T02:51:27.205+0000] {subprocess.py:93} INFO - 26/03/15 02:51:27 INFO ResourceUtils: ==============================================================
[2026-03-15T02:51:27.206+0000] {subprocess.py:93} INFO - 26/03/15 02:51:27 INFO SparkContext: Submitted application: BreweryGoldLayer
[2026-03-15T02:51:27.235+0000] {subprocess.py:93} INFO - 26/03/15 02:51:27 INFO ResourceProfile: Default ResourceProfile created, executor resources: Map(cores -> name: cores, amount: 1, script: , vendor: , memory -> name: memory, amount: 1024, script: , vendor: , offHeap -> name: offHeap, amount: 0, script: , vendor: ), task resources: Map(cpus -> name: cpus, amount: 1.0)
[2026-03-15T02:51:27.242+0000] {subprocess.py:93} INFO - 26/03/15 02:51:27 INFO ResourceProfile: Limiting resource is cpu
[2026-03-15T02:51:27.243+0000] {subprocess.py:93} INFO - 26/03/15 02:51:27 INFO ResourceProfileManager: Added ResourceProfile id: 0
[2026-03-15T02:51:27.295+0000] {subprocess.py:93} INFO - 26/03/15 02:51:27 INFO SecurityManager: Changing view acls to: ***
[2026-03-15T02:51:27.296+0000] {subprocess.py:93} INFO - 26/03/15 02:51:27 INFO SecurityManager: Changing modify acls to: ***
[2026-03-15T02:51:27.297+0000] {subprocess.py:93} INFO - 26/03/15 02:51:27 INFO SecurityManager: Changing view acls groups to:
[2026-03-15T02:51:27.298+0000] {subprocess.py:93} INFO - 26/03/15 02:51:27 INFO SecurityManager: Changing modify acls groups to:
[2026-03-15T02:51:27.299+0000] {subprocess.py:93} INFO - 26/03/15 02:51:27 INFO SecurityManager: SecurityManager: authentication disabled; ui acls disabled; users with view permissions: ***; groups with view permissions: EMPTY; users with modify permissions: ***; groups with modify permissions: EMPTY
[2026-03-15T02:51:27.478+0000] {subprocess.py:93} INFO - 26/03/15 02:51:27 INFO Utils: Successfully started service 'sparkDriver' on port 41273.
[2026-03-15T02:51:27.501+0000] {subprocess.py:93} INFO - 26/03/15 02:51:27 INFO SparkEnv: Registering MapOutputTracker
[2026-03-15T02:51:27.529+0000] {subprocess.py:93} INFO - 26/03/15 02:51:27 INFO SparkEnv: Registering BlockManagerMaster
[2026-03-15T02:51:27.540+0000] {subprocess.py:93} INFO - 26/03/15 02:51:27 INFO BlockManagerMasterEndpoint: Using org.apache.spark.storage.DefaultTopologyMapper for getting topology information
[2026-03-15T02:51:27.541+0000] {subprocess.py:93} INFO - 26/03/15 02:51:27 INFO BlockManagerMasterEndpoint: BlockManagerMasterEndpoint up
[2026-03-15T02:51:27.545+0000] {subprocess.py:93} INFO - 26/03/15 02:51:27 INFO SparkEnv: Registering BlockManagerMasterHeartbeat
[2026-03-15T02:51:27.561+0000] {subprocess.py:93} INFO - 26/03/15 02:51:27 INFO DiskBlockManager: Created local directory at /tmp/blockmgr-3d84a873-8003-4b26-aa44-dc24544988fc
[2026-03-15T02:51:27.573+0000] {subprocess.py:93} INFO - 26/03/15 02:51:27 INFO MemoryStore: MemoryStore started with capacity 434.4 MiB
[2026-03-15T02:51:27.586+0000] {subprocess.py:93} INFO - 26/03/15 02:51:27 INFO SparkEnv: Registering OutputCommitCoordinator
[2026-03-15T02:51:27.685+0000] {subprocess.py:93} INFO - 26/03/15 02:51:27 INFO JettyUtils: Start Jetty 0.0.0.0:4040 for SparkUI
[2026-03-15T02:51:27.737+0000] {subprocess.py:93} INFO - 26/03/15 02:51:27 INFO Utils: Successfully started service 'SparkUI' on port 4040.
[2026-03-15T02:51:27.816+0000] {subprocess.py:93} INFO - 26/03/15 02:51:27 INFO Executor: Starting executor ID driver on host 7ae72f5da3a1
[2026-03-15T02:51:27.816+0000] {subprocess.py:93} INFO - 26/03/15 02:51:27 INFO Executor: OS info Linux, 6.6.87.2-microsoft-standard-WSL2, amd64
[2026-03-15T02:51:27.817+0000] {subprocess.py:93} INFO - 26/03/15 02:51:27 INFO Executor: Java version 17.0.18
[2026-03-15T02:51:27.825+0000] {subprocess.py:93} INFO - 26/03/15 02:51:27 INFO Executor: Starting executor with user classpath (userClassPathFirst = false): ''
[2026-03-15T02:51:27.826+0000] {subprocess.py:93} INFO - 26/03/15 02:51:27 INFO Executor: Created or updated repl class loader org.apache.spark.util.MutableURLClassLoader@1ead0885 for default.
[2026-03-15T02:51:27.846+0000] {subprocess.py:93} INFO - 26/03/15 02:51:27 INFO Utils: Successfully started service 'org.apache.spark.network.netty.NettyBlockTransferService' on port 40867.
[2026-03-15T02:51:27.847+0000] {subprocess.py:93} INFO - 26/03/15 02:51:27 INFO NettyBlockTransferService: Server created on 7ae72f5da3a1:40867
[2026-03-15T02:51:27.849+0000] {subprocess.py:93} INFO - 26/03/15 02:51:27 INFO BlockManager: Using org.apache.spark.storage.RandomBlockReplicationPolicy for block replication policy
[2026-03-15T02:51:27.853+0000] {subprocess.py:93} INFO - 26/03/15 02:51:27 INFO BlockManagerMaster: Registering BlockManager BlockManagerId(driver, 7ae72f5da3a1, 40867, None)
[2026-03-15T02:51:27.856+0000] {subprocess.py:93} INFO - 26/03/15 02:51:27 INFO BlockManagerMasterEndpoint: Registering block manager 7ae72f5da3a1:40867 with 434.4 MiB RAM, BlockManagerId(driver, 7ae72f5da3a1, 40867, None)
[2026-03-15T02:51:27.858+0000] {subprocess.py:93} INFO - 26/03/15 02:51:27 INFO BlockManagerMaster: Registered BlockManager BlockManagerId(driver, 7ae72f5da3a1, 40867, None)
[2026-03-15T02:51:27.860+0000] {subprocess.py:93} INFO - 26/03/15 02:51:27 INFO BlockManager: Initialized BlockManager: BlockManagerId(driver, 7ae72f5da3a1, 40867, None)
[2026-03-15T02:51:28.150+0000] {subprocess.py:93} INFO - Gold: Lendo dados da Silver em: /opt/***/datalake/silver/breweries/2026-03-14
[2026-03-15T02:51:28.219+0000] {subprocess.py:93} INFO - 26/03/15 02:51:28 INFO SharedState: Setting hive.metastore.warehouse.dir ('null') to the value of spark.sql.warehouse.dir.
[2026-03-15T02:51:28.228+0000] {subprocess.py:93} INFO - 26/03/15 02:51:28 INFO SharedState: Warehouse path is 'file:/tmp/***tmpa8hydspc/spark-warehouse'.
[2026-03-15T02:51:29.145+0000] {subprocess.py:93} INFO - Gold: Erro ao processar a camada Silver para Gold para a data 2026-03-14: [PATH_NOT_FOUND] Path does not exist: file:/opt/***/datalake/silver/breweries/2026-03-14.
[2026-03-15T02:51:29.146+0000] {subprocess.py:93} INFO - Traceback (most recent call last):
[2026-03-15T02:51:29.146+0000] {subprocess.py:93} INFO -   File "/opt/***/scripts/aggregate_gold.py", line 93, in <module>
[2026-03-15T02:51:29.149+0000] {subprocess.py:93} INFO -     aggregate_to_gold(spark, args.execution_date)
[2026-03-15T02:51:29.150+0000] {subprocess.py:93} INFO -   File "/opt/***/scripts/aggregate_gold.py", line 50, in aggregate_to_gold
[2026-03-15T02:51:29.153+0000] {subprocess.py:93} INFO -     df_silver = spark.read.parquet(silver_input_path)
[2026-03-15T02:51:29.154+0000] {subprocess.py:93} INFO -   File "/home/***/.local/lib/python3.8/site-packages/pyspark/python/lib/pyspark.zip/pyspark/sql/readwriter.py", line 544, in parquet
[2026-03-15T02:51:29.154+0000] {subprocess.py:93} INFO -   File "/home/***/.local/lib/python3.8/site-packages/pyspark/python/lib/py4j-0.10.9.7-src.zip/py4j/java_gateway.py", line 1322, in __call__
[2026-03-15T02:51:29.155+0000] {subprocess.py:93} INFO -   File "/home/***/.local/lib/python3.8/site-packages/pyspark/python/lib/pyspark.zip/pyspark/errors/exceptions/captured.py", line 185, in deco
[2026-03-15T02:51:29.158+0000] {subprocess.py:93} INFO - pyspark.errors.exceptions.captured.AnalysisException: [PATH_NOT_FOUND] Path does not exist: file:/opt/***/datalake/silver/breweries/2026-03-14.
[2026-03-15T02:51:29.204+0000] {subprocess.py:93} INFO - 26/03/15 02:51:29 INFO SparkContext: Invoking stop() from shutdown hook
[2026-03-15T02:51:29.205+0000] {subprocess.py:93} INFO - 26/03/15 02:51:29 INFO SparkContext: SparkContext is stopping with exitCode 0.
[2026-03-15T02:51:29.216+0000] {subprocess.py:93} INFO - 26/03/15 02:51:29 INFO SparkUI: Stopped Spark web UI at http://7ae72f5da3a1:4040
[2026-03-15T02:51:29.227+0000] {subprocess.py:93} INFO - 26/03/15 02:51:29 INFO MapOutputTrackerMasterEndpoint: MapOutputTrackerMasterEndpoint stopped!
[2026-03-15T02:51:29.253+0000] {subprocess.py:93} INFO - 26/03/15 02:51:29 INFO MemoryStore: MemoryStore cleared
[2026-03-15T02:51:29.255+0000] {subprocess.py:93} INFO - 26/03/15 02:51:29 INFO BlockManager: BlockManager stopped
[2026-03-15T02:51:29.258+0000] {subprocess.py:93} INFO - 26/03/15 02:51:29 INFO BlockManagerMaster: BlockManagerMaster stopped
[2026-03-15T02:51:29.261+0000] {subprocess.py:93} INFO - 26/03/15 02:51:29 INFO OutputCommitCoordinator$OutputCommitCoordinatorEndpoint: OutputCommitCoordinator stopped!
[2026-03-15T02:51:29.277+0000] {subprocess.py:93} INFO - 26/03/15 02:51:29 INFO SparkContext: Successfully stopped SparkContext
[2026-03-15T02:51:29.277+0000] {subprocess.py:93} INFO - 26/03/15 02:51:29 INFO ShutdownHookManager: Shutdown hook called
[2026-03-15T02:51:29.278+0000] {subprocess.py:93} INFO - 26/03/15 02:51:29 INFO ShutdownHookManager: Deleting directory /tmp/spark-93a73d7c-d0c0-42ec-af3f-2bf0bd83243b
[2026-03-15T02:51:29.290+0000] {subprocess.py:93} INFO - 26/03/15 02:51:29 INFO ShutdownHookManager: Deleting directory /tmp/spark-6c1d401c-8fa8-4568-9a60-ec65dd1d822a
[2026-03-15T02:51:29.300+0000] {subprocess.py:93} INFO - 26/03/15 02:51:29 INFO ShutdownHookManager: Deleting directory /tmp/spark-6c1d401c-8fa8-4568-9a60-ec65dd1d822a/pyspark-d6959e2f-9d8e-4065-89fb-a34a45954b9c
[2026-03-15T02:51:29.336+0000] {subprocess.py:93} INFO - --- Script PySpark /opt/***/scripts/aggregate_gold.py falhou. ---
[2026-03-15T02:51:29.337+0000] {subprocess.py:97} INFO - Command exited with return code 1
[2026-03-15T02:51:29.347+0000] {taskinstance.py:2698} ERROR - Task failed with exception
Traceback (most recent call last):
  File "/home/airflow/.local/lib/python3.8/site-packages/airflow/models/taskinstance.py", line 433, in _execute_task
    result = execute_callable(context=context, **execute_callable_kwargs)
  File "/home/airflow/.local/lib/python3.8/site-packages/airflow/operators/bash.py", line 212, in execute
    raise AirflowException(
airflow.exceptions.AirflowException: Bash command failed. The command returned a non-zero exit code 1.
[2026-03-15T02:51:29.351+0000] {taskinstance.py:1138} INFO - Marking task as UP_FOR_RETRY. dag_id=brewery_data_pipeline, task_id=aggregate_gold_layer, execution_date=20260314T000000, start_date=20260315T025124, end_date=20260315T025129
[2026-03-15T02:51:29.369+0000] {standard_task_runner.py:107} ERROR - Failed to execute job 7 for task aggregate_gold_layer (Bash command failed. The command returned a non-zero exit code 1.; 3222)
[2026-03-15T02:51:29.379+0000] {local_task_job_runner.py:234} INFO - Task exited with return code 1
[2026-03-15T02:51:29.393+0000] {taskinstance.py:3280} INFO - 0 downstream tasks scheduled from follow-on schedule check
