[2026-03-15T02:36:06.344+0000] {taskinstance.py:1956} INFO - Dependencies all met for dep_context=non-requeueable deps ti=<TaskInstance: brewery_data_pipeline.aggregate_gold_layer scheduled__2026-03-14T00:00:00+00:00 [queued]>
[2026-03-15T02:36:06.352+0000] {taskinstance.py:1956} INFO - Dependencies all met for dep_context=requeueable deps ti=<TaskInstance: brewery_data_pipeline.aggregate_gold_layer scheduled__2026-03-14T00:00:00+00:00 [queued]>
[2026-03-15T02:36:06.353+0000] {taskinstance.py:2170} INFO - Starting attempt 1 of 2
[2026-03-15T02:36:06.365+0000] {taskinstance.py:2191} INFO - Executing <Task(BashOperator): aggregate_gold_layer> on 2026-03-14 00:00:00+00:00
[2026-03-15T02:36:06.372+0000] {standard_task_runner.py:60} INFO - Started process 2054 to run task
[2026-03-15T02:36:06.375+0000] {standard_task_runner.py:87} INFO - Running: ['***', 'tasks', 'run', 'brewery_data_pipeline', 'aggregate_gold_layer', 'scheduled__2026-03-14T00:00:00+00:00', '--job-id', '5', '--raw', '--subdir', 'DAGS_FOLDER/brewery_pipeline.py', '--cfg-path', '/tmp/tmpmjn9sbkr']
[2026-03-15T02:36:06.376+0000] {standard_task_runner.py:88} INFO - Job 5: Subtask aggregate_gold_layer
[2026-03-15T02:36:06.391+0000] {logging_mixin.py:188} WARNING - /home/***/.local/lib/python3.8/site-packages/***/settings.py:194 DeprecationWarning: The sql_alchemy_conn option in [core] has been moved to the sql_alchemy_conn option in [database] - the old setting has been used, but please update your config.
[2026-03-15T02:36:06.446+0000] {task_command.py:423} INFO - Running <TaskInstance: brewery_data_pipeline.aggregate_gold_layer scheduled__2026-03-14T00:00:00+00:00 [running]> on host 7ae72f5da3a1
[2026-03-15T02:36:06.509+0000] {taskinstance.py:2480} INFO - Exporting env vars: AIRFLOW_CTX_DAG_OWNER='***' AIRFLOW_CTX_DAG_ID='brewery_data_pipeline' AIRFLOW_CTX_TASK_ID='aggregate_gold_layer' AIRFLOW_CTX_EXECUTION_DATE='2026-03-14T00:00:00+00:00' AIRFLOW_CTX_TRY_NUMBER='1' AIRFLOW_CTX_DAG_RUN_ID='scheduled__2026-03-14T00:00:00+00:00'
[2026-03-15T02:36:06.512+0000] {subprocess.py:63} INFO - Tmp dir root location: /tmp
[2026-03-15T02:36:06.513+0000] {subprocess.py:75} INFO - Running command: ['/usr/bin/bash', '-c', 'bash /opt/***/scripts/run_pyspark.sh /opt/***/scripts/aggregate_gold.py 2026-03-14']
[2026-03-15T02:36:06.522+0000] {subprocess.py:86} INFO - Output:
[2026-03-15T02:36:06.528+0000] {subprocess.py:93} INFO - --- Iniciando script PySpark: /opt/***/scripts/aggregate_gold.py para a data: 2026-03-14 ---
[2026-03-15T02:36:06.557+0000] {subprocess.py:93} INFO - /home/***/.local/lib/python3.8/site-packages/pyspark/bin/load-spark-env.sh: line 68: ps: command not found
[2026-03-15T02:36:08.561+0000] {subprocess.py:93} INFO - 26/03/15 02:36:08 INFO SparkContext: Running Spark version 3.5.0
[2026-03-15T02:36:08.563+0000] {subprocess.py:93} INFO - 26/03/15 02:36:08 INFO SparkContext: OS info Linux, 6.6.87.2-microsoft-standard-WSL2, amd64
[2026-03-15T02:36:08.564+0000] {subprocess.py:93} INFO - 26/03/15 02:36:08 INFO SparkContext: Java version 17.0.18
[2026-03-15T02:36:08.611+0000] {subprocess.py:93} INFO - 26/03/15 02:36:08 WARN NativeCodeLoader: Unable to load native-hadoop library for your platform... using builtin-java classes where applicable
[2026-03-15T02:36:08.679+0000] {subprocess.py:93} INFO - 26/03/15 02:36:08 INFO ResourceUtils: ==============================================================
[2026-03-15T02:36:08.680+0000] {subprocess.py:93} INFO - 26/03/15 02:36:08 INFO ResourceUtils: No custom resources configured for spark.driver.
[2026-03-15T02:36:08.680+0000] {subprocess.py:93} INFO - 26/03/15 02:36:08 INFO ResourceUtils: ==============================================================
[2026-03-15T02:36:08.681+0000] {subprocess.py:93} INFO - 26/03/15 02:36:08 INFO SparkContext: Submitted application: BreweryGoldLayer
[2026-03-15T02:36:08.698+0000] {subprocess.py:93} INFO - 26/03/15 02:36:08 INFO ResourceProfile: Default ResourceProfile created, executor resources: Map(cores -> name: cores, amount: 1, script: , vendor: , memory -> name: memory, amount: 1024, script: , vendor: , offHeap -> name: offHeap, amount: 0, script: , vendor: ), task resources: Map(cpus -> name: cpus, amount: 1.0)
[2026-03-15T02:36:08.706+0000] {subprocess.py:93} INFO - 26/03/15 02:36:08 INFO ResourceProfile: Limiting resource is cpu
[2026-03-15T02:36:08.707+0000] {subprocess.py:93} INFO - 26/03/15 02:36:08 INFO ResourceProfileManager: Added ResourceProfile id: 0
[2026-03-15T02:36:08.774+0000] {subprocess.py:93} INFO - 26/03/15 02:36:08 INFO SecurityManager: Changing view acls to: ***
[2026-03-15T02:36:08.775+0000] {subprocess.py:93} INFO - 26/03/15 02:36:08 INFO SecurityManager: Changing modify acls to: ***
[2026-03-15T02:36:08.775+0000] {subprocess.py:93} INFO - 26/03/15 02:36:08 INFO SecurityManager: Changing view acls groups to:
[2026-03-15T02:36:08.776+0000] {subprocess.py:93} INFO - 26/03/15 02:36:08 INFO SecurityManager: Changing modify acls groups to:
[2026-03-15T02:36:08.776+0000] {subprocess.py:93} INFO - 26/03/15 02:36:08 INFO SecurityManager: SecurityManager: authentication disabled; ui acls disabled; users with view permissions: ***; groups with view permissions: EMPTY; users with modify permissions: ***; groups with modify permissions: EMPTY
[2026-03-15T02:36:08.953+0000] {subprocess.py:93} INFO - 26/03/15 02:36:08 INFO Utils: Successfully started service 'sparkDriver' on port 35833.
[2026-03-15T02:36:08.978+0000] {subprocess.py:93} INFO - 26/03/15 02:36:08 INFO SparkEnv: Registering MapOutputTracker
[2026-03-15T02:36:09.012+0000] {subprocess.py:93} INFO - 26/03/15 02:36:09 INFO SparkEnv: Registering BlockManagerMaster
[2026-03-15T02:36:09.034+0000] {subprocess.py:93} INFO - 26/03/15 02:36:09 INFO BlockManagerMasterEndpoint: Using org.apache.spark.storage.DefaultTopologyMapper for getting topology information
[2026-03-15T02:36:09.035+0000] {subprocess.py:93} INFO - 26/03/15 02:36:09 INFO BlockManagerMasterEndpoint: BlockManagerMasterEndpoint up
[2026-03-15T02:36:09.040+0000] {subprocess.py:93} INFO - 26/03/15 02:36:09 INFO SparkEnv: Registering BlockManagerMasterHeartbeat
[2026-03-15T02:36:09.066+0000] {subprocess.py:93} INFO - 26/03/15 02:36:09 INFO DiskBlockManager: Created local directory at /tmp/blockmgr-bc346747-882d-40fa-a0ae-4d4e9a5571a6
[2026-03-15T02:36:09.086+0000] {subprocess.py:93} INFO - 26/03/15 02:36:09 INFO MemoryStore: MemoryStore started with capacity 434.4 MiB
[2026-03-15T02:36:09.110+0000] {subprocess.py:93} INFO - 26/03/15 02:36:09 INFO SparkEnv: Registering OutputCommitCoordinator
[2026-03-15T02:36:09.247+0000] {subprocess.py:93} INFO - 26/03/15 02:36:09 INFO JettyUtils: Start Jetty 0.0.0.0:4040 for SparkUI
[2026-03-15T02:36:09.304+0000] {subprocess.py:93} INFO - 26/03/15 02:36:09 INFO Utils: Successfully started service 'SparkUI' on port 4040.
[2026-03-15T02:36:09.386+0000] {subprocess.py:93} INFO - 26/03/15 02:36:09 INFO Executor: Starting executor ID driver on host 7ae72f5da3a1
[2026-03-15T02:36:09.388+0000] {subprocess.py:93} INFO - 26/03/15 02:36:09 INFO Executor: OS info Linux, 6.6.87.2-microsoft-standard-WSL2, amd64
[2026-03-15T02:36:09.389+0000] {subprocess.py:93} INFO - 26/03/15 02:36:09 INFO Executor: Java version 17.0.18
[2026-03-15T02:36:09.394+0000] {subprocess.py:93} INFO - 26/03/15 02:36:09 INFO Executor: Starting executor with user classpath (userClassPathFirst = false): ''
[2026-03-15T02:36:09.395+0000] {subprocess.py:93} INFO - 26/03/15 02:36:09 INFO Executor: Created or updated repl class loader org.apache.spark.util.MutableURLClassLoader@76215476 for default.
[2026-03-15T02:36:09.414+0000] {subprocess.py:93} INFO - 26/03/15 02:36:09 INFO Utils: Successfully started service 'org.apache.spark.network.netty.NettyBlockTransferService' on port 38093.
[2026-03-15T02:36:09.414+0000] {subprocess.py:93} INFO - 26/03/15 02:36:09 INFO NettyBlockTransferService: Server created on 7ae72f5da3a1:38093
[2026-03-15T02:36:09.416+0000] {subprocess.py:93} INFO - 26/03/15 02:36:09 INFO BlockManager: Using org.apache.spark.storage.RandomBlockReplicationPolicy for block replication policy
[2026-03-15T02:36:09.422+0000] {subprocess.py:93} INFO - 26/03/15 02:36:09 INFO BlockManagerMaster: Registering BlockManager BlockManagerId(driver, 7ae72f5da3a1, 38093, None)
[2026-03-15T02:36:09.425+0000] {subprocess.py:93} INFO - 26/03/15 02:36:09 INFO BlockManagerMasterEndpoint: Registering block manager 7ae72f5da3a1:38093 with 434.4 MiB RAM, BlockManagerId(driver, 7ae72f5da3a1, 38093, None)
[2026-03-15T02:36:09.427+0000] {subprocess.py:93} INFO - 26/03/15 02:36:09 INFO BlockManagerMaster: Registered BlockManager BlockManagerId(driver, 7ae72f5da3a1, 38093, None)
[2026-03-15T02:36:09.428+0000] {subprocess.py:93} INFO - 26/03/15 02:36:09 INFO BlockManager: Initialized BlockManager: BlockManagerId(driver, 7ae72f5da3a1, 38093, None)
[2026-03-15T02:36:09.758+0000] {subprocess.py:93} INFO - Lendo dados da Silver em: /opt/***/datalake/silver/breweries/2026-03-14
[2026-03-15T02:36:09.759+0000] {subprocess.py:93} INFO - Escrevendo dados na Gold em: /opt/***/datalake/gold/brewery_summary/2026-03-14
[2026-03-15T02:36:09.803+0000] {subprocess.py:93} INFO - 26/03/15 02:36:09 INFO SharedState: Setting hive.metastore.warehouse.dir ('null') to the value of spark.sql.warehouse.dir.
[2026-03-15T02:36:09.809+0000] {subprocess.py:93} INFO - 26/03/15 02:36:09 INFO SharedState: Warehouse path is 'file:/tmp/***tmpbrokcoq1/spark-warehouse'.
[2026-03-15T02:36:10.608+0000] {subprocess.py:93} INFO - 26/03/15 02:36:10 INFO InMemoryFileIndex: It took 168 ms to list leaf files for 1 paths.
[2026-03-15T02:36:10.920+0000] {subprocess.py:93} INFO - 26/03/15 02:36:10 INFO SparkContext: Starting job: parquet at NativeMethodAccessorImpl.java:0
[2026-03-15T02:36:10.931+0000] {subprocess.py:93} INFO - 26/03/15 02:36:10 INFO DAGScheduler: Got job 0 (parquet at NativeMethodAccessorImpl.java:0) with 1 output partitions
[2026-03-15T02:36:10.932+0000] {subprocess.py:93} INFO - 26/03/15 02:36:10 INFO DAGScheduler: Final stage: ResultStage 0 (parquet at NativeMethodAccessorImpl.java:0)
[2026-03-15T02:36:10.934+0000] {subprocess.py:93} INFO - 26/03/15 02:36:10 INFO DAGScheduler: Parents of final stage: List()
[2026-03-15T02:36:10.935+0000] {subprocess.py:93} INFO - 26/03/15 02:36:10 INFO DAGScheduler: Missing parents: List()
[2026-03-15T02:36:10.936+0000] {subprocess.py:93} INFO - 26/03/15 02:36:10 INFO DAGScheduler: Submitting ResultStage 0 (MapPartitionsRDD[1] at parquet at NativeMethodAccessorImpl.java:0), which has no missing parents
[2026-03-15T02:36:10.983+0000] {subprocess.py:93} INFO - 26/03/15 02:36:10 INFO MemoryStore: Block broadcast_0 stored as values in memory (estimated size 103.1 KiB, free 434.3 MiB)
[2026-03-15T02:36:11.010+0000] {subprocess.py:93} INFO - 26/03/15 02:36:11 INFO MemoryStore: Block broadcast_0_piece0 stored as bytes in memory (estimated size 37.1 KiB, free 434.3 MiB)
[2026-03-15T02:36:11.013+0000] {subprocess.py:93} INFO - 26/03/15 02:36:11 INFO BlockManagerInfo: Added broadcast_0_piece0 in memory on 7ae72f5da3a1:38093 (size: 37.1 KiB, free: 434.4 MiB)
[2026-03-15T02:36:11.016+0000] {subprocess.py:93} INFO - 26/03/15 02:36:11 INFO SparkContext: Created broadcast 0 from broadcast at DAGScheduler.scala:1580
[2026-03-15T02:36:11.032+0000] {subprocess.py:93} INFO - 26/03/15 02:36:11 INFO DAGScheduler: Submitting 1 missing tasks from ResultStage 0 (MapPartitionsRDD[1] at parquet at NativeMethodAccessorImpl.java:0) (first 15 tasks are for partitions Vector(0))
[2026-03-15T02:36:11.033+0000] {subprocess.py:93} INFO - 26/03/15 02:36:11 INFO TaskSchedulerImpl: Adding task set 0.0 with 1 tasks resource profile 0
[2026-03-15T02:36:11.076+0000] {subprocess.py:93} INFO - 26/03/15 02:36:11 INFO TaskSetManager: Starting task 0.0 in stage 0.0 (TID 0) (7ae72f5da3a1, executor driver, partition 0, PROCESS_LOCAL, 7874 bytes)
[2026-03-15T02:36:11.089+0000] {subprocess.py:93} INFO - 26/03/15 02:36:11 INFO Executor: Running task 0.0 in stage 0.0 (TID 0)
[2026-03-15T02:36:11.552+0000] {subprocess.py:93} INFO - 26/03/15 02:36:11 INFO Executor: Finished task 0.0 in stage 0.0 (TID 0). 2301 bytes result sent to driver
[2026-03-15T02:36:11.559+0000] {subprocess.py:93} INFO - 26/03/15 02:36:11 INFO TaskSetManager: Finished task 0.0 in stage 0.0 (TID 0) in 499 ms on 7ae72f5da3a1 (executor driver) (1/1)
[2026-03-15T02:36:11.561+0000] {subprocess.py:93} INFO - 26/03/15 02:36:11 INFO TaskSchedulerImpl: Removed TaskSet 0.0, whose tasks have all completed, from pool
[2026-03-15T02:36:11.564+0000] {subprocess.py:93} INFO - 26/03/15 02:36:11 INFO DAGScheduler: ResultStage 0 (parquet at NativeMethodAccessorImpl.java:0) finished in 0.618 s
[2026-03-15T02:36:11.565+0000] {subprocess.py:93} INFO - 26/03/15 02:36:11 INFO DAGScheduler: Job 0 is finished. Cancelling potential speculative or zombie tasks for this job
[2026-03-15T02:36:11.566+0000] {subprocess.py:93} INFO - 26/03/15 02:36:11 INFO TaskSchedulerImpl: Killing all running tasks in stage 0: Stage finished
[2026-03-15T02:36:11.568+0000] {subprocess.py:93} INFO - 26/03/15 02:36:11 INFO DAGScheduler: Job 0 finished: parquet at NativeMethodAccessorImpl.java:0, took 0.647024 s
[2026-03-15T02:36:11.834+0000] {subprocess.py:93} INFO - 26/03/15 02:36:11 INFO BlockManagerInfo: Removed broadcast_0_piece0 on 7ae72f5da3a1:38093 in memory (size: 37.1 KiB, free: 434.4 MiB)
[2026-03-15T02:36:12.155+0000] {subprocess.py:93} INFO - 26/03/15 02:36:12 INFO DataSourceStrategy: Pruning directories with:
[2026-03-15T02:36:12.157+0000] {subprocess.py:93} INFO - 26/03/15 02:36:12 INFO FileSourceStrategy: Pushed Filters:
[2026-03-15T02:36:12.157+0000] {subprocess.py:93} INFO - 26/03/15 02:36:12 INFO FileSourceStrategy: Post-Scan Filters:
[2026-03-15T02:36:12.201+0000] {subprocess.py:93} INFO - 26/03/15 02:36:12 INFO MemoryStore: Block broadcast_1 stored as values in memory (estimated size 202.6 KiB, free 434.2 MiB)
[2026-03-15T02:36:12.210+0000] {subprocess.py:93} INFO - 26/03/15 02:36:12 INFO MemoryStore: Block broadcast_1_piece0 stored as bytes in memory (estimated size 35.3 KiB, free 434.2 MiB)
[2026-03-15T02:36:12.211+0000] {subprocess.py:93} INFO - 26/03/15 02:36:12 INFO BlockManagerInfo: Added broadcast_1_piece0 in memory on 7ae72f5da3a1:38093 (size: 35.3 KiB, free: 434.4 MiB)
[2026-03-15T02:36:12.212+0000] {subprocess.py:93} INFO - 26/03/15 02:36:12 INFO SparkContext: Created broadcast 1 from javaToPython at NativeMethodAccessorImpl.java:0
[2026-03-15T02:36:12.222+0000] {subprocess.py:93} INFO - 26/03/15 02:36:12 INFO FileSourceScanExec: Planning scan with bin packing, max size: 4194304 bytes, open cost is considered as scanning 4194304 bytes.
[2026-03-15T02:36:12.273+0000] {subprocess.py:93} INFO - 26/03/15 02:36:12 INFO SparkContext: Starting job: runJob at PythonRDD.scala:181
[2026-03-15T02:36:12.275+0000] {subprocess.py:93} INFO - 26/03/15 02:36:12 INFO DAGScheduler: Got job 1 (runJob at PythonRDD.scala:181) with 1 output partitions
[2026-03-15T02:36:12.276+0000] {subprocess.py:93} INFO - 26/03/15 02:36:12 INFO DAGScheduler: Final stage: ResultStage 1 (runJob at PythonRDD.scala:181)
[2026-03-15T02:36:12.277+0000] {subprocess.py:93} INFO - 26/03/15 02:36:12 INFO DAGScheduler: Parents of final stage: List()
[2026-03-15T02:36:12.278+0000] {subprocess.py:93} INFO - 26/03/15 02:36:12 INFO DAGScheduler: Missing parents: List()
[2026-03-15T02:36:12.279+0000] {subprocess.py:93} INFO - 26/03/15 02:36:12 INFO DAGScheduler: Submitting ResultStage 1 (PythonRDD[7] at RDD at PythonRDD.scala:53), which has no missing parents
[2026-03-15T02:36:12.337+0000] {subprocess.py:93} INFO - 26/03/15 02:36:12 INFO MemoryStore: Block broadcast_2 stored as values in memory (estimated size 18.8 KiB, free 434.1 MiB)
[2026-03-15T02:36:12.359+0000] {subprocess.py:93} INFO - 26/03/15 02:36:12 INFO MemoryStore: Block broadcast_2_piece0 stored as bytes in memory (estimated size 9.1 KiB, free 434.1 MiB)
[2026-03-15T02:36:12.361+0000] {subprocess.py:93} INFO - 26/03/15 02:36:12 INFO BlockManagerInfo: Added broadcast_2_piece0 in memory on 7ae72f5da3a1:38093 (size: 9.1 KiB, free: 434.4 MiB)
[2026-03-15T02:36:12.363+0000] {subprocess.py:93} INFO - 26/03/15 02:36:12 INFO SparkContext: Created broadcast 2 from broadcast at DAGScheduler.scala:1580
[2026-03-15T02:36:12.368+0000] {subprocess.py:93} INFO - 26/03/15 02:36:12 INFO DAGScheduler: Submitting 1 missing tasks from ResultStage 1 (PythonRDD[7] at RDD at PythonRDD.scala:53) (first 15 tasks are for partitions Vector(0))
[2026-03-15T02:36:12.373+0000] {subprocess.py:93} INFO - 26/03/15 02:36:12 INFO TaskSchedulerImpl: Adding task set 1.0 with 1 tasks resource profile 0
[2026-03-15T02:36:12.380+0000] {subprocess.py:93} INFO - 26/03/15 02:36:12 INFO TaskSetManager: Starting task 0.0 in stage 1.0 (TID 1) (7ae72f5da3a1, executor driver, partition 0, PROCESS_LOCAL, 8345 bytes)
[2026-03-15T02:36:12.382+0000] {subprocess.py:93} INFO - 26/03/15 02:36:12 INFO Executor: Running task 0.0 in stage 1.0 (TID 1)
[2026-03-15T02:36:12.606+0000] {subprocess.py:93} INFO - 26/03/15 02:36:12 INFO CodeGenerator: Code generated in 135.112929 ms
[2026-03-15T02:36:13.164+0000] {subprocess.py:93} INFO - 26/03/15 02:36:13 INFO FileScanRDD: Reading File path: file:///opt/***/datalake/silver/breweries/2026-03-14/state_province=__HIVE_DEFAULT_PARTITION__/part-00000-3e35c462-642d-4a71-8faf-1f30b283503a.c000.snappy.parquet, range: 0-3275, partition values: [null]
[2026-03-15T02:36:13.500+0000] {subprocess.py:93} INFO - 26/03/15 02:36:13 INFO InternalParquetRecordReader: RecordReader initialized will read a total of 1 records.
[2026-03-15T02:36:13.510+0000] {subprocess.py:93} INFO - 26/03/15 02:36:13 INFO InternalParquetRecordReader: at row 0. reading next block
[2026-03-15T02:36:13.522+0000] {subprocess.py:93} INFO - 26/03/15 02:36:13 INFO CodecPool: Got brand-new decompressor [.snappy]
[2026-03-15T02:36:13.532+0000] {subprocess.py:93} INFO - 26/03/15 02:36:13 INFO InternalParquetRecordReader: block read in memory in 22 ms. row count = 1
[2026-03-15T02:36:13.648+0000] {subprocess.py:93} INFO - 26/03/15 02:36:13 INFO PythonRunner: Times: total = 1025, boot = 538, init = 486, finish = 1
[2026-03-15T02:36:13.655+0000] {subprocess.py:93} INFO - 26/03/15 02:36:13 INFO Executor: Finished task 0.0 in stage 1.0 (TID 1). 2351 bytes result sent to driver
[2026-03-15T02:36:13.657+0000] {subprocess.py:93} INFO - 26/03/15 02:36:13 INFO TaskSetManager: Finished task 0.0 in stage 1.0 (TID 1) in 1286 ms on 7ae72f5da3a1 (executor driver) (1/1)
[2026-03-15T02:36:13.659+0000] {subprocess.py:93} INFO - 26/03/15 02:36:13 INFO TaskSchedulerImpl: Removed TaskSet 1.0, whose tasks have all completed, from pool
[2026-03-15T02:36:13.660+0000] {subprocess.py:93} INFO - 26/03/15 02:36:13 INFO PythonAccumulatorV2: Connected to AccumulatorServer at host: 127.0.0.1 port: 58183
[2026-03-15T02:36:13.660+0000] {subprocess.py:93} INFO - 26/03/15 02:36:13 INFO DAGScheduler: ResultStage 1 (runJob at PythonRDD.scala:181) finished in 1.377 s
[2026-03-15T02:36:13.661+0000] {subprocess.py:93} INFO - 26/03/15 02:36:13 INFO DAGScheduler: Job 1 is finished. Cancelling potential speculative or zombie tasks for this job
[2026-03-15T02:36:13.661+0000] {subprocess.py:93} INFO - 26/03/15 02:36:13 INFO TaskSchedulerImpl: Killing all running tasks in stage 1: Stage finished
[2026-03-15T02:36:13.662+0000] {subprocess.py:93} INFO - 26/03/15 02:36:13 INFO DAGScheduler: Job 1 finished: runJob at PythonRDD.scala:181, took 1.383721 s
[2026-03-15T02:36:13.862+0000] {subprocess.py:93} INFO - 26/03/15 02:36:13 INFO DataSourceStrategy: Pruning directories with:
[2026-03-15T02:36:13.863+0000] {subprocess.py:93} INFO - 26/03/15 02:36:13 INFO FileSourceStrategy: Pushed Filters:
[2026-03-15T02:36:13.864+0000] {subprocess.py:93} INFO - 26/03/15 02:36:13 INFO FileSourceStrategy: Post-Scan Filters:
[2026-03-15T02:36:13.937+0000] {subprocess.py:93} INFO - 26/03/15 02:36:13 INFO HashAggregateExec: spark.sql.codegen.aggregate.map.twolevel.enabled is set to true, but current version of codegened fast hashmap does not support this aggregate.
[2026-03-15T02:36:13.984+0000] {subprocess.py:93} INFO - 26/03/15 02:36:13 INFO CodeGenerator: Code generated in 25.857518 ms
[2026-03-15T02:36:13.987+0000] {subprocess.py:93} INFO - 26/03/15 02:36:13 INFO MemoryStore: Block broadcast_3 stored as values in memory (estimated size 200.9 KiB, free 433.9 MiB)
[2026-03-15T02:36:13.996+0000] {subprocess.py:93} INFO - 26/03/15 02:36:13 INFO BlockManagerInfo: Removed broadcast_2_piece0 on 7ae72f5da3a1:38093 in memory (size: 9.1 KiB, free: 434.4 MiB)
[2026-03-15T02:36:13.997+0000] {subprocess.py:93} INFO - 26/03/15 02:36:13 INFO MemoryStore: Block broadcast_3_piece0 stored as bytes in memory (estimated size 34.9 KiB, free 433.9 MiB)
[2026-03-15T02:36:13.998+0000] {subprocess.py:93} INFO - 26/03/15 02:36:13 INFO BlockManagerInfo: Added broadcast_3_piece0 in memory on 7ae72f5da3a1:38093 (size: 34.9 KiB, free: 434.3 MiB)
[2026-03-15T02:36:13.999+0000] {subprocess.py:93} INFO - 26/03/15 02:36:13 INFO SparkContext: Created broadcast 3 from parquet at NativeMethodAccessorImpl.java:0
[2026-03-15T02:36:14.000+0000] {subprocess.py:93} INFO - 26/03/15 02:36:14 INFO FileSourceScanExec: Planning scan with bin packing, max size: 4194304 bytes, open cost is considered as scanning 4194304 bytes.
[2026-03-15T02:36:14.032+0000] {subprocess.py:93} INFO - 26/03/15 02:36:14 INFO DAGScheduler: Registering RDD 11 (parquet at NativeMethodAccessorImpl.java:0) as input to shuffle 0
[2026-03-15T02:36:14.036+0000] {subprocess.py:93} INFO - 26/03/15 02:36:14 INFO DAGScheduler: Got map stage job 2 (parquet at NativeMethodAccessorImpl.java:0) with 1 output partitions
[2026-03-15T02:36:14.037+0000] {subprocess.py:93} INFO - 26/03/15 02:36:14 INFO DAGScheduler: Final stage: ShuffleMapStage 2 (parquet at NativeMethodAccessorImpl.java:0)
[2026-03-15T02:36:14.038+0000] {subprocess.py:93} INFO - 26/03/15 02:36:14 INFO DAGScheduler: Parents of final stage: List()
[2026-03-15T02:36:14.039+0000] {subprocess.py:93} INFO - 26/03/15 02:36:14 INFO DAGScheduler: Missing parents: List()
[2026-03-15T02:36:14.040+0000] {subprocess.py:93} INFO - 26/03/15 02:36:14 INFO DAGScheduler: Submitting ShuffleMapStage 2 (MapPartitionsRDD[11] at parquet at NativeMethodAccessorImpl.java:0), which has no missing parents
[2026-03-15T02:36:14.047+0000] {subprocess.py:93} INFO - 26/03/15 02:36:14 INFO MemoryStore: Block broadcast_4 stored as values in memory (estimated size 33.3 KiB, free 433.9 MiB)
[2026-03-15T02:36:14.053+0000] {subprocess.py:93} INFO - 26/03/15 02:36:14 INFO MemoryStore: Block broadcast_4_piece0 stored as bytes in memory (estimated size 15.4 KiB, free 433.9 MiB)
[2026-03-15T02:36:14.054+0000] {subprocess.py:93} INFO - 26/03/15 02:36:14 INFO BlockManagerInfo: Added broadcast_4_piece0 in memory on 7ae72f5da3a1:38093 (size: 15.4 KiB, free: 434.3 MiB)
[2026-03-15T02:36:14.054+0000] {subprocess.py:93} INFO - 26/03/15 02:36:14 INFO SparkContext: Created broadcast 4 from broadcast at DAGScheduler.scala:1580
[2026-03-15T02:36:14.056+0000] {subprocess.py:93} INFO - 26/03/15 02:36:14 INFO DAGScheduler: Submitting 1 missing tasks from ShuffleMapStage 2 (MapPartitionsRDD[11] at parquet at NativeMethodAccessorImpl.java:0) (first 15 tasks are for partitions Vector(0))
[2026-03-15T02:36:14.056+0000] {subprocess.py:93} INFO - 26/03/15 02:36:14 INFO TaskSchedulerImpl: Adding task set 2.0 with 1 tasks resource profile 0
[2026-03-15T02:36:14.058+0000] {subprocess.py:93} INFO - 26/03/15 02:36:14 INFO TaskSetManager: Starting task 0.0 in stage 2.0 (TID 2) (7ae72f5da3a1, executor driver, partition 0, PROCESS_LOCAL, 8334 bytes)
[2026-03-15T02:36:14.058+0000] {subprocess.py:93} INFO - 26/03/15 02:36:14 INFO Executor: Running task 0.0 in stage 2.0 (TID 2)
[2026-03-15T02:36:14.080+0000] {subprocess.py:93} INFO - 26/03/15 02:36:14 INFO CodeGenerator: Code generated in 5.658443 ms
[2026-03-15T02:36:14.092+0000] {subprocess.py:93} INFO - 26/03/15 02:36:14 INFO CodeGenerator: Code generated in 10.876785 ms
[2026-03-15T02:36:14.105+0000] {subprocess.py:93} INFO - 26/03/15 02:36:14 INFO CodeGenerator: Code generated in 6.942261 ms
[2026-03-15T02:36:14.119+0000] {subprocess.py:93} INFO - 26/03/15 02:36:14 INFO CodeGenerator: Code generated in 4.071002 ms
[2026-03-15T02:36:14.125+0000] {subprocess.py:93} INFO - 26/03/15 02:36:14 INFO CodeGenerator: Code generated in 4.503612 ms
[2026-03-15T02:36:14.135+0000] {subprocess.py:93} INFO - 26/03/15 02:36:14 INFO CodeGenerator: Code generated in 3.978668 ms
[2026-03-15T02:36:14.136+0000] {subprocess.py:93} INFO - 26/03/15 02:36:14 INFO FileScanRDD: Reading File path: file:///opt/***/datalake/silver/breweries/2026-03-14/state_province=__HIVE_DEFAULT_PARTITION__/part-00000-3e35c462-642d-4a71-8faf-1f30b283503a.c000.snappy.parquet, range: 0-3275, partition values: [null]
[2026-03-15T02:36:14.412+0000] {subprocess.py:93} INFO - 26/03/15 02:36:14 INFO InternalParquetRecordReader: RecordReader initialized will read a total of 1 records.
[2026-03-15T02:36:14.413+0000] {subprocess.py:93} INFO - 26/03/15 02:36:14 INFO InternalParquetRecordReader: at row 0. reading next block
[2026-03-15T02:36:14.414+0000] {subprocess.py:93} INFO - 26/03/15 02:36:14 INFO InternalParquetRecordReader: block read in memory in 1 ms. row count = 1
[2026-03-15T02:36:14.476+0000] {subprocess.py:93} INFO - 26/03/15 02:36:14 INFO Executor: Finished task 0.0 in stage 2.0 (TID 2). 2983 bytes result sent to driver
[2026-03-15T02:36:14.481+0000] {subprocess.py:93} INFO - 26/03/15 02:36:14 INFO TaskSetManager: Finished task 0.0 in stage 2.0 (TID 2) in 424 ms on 7ae72f5da3a1 (executor driver) (1/1)
[2026-03-15T02:36:14.482+0000] {subprocess.py:93} INFO - 26/03/15 02:36:14 INFO TaskSchedulerImpl: Removed TaskSet 2.0, whose tasks have all completed, from pool
[2026-03-15T02:36:14.483+0000] {subprocess.py:93} INFO - 26/03/15 02:36:14 INFO DAGScheduler: ShuffleMapStage 2 (parquet at NativeMethodAccessorImpl.java:0) finished in 0.442 s
[2026-03-15T02:36:14.483+0000] {subprocess.py:93} INFO - 26/03/15 02:36:14 INFO DAGScheduler: looking for newly runnable stages
[2026-03-15T02:36:14.484+0000] {subprocess.py:93} INFO - 26/03/15 02:36:14 INFO DAGScheduler: running: Set()
[2026-03-15T02:36:14.485+0000] {subprocess.py:93} INFO - 26/03/15 02:36:14 INFO DAGScheduler: waiting: Set()
[2026-03-15T02:36:14.485+0000] {subprocess.py:93} INFO - 26/03/15 02:36:14 INFO DAGScheduler: failed: Set()
[2026-03-15T02:36:14.504+0000] {subprocess.py:93} INFO - 26/03/15 02:36:14 INFO ShufflePartitionsUtil: For shuffle(0), advisory target size: 67108864, actual target size 1048576, minimum partition size: 1048576
[2026-03-15T02:36:14.619+0000] {subprocess.py:93} INFO - Erro ao processar a camada Silver para Gold para a data 2026-03-14: [UNSUPPORTED_DATA_TYPE_FOR_DATASOURCE] The Parquet datasource doesn't support the column `state_province` of the type "VOID".
[2026-03-15T02:36:14.620+0000] {subprocess.py:93} INFO - Traceback (most recent call last):
[2026-03-15T02:36:14.621+0000] {subprocess.py:93} INFO -   File "/opt/***/scripts/aggregate_gold.py", line 60, in <module>
[2026-03-15T02:36:14.624+0000] {subprocess.py:93} INFO -     aggregate_to_gold(spark, args.execution_date)
[2026-03-15T02:36:14.624+0000] {subprocess.py:93} INFO -   File "/opt/***/scripts/aggregate_gold.py", line 40, in aggregate_to_gold
[2026-03-15T02:36:14.626+0000] {subprocess.py:93} INFO -     df_gold.write \
[2026-03-15T02:36:14.626+0000] {subprocess.py:93} INFO -   File "/home/***/.local/lib/python3.8/site-packages/pyspark/python/lib/pyspark.zip/pyspark/sql/readwriter.py", line 1721, in parquet
[2026-03-15T02:36:14.626+0000] {subprocess.py:93} INFO -   File "/home/***/.local/lib/python3.8/site-packages/pyspark/python/lib/py4j-0.10.9.7-src.zip/py4j/java_gateway.py", line 1322, in __call__
[2026-03-15T02:36:14.627+0000] {subprocess.py:93} INFO -   File "/home/***/.local/lib/python3.8/site-packages/pyspark/python/lib/pyspark.zip/pyspark/errors/exceptions/captured.py", line 185, in deco
[2026-03-15T02:36:14.630+0000] {subprocess.py:93} INFO - pyspark.errors.exceptions.captured.AnalysisException: [UNSUPPORTED_DATA_TYPE_FOR_DATASOURCE] The Parquet datasource doesn't support the column `state_province` of the type "VOID".
[2026-03-15T02:36:14.655+0000] {subprocess.py:93} INFO - 26/03/15 02:36:14 INFO SparkContext: Invoking stop() from shutdown hook
[2026-03-15T02:36:14.656+0000] {subprocess.py:93} INFO - 26/03/15 02:36:14 INFO SparkContext: SparkContext is stopping with exitCode 0.
[2026-03-15T02:36:14.663+0000] {subprocess.py:93} INFO - 26/03/15 02:36:14 INFO SparkUI: Stopped Spark web UI at http://7ae72f5da3a1:4040
[2026-03-15T02:36:14.670+0000] {subprocess.py:93} INFO - 26/03/15 02:36:14 INFO MapOutputTrackerMasterEndpoint: MapOutputTrackerMasterEndpoint stopped!
[2026-03-15T02:36:14.685+0000] {subprocess.py:93} INFO - 26/03/15 02:36:14 INFO MemoryStore: MemoryStore cleared
[2026-03-15T02:36:14.686+0000] {subprocess.py:93} INFO - 26/03/15 02:36:14 INFO BlockManager: BlockManager stopped
[2026-03-15T02:36:14.688+0000] {subprocess.py:93} INFO - 26/03/15 02:36:14 INFO BlockManagerMaster: BlockManagerMaster stopped
[2026-03-15T02:36:14.689+0000] {subprocess.py:93} INFO - 26/03/15 02:36:14 INFO OutputCommitCoordinator$OutputCommitCoordinatorEndpoint: OutputCommitCoordinator stopped!
[2026-03-15T02:36:14.701+0000] {subprocess.py:93} INFO - 26/03/15 02:36:14 INFO SparkContext: Successfully stopped SparkContext
[2026-03-15T02:36:14.702+0000] {subprocess.py:93} INFO - 26/03/15 02:36:14 INFO ShutdownHookManager: Shutdown hook called
[2026-03-15T02:36:14.702+0000] {subprocess.py:93} INFO - 26/03/15 02:36:14 INFO ShutdownHookManager: Deleting directory /tmp/spark-8debc632-27ba-44ad-85dd-86e8018337a6
[2026-03-15T02:36:14.707+0000] {subprocess.py:93} INFO - 26/03/15 02:36:14 INFO ShutdownHookManager: Deleting directory /tmp/spark-23e4f7e0-79de-46e0-9f46-3f659f2530f1/pyspark-e0f513ea-b4bf-41c2-b35e-d510246cca75
[2026-03-15T02:36:14.714+0000] {subprocess.py:93} INFO - 26/03/15 02:36:14 INFO ShutdownHookManager: Deleting directory /tmp/spark-23e4f7e0-79de-46e0-9f46-3f659f2530f1
[2026-03-15T02:36:14.745+0000] {subprocess.py:93} INFO - --- Script PySpark /opt/***/scripts/aggregate_gold.py falhou. ---
[2026-03-15T02:36:14.746+0000] {subprocess.py:97} INFO - Command exited with return code 1
[2026-03-15T02:36:14.754+0000] {taskinstance.py:2698} ERROR - Task failed with exception
Traceback (most recent call last):
  File "/home/airflow/.local/lib/python3.8/site-packages/airflow/models/taskinstance.py", line 433, in _execute_task
    result = execute_callable(context=context, **execute_callable_kwargs)
  File "/home/airflow/.local/lib/python3.8/site-packages/airflow/operators/bash.py", line 212, in execute
    raise AirflowException(
airflow.exceptions.AirflowException: Bash command failed. The command returned a non-zero exit code 1.
[2026-03-15T02:36:14.757+0000] {taskinstance.py:1138} INFO - Marking task as UP_FOR_RETRY. dag_id=brewery_data_pipeline, task_id=aggregate_gold_layer, execution_date=20260314T000000, start_date=20260315T023606, end_date=20260315T023614
[2026-03-15T02:36:14.770+0000] {standard_task_runner.py:107} ERROR - Failed to execute job 5 for task aggregate_gold_layer (Bash command failed. The command returned a non-zero exit code 1.; 2054)
[2026-03-15T02:36:14.803+0000] {local_task_job_runner.py:234} INFO - Task exited with return code 1
[2026-03-15T02:36:14.824+0000] {taskinstance.py:3280} INFO - 0 downstream tasks scheduled from follow-on schedule check
