[2026-03-15T02:51:34.723+0000] {taskinstance.py:1956} INFO - Dependencies all met for dep_context=non-requeueable deps ti=<TaskInstance: brewery_data_pipeline.aggregate_gold_layer scheduled__2026-03-14T00:00:00+00:00 [queued]>
[2026-03-15T02:51:34.735+0000] {taskinstance.py:1956} INFO - Dependencies all met for dep_context=requeueable deps ti=<TaskInstance: brewery_data_pipeline.aggregate_gold_layer scheduled__2026-03-14T00:00:00+00:00 [queued]>
[2026-03-15T02:51:34.736+0000] {taskinstance.py:2170} INFO - Starting attempt 4 of 5
[2026-03-15T02:51:34.752+0000] {taskinstance.py:2191} INFO - Executing <Task(BashOperator): aggregate_gold_layer> on 2026-03-14 00:00:00+00:00
[2026-03-15T02:51:34.757+0000] {standard_task_runner.py:60} INFO - Started process 3404 to run task
[2026-03-15T02:51:34.760+0000] {standard_task_runner.py:87} INFO - Running: ['***', 'tasks', 'run', 'brewery_data_pipeline', 'aggregate_gold_layer', 'scheduled__2026-03-14T00:00:00+00:00', '--job-id', '8', '--raw', '--subdir', 'DAGS_FOLDER/brewery_pipeline.py', '--cfg-path', '/tmp/tmprryedfjk']
[2026-03-15T02:51:34.763+0000] {standard_task_runner.py:88} INFO - Job 8: Subtask aggregate_gold_layer
[2026-03-15T02:51:34.779+0000] {logging_mixin.py:188} WARNING - /home/***/.local/lib/python3.8/site-packages/***/settings.py:194 DeprecationWarning: The sql_alchemy_conn option in [core] has been moved to the sql_alchemy_conn option in [database] - the old setting has been used, but please update your config.
[2026-03-15T02:51:34.841+0000] {task_command.py:423} INFO - Running <TaskInstance: brewery_data_pipeline.aggregate_gold_layer scheduled__2026-03-14T00:00:00+00:00 [running]> on host 7ae72f5da3a1
[2026-03-15T02:51:34.914+0000] {taskinstance.py:2480} INFO - Exporting env vars: AIRFLOW_CTX_DAG_OWNER='***' AIRFLOW_CTX_DAG_ID='brewery_data_pipeline' AIRFLOW_CTX_TASK_ID='aggregate_gold_layer' AIRFLOW_CTX_EXECUTION_DATE='2026-03-14T00:00:00+00:00' AIRFLOW_CTX_TRY_NUMBER='4' AIRFLOW_CTX_DAG_RUN_ID='scheduled__2026-03-14T00:00:00+00:00'
[2026-03-15T02:51:34.916+0000] {subprocess.py:63} INFO - Tmp dir root location: /tmp
[2026-03-15T02:51:34.918+0000] {subprocess.py:75} INFO - Running command: ['/usr/bin/bash', '-c', 'bash /opt/***/scripts/run_pyspark.sh /opt/***/scripts/aggregate_gold.py 2026-03-14']
[2026-03-15T02:51:34.927+0000] {subprocess.py:86} INFO - Output:
[2026-03-15T02:51:34.933+0000] {subprocess.py:93} INFO - --- Iniciando script PySpark: /opt/***/scripts/aggregate_gold.py para a data: 2026-03-14 ---
[2026-03-15T02:51:34.965+0000] {subprocess.py:93} INFO - /home/***/.local/lib/python3.8/site-packages/pyspark/bin/load-spark-env.sh: line 68: ps: command not found
[2026-03-15T02:51:36.898+0000] {subprocess.py:93} INFO - Limpeza Gold: Diretório /opt/***/datalake/gold/brewery_summary/2026-03-14 não existe ou não é um diretório. Nenhuma limpeza necessária.
[2026-03-15T02:51:36.976+0000] {subprocess.py:93} INFO - 26/03/15 02:51:36 INFO SparkContext: Running Spark version 3.5.0
[2026-03-15T02:51:36.978+0000] {subprocess.py:93} INFO - 26/03/15 02:51:36 INFO SparkContext: OS info Linux, 6.6.87.2-microsoft-standard-WSL2, amd64
[2026-03-15T02:51:36.979+0000] {subprocess.py:93} INFO - 26/03/15 02:51:36 INFO SparkContext: Java version 17.0.18
[2026-03-15T02:51:37.037+0000] {subprocess.py:93} INFO - 26/03/15 02:51:37 WARN NativeCodeLoader: Unable to load native-hadoop library for your platform... using builtin-java classes where applicable
[2026-03-15T02:51:37.110+0000] {subprocess.py:93} INFO - 26/03/15 02:51:37 INFO ResourceUtils: ==============================================================
[2026-03-15T02:51:37.111+0000] {subprocess.py:93} INFO - 26/03/15 02:51:37 INFO ResourceUtils: No custom resources configured for spark.driver.
[2026-03-15T02:51:37.112+0000] {subprocess.py:93} INFO - 26/03/15 02:51:37 INFO ResourceUtils: ==============================================================
[2026-03-15T02:51:37.112+0000] {subprocess.py:93} INFO - 26/03/15 02:51:37 INFO SparkContext: Submitted application: BreweryGoldLayer
[2026-03-15T02:51:37.127+0000] {subprocess.py:93} INFO - 26/03/15 02:51:37 INFO ResourceProfile: Default ResourceProfile created, executor resources: Map(cores -> name: cores, amount: 1, script: , vendor: , memory -> name: memory, amount: 1024, script: , vendor: , offHeap -> name: offHeap, amount: 0, script: , vendor: ), task resources: Map(cpus -> name: cpus, amount: 1.0)
[2026-03-15T02:51:37.133+0000] {subprocess.py:93} INFO - 26/03/15 02:51:37 INFO ResourceProfile: Limiting resource is cpu
[2026-03-15T02:51:37.134+0000] {subprocess.py:93} INFO - 26/03/15 02:51:37 INFO ResourceProfileManager: Added ResourceProfile id: 0
[2026-03-15T02:51:37.171+0000] {subprocess.py:93} INFO - 26/03/15 02:51:37 INFO SecurityManager: Changing view acls to: ***
[2026-03-15T02:51:37.172+0000] {subprocess.py:93} INFO - 26/03/15 02:51:37 INFO SecurityManager: Changing modify acls to: ***
[2026-03-15T02:51:37.173+0000] {subprocess.py:93} INFO - 26/03/15 02:51:37 INFO SecurityManager: Changing view acls groups to:
[2026-03-15T02:51:37.174+0000] {subprocess.py:93} INFO - 26/03/15 02:51:37 INFO SecurityManager: Changing modify acls groups to:
[2026-03-15T02:51:37.174+0000] {subprocess.py:93} INFO - 26/03/15 02:51:37 INFO SecurityManager: SecurityManager: authentication disabled; ui acls disabled; users with view permissions: ***; groups with view permissions: EMPTY; users with modify permissions: ***; groups with modify permissions: EMPTY
[2026-03-15T02:51:37.330+0000] {subprocess.py:93} INFO - 26/03/15 02:51:37 INFO Utils: Successfully started service 'sparkDriver' on port 41051.
[2026-03-15T02:51:37.355+0000] {subprocess.py:93} INFO - 26/03/15 02:51:37 INFO SparkEnv: Registering MapOutputTracker
[2026-03-15T02:51:37.386+0000] {subprocess.py:93} INFO - 26/03/15 02:51:37 INFO SparkEnv: Registering BlockManagerMaster
[2026-03-15T02:51:37.397+0000] {subprocess.py:93} INFO - 26/03/15 02:51:37 INFO BlockManagerMasterEndpoint: Using org.apache.spark.storage.DefaultTopologyMapper for getting topology information
[2026-03-15T02:51:37.398+0000] {subprocess.py:93} INFO - 26/03/15 02:51:37 INFO BlockManagerMasterEndpoint: BlockManagerMasterEndpoint up
[2026-03-15T02:51:37.401+0000] {subprocess.py:93} INFO - 26/03/15 02:51:37 INFO SparkEnv: Registering BlockManagerMasterHeartbeat
[2026-03-15T02:51:37.422+0000] {subprocess.py:93} INFO - 26/03/15 02:51:37 INFO DiskBlockManager: Created local directory at /tmp/blockmgr-285a050e-8137-47cb-a216-e73f6beaf9e6
[2026-03-15T02:51:37.430+0000] {subprocess.py:93} INFO - 26/03/15 02:51:37 INFO MemoryStore: MemoryStore started with capacity 434.4 MiB
[2026-03-15T02:51:37.442+0000] {subprocess.py:93} INFO - 26/03/15 02:51:37 INFO SparkEnv: Registering OutputCommitCoordinator
[2026-03-15T02:51:37.521+0000] {subprocess.py:93} INFO - 26/03/15 02:51:37 INFO JettyUtils: Start Jetty 0.0.0.0:4040 for SparkUI
[2026-03-15T02:51:37.563+0000] {subprocess.py:93} INFO - 26/03/15 02:51:37 INFO Utils: Successfully started service 'SparkUI' on port 4040.
[2026-03-15T02:51:37.641+0000] {subprocess.py:93} INFO - 26/03/15 02:51:37 INFO Executor: Starting executor ID driver on host 7ae72f5da3a1
[2026-03-15T02:51:37.642+0000] {subprocess.py:93} INFO - 26/03/15 02:51:37 INFO Executor: OS info Linux, 6.6.87.2-microsoft-standard-WSL2, amd64
[2026-03-15T02:51:37.643+0000] {subprocess.py:93} INFO - 26/03/15 02:51:37 INFO Executor: Java version 17.0.18
[2026-03-15T02:51:37.648+0000] {subprocess.py:93} INFO - 26/03/15 02:51:37 INFO Executor: Starting executor with user classpath (userClassPathFirst = false): ''
[2026-03-15T02:51:37.649+0000] {subprocess.py:93} INFO - 26/03/15 02:51:37 INFO Executor: Created or updated repl class loader org.apache.spark.util.MutableURLClassLoader@2f644842 for default.
[2026-03-15T02:51:37.664+0000] {subprocess.py:93} INFO - 26/03/15 02:51:37 INFO Utils: Successfully started service 'org.apache.spark.network.netty.NettyBlockTransferService' on port 46261.
[2026-03-15T02:51:37.665+0000] {subprocess.py:93} INFO - 26/03/15 02:51:37 INFO NettyBlockTransferService: Server created on 7ae72f5da3a1:46261
[2026-03-15T02:51:37.666+0000] {subprocess.py:93} INFO - 26/03/15 02:51:37 INFO BlockManager: Using org.apache.spark.storage.RandomBlockReplicationPolicy for block replication policy
[2026-03-15T02:51:37.670+0000] {subprocess.py:93} INFO - 26/03/15 02:51:37 INFO BlockManagerMaster: Registering BlockManager BlockManagerId(driver, 7ae72f5da3a1, 46261, None)
[2026-03-15T02:51:37.673+0000] {subprocess.py:93} INFO - 26/03/15 02:51:37 INFO BlockManagerMasterEndpoint: Registering block manager 7ae72f5da3a1:46261 with 434.4 MiB RAM, BlockManagerId(driver, 7ae72f5da3a1, 46261, None)
[2026-03-15T02:51:37.674+0000] {subprocess.py:93} INFO - 26/03/15 02:51:37 INFO BlockManagerMaster: Registered BlockManager BlockManagerId(driver, 7ae72f5da3a1, 46261, None)
[2026-03-15T02:51:37.675+0000] {subprocess.py:93} INFO - 26/03/15 02:51:37 INFO BlockManager: Initialized BlockManager: BlockManagerId(driver, 7ae72f5da3a1, 46261, None)
[2026-03-15T02:51:38.057+0000] {subprocess.py:93} INFO - Gold: Lendo dados da Silver em: /opt/***/datalake/silver/breweries/2026-03-14
[2026-03-15T02:51:38.129+0000] {subprocess.py:93} INFO - 26/03/15 02:51:38 INFO SharedState: Setting hive.metastore.warehouse.dir ('null') to the value of spark.sql.warehouse.dir.
[2026-03-15T02:51:38.138+0000] {subprocess.py:93} INFO - 26/03/15 02:51:38 INFO SharedState: Warehouse path is 'file:/tmp/***tmp2l4rscer/spark-warehouse'.
[2026-03-15T02:51:38.973+0000] {subprocess.py:93} INFO - Gold: Erro ao processar a camada Silver para Gold para a data 2026-03-14: [PATH_NOT_FOUND] Path does not exist: file:/opt/***/datalake/silver/breweries/2026-03-14.
[2026-03-15T02:51:38.974+0000] {subprocess.py:93} INFO - Traceback (most recent call last):
[2026-03-15T02:51:38.974+0000] {subprocess.py:93} INFO -   File "/opt/***/scripts/aggregate_gold.py", line 93, in <module>
[2026-03-15T02:51:38.977+0000] {subprocess.py:93} INFO -     aggregate_to_gold(spark, args.execution_date)
[2026-03-15T02:51:38.978+0000] {subprocess.py:93} INFO -   File "/opt/***/scripts/aggregate_gold.py", line 50, in aggregate_to_gold
[2026-03-15T02:51:38.982+0000] {subprocess.py:93} INFO -     df_silver = spark.read.parquet(silver_input_path)
[2026-03-15T02:51:38.983+0000] {subprocess.py:93} INFO -   File "/home/***/.local/lib/python3.8/site-packages/pyspark/python/lib/pyspark.zip/pyspark/sql/readwriter.py", line 544, in parquet
[2026-03-15T02:51:38.984+0000] {subprocess.py:93} INFO -   File "/home/***/.local/lib/python3.8/site-packages/pyspark/python/lib/py4j-0.10.9.7-src.zip/py4j/java_gateway.py", line 1322, in __call__
[2026-03-15T02:51:38.984+0000] {subprocess.py:93} INFO -   File "/home/***/.local/lib/python3.8/site-packages/pyspark/python/lib/pyspark.zip/pyspark/errors/exceptions/captured.py", line 185, in deco
[2026-03-15T02:51:38.986+0000] {subprocess.py:93} INFO - pyspark.errors.exceptions.captured.AnalysisException: [PATH_NOT_FOUND] Path does not exist: file:/opt/***/datalake/silver/breweries/2026-03-14.
[2026-03-15T02:51:39.019+0000] {subprocess.py:93} INFO - 26/03/15 02:51:39 INFO SparkContext: Invoking stop() from shutdown hook
[2026-03-15T02:51:39.020+0000] {subprocess.py:93} INFO - 26/03/15 02:51:39 INFO SparkContext: SparkContext is stopping with exitCode 0.
[2026-03-15T02:51:39.028+0000] {subprocess.py:93} INFO - 26/03/15 02:51:39 INFO SparkUI: Stopped Spark web UI at http://7ae72f5da3a1:4040
[2026-03-15T02:51:39.041+0000] {subprocess.py:93} INFO - 26/03/15 02:51:39 INFO MapOutputTrackerMasterEndpoint: MapOutputTrackerMasterEndpoint stopped!
[2026-03-15T02:51:39.057+0000] {subprocess.py:93} INFO - 26/03/15 02:51:39 INFO MemoryStore: MemoryStore cleared
[2026-03-15T02:51:39.058+0000] {subprocess.py:93} INFO - 26/03/15 02:51:39 INFO BlockManager: BlockManager stopped
[2026-03-15T02:51:39.063+0000] {subprocess.py:93} INFO - 26/03/15 02:51:39 INFO BlockManagerMaster: BlockManagerMaster stopped
[2026-03-15T02:51:39.065+0000] {subprocess.py:93} INFO - 26/03/15 02:51:39 INFO OutputCommitCoordinator$OutputCommitCoordinatorEndpoint: OutputCommitCoordinator stopped!
[2026-03-15T02:51:39.080+0000] {subprocess.py:93} INFO - 26/03/15 02:51:39 INFO SparkContext: Successfully stopped SparkContext
[2026-03-15T02:51:39.081+0000] {subprocess.py:93} INFO - 26/03/15 02:51:39 INFO ShutdownHookManager: Shutdown hook called
[2026-03-15T02:51:39.082+0000] {subprocess.py:93} INFO - 26/03/15 02:51:39 INFO ShutdownHookManager: Deleting directory /tmp/spark-5272842c-3c88-45a4-a330-cc002266ce72/pyspark-accee97c-2691-4349-b840-c7554e11e743
[2026-03-15T02:51:39.090+0000] {subprocess.py:93} INFO - 26/03/15 02:51:39 INFO ShutdownHookManager: Deleting directory /tmp/spark-8300fd37-01e1-4e01-8fa3-0d7bb5fedeca
[2026-03-15T02:51:39.099+0000] {subprocess.py:93} INFO - 26/03/15 02:51:39 INFO ShutdownHookManager: Deleting directory /tmp/spark-5272842c-3c88-45a4-a330-cc002266ce72
[2026-03-15T02:51:39.143+0000] {subprocess.py:93} INFO - --- Script PySpark /opt/***/scripts/aggregate_gold.py falhou. ---
[2026-03-15T02:51:39.144+0000] {subprocess.py:97} INFO - Command exited with return code 1
[2026-03-15T02:51:39.156+0000] {taskinstance.py:2698} ERROR - Task failed with exception
Traceback (most recent call last):
  File "/home/airflow/.local/lib/python3.8/site-packages/airflow/models/taskinstance.py", line 433, in _execute_task
    result = execute_callable(context=context, **execute_callable_kwargs)
  File "/home/airflow/.local/lib/python3.8/site-packages/airflow/operators/bash.py", line 212, in execute
    raise AirflowException(
airflow.exceptions.AirflowException: Bash command failed. The command returned a non-zero exit code 1.
[2026-03-15T02:51:39.159+0000] {taskinstance.py:1138} INFO - Marking task as UP_FOR_RETRY. dag_id=brewery_data_pipeline, task_id=aggregate_gold_layer, execution_date=20260314T000000, start_date=20260315T025134, end_date=20260315T025139
[2026-03-15T02:51:39.174+0000] {standard_task_runner.py:107} ERROR - Failed to execute job 8 for task aggregate_gold_layer (Bash command failed. The command returned a non-zero exit code 1.; 3404)
[2026-03-15T02:51:39.215+0000] {local_task_job_runner.py:234} INFO - Task exited with return code 1
[2026-03-15T02:51:39.235+0000] {taskinstance.py:3280} INFO - 0 downstream tasks scheduled from follow-on schedule check
