[2026-03-15T03:45:41.534+0000] {taskinstance.py:1956} INFO - Dependencies all met for dep_context=non-requeueable deps ti=<TaskInstance: brewery_data_pipeline.extract_bronze_layer scheduled__2026-03-14T00:00:00+00:00 [queued]>
[2026-03-15T03:45:41.543+0000] {taskinstance.py:1956} INFO - Dependencies all met for dep_context=requeueable deps ti=<TaskInstance: brewery_data_pipeline.extract_bronze_layer scheduled__2026-03-14T00:00:00+00:00 [queued]>
[2026-03-15T03:45:41.544+0000] {taskinstance.py:2170} INFO - Starting attempt 2 of 2
[2026-03-15T03:45:41.565+0000] {taskinstance.py:2191} INFO - Executing <Task(BashOperator): extract_bronze_layer> on 2026-03-14 00:00:00+00:00
[2026-03-15T03:45:41.572+0000] {standard_task_runner.py:60} INFO - Started process 461 to run task
[2026-03-15T03:45:41.578+0000] {standard_task_runner.py:87} INFO - Running: ['***', 'tasks', 'run', 'brewery_data_pipeline', 'extract_bronze_layer', 'scheduled__2026-03-14T00:00:00+00:00', '--job-id', '3', '--raw', '--subdir', 'DAGS_FOLDER/brewery_pipeline.py', '--cfg-path', '/tmp/tmpya65i2do']
[2026-03-15T03:45:41.581+0000] {standard_task_runner.py:88} INFO - Job 3: Subtask extract_bronze_layer
[2026-03-15T03:45:41.619+0000] {logging_mixin.py:188} WARNING - /home/***/.local/lib/python3.8/site-packages/***/settings.py:194 DeprecationWarning: The sql_alchemy_conn option in [core] has been moved to the sql_alchemy_conn option in [database] - the old setting has been used, but please update your config.
[2026-03-15T03:45:41.694+0000] {task_command.py:423} INFO - Running <TaskInstance: brewery_data_pipeline.extract_bronze_layer scheduled__2026-03-14T00:00:00+00:00 [running]> on host 48ec17683d00
[2026-03-15T03:45:41.893+0000] {taskinstance.py:2480} INFO - Exporting env vars: AIRFLOW_CTX_DAG_OWNER='***' AIRFLOW_CTX_DAG_ID='brewery_data_pipeline' AIRFLOW_CTX_TASK_ID='extract_bronze_layer' AIRFLOW_CTX_EXECUTION_DATE='2026-03-14T00:00:00+00:00' AIRFLOW_CTX_TRY_NUMBER='2' AIRFLOW_CTX_DAG_RUN_ID='scheduled__2026-03-14T00:00:00+00:00'
[2026-03-15T03:45:41.896+0000] {subprocess.py:63} INFO - Tmp dir root location: /tmp
[2026-03-15T03:45:41.898+0000] {subprocess.py:75} INFO - Running command: ['/usr/bin/bash', '-c', 'python /opt/***/scripts/extract_breweries.py --execution_date 2026-03-14']
[2026-03-15T03:45:41.915+0000] {subprocess.py:86} INFO - Output:
[2026-03-15T03:45:42.134+0000] {subprocess.py:93} INFO - Traceback (most recent call last):
[2026-03-15T03:45:42.135+0000] {subprocess.py:93} INFO -   File "/opt/***/scripts/extract_breweries.py", line 6, in <module>
[2026-03-15T03:45:42.136+0000] {subprocess.py:93} INFO -     from minio import Minio # Novo: para criar o bucket se não existir
[2026-03-15T03:45:42.137+0000] {subprocess.py:93} INFO - ModuleNotFoundError: No module named 'minio'
[2026-03-15T03:45:42.144+0000] {subprocess.py:97} INFO - Command exited with return code 1
[2026-03-15T03:45:42.153+0000] {taskinstance.py:2698} ERROR - Task failed with exception
Traceback (most recent call last):
  File "/home/airflow/.local/lib/python3.8/site-packages/airflow/models/taskinstance.py", line 433, in _execute_task
    result = execute_callable(context=context, **execute_callable_kwargs)
  File "/home/airflow/.local/lib/python3.8/site-packages/airflow/operators/bash.py", line 212, in execute
    raise AirflowException(
airflow.exceptions.AirflowException: Bash command failed. The command returned a non-zero exit code 1.
[2026-03-15T03:45:42.158+0000] {taskinstance.py:1138} INFO - Marking task as FAILED. dag_id=brewery_data_pipeline, task_id=extract_bronze_layer, execution_date=20260314T000000, start_date=20260315T034541, end_date=20260315T034542
[2026-03-15T03:45:42.172+0000] {standard_task_runner.py:107} ERROR - Failed to execute job 3 for task extract_bronze_layer (Bash command failed. The command returned a non-zero exit code 1.; 461)
[2026-03-15T03:45:42.196+0000] {local_task_job_runner.py:234} INFO - Task exited with return code 1
[2026-03-15T03:45:42.218+0000] {taskinstance.py:3280} INFO - 0 downstream tasks scheduled from follow-on schedule check
[2026-03-15T03:50:07.533+0000] {taskinstance.py:1956} INFO - Dependencies all met for dep_context=non-requeueable deps ti=<TaskInstance: brewery_data_pipeline.extract_bronze_layer scheduled__2026-03-14T00:00:00+00:00 [queued]>
[2026-03-15T03:50:07.543+0000] {taskinstance.py:1956} INFO - Dependencies all met for dep_context=requeueable deps ti=<TaskInstance: brewery_data_pipeline.extract_bronze_layer scheduled__2026-03-14T00:00:00+00:00 [queued]>
[2026-03-15T03:50:07.544+0000] {taskinstance.py:2170} INFO - Starting attempt 2 of 3
[2026-03-15T03:50:07.560+0000] {taskinstance.py:2191} INFO - Executing <Task(BashOperator): extract_bronze_layer> on 2026-03-14 00:00:00+00:00
[2026-03-15T03:50:07.565+0000] {standard_task_runner.py:60} INFO - Started process 249 to run task
[2026-03-15T03:50:07.569+0000] {standard_task_runner.py:87} INFO - Running: ['***', 'tasks', 'run', 'brewery_data_pipeline', 'extract_bronze_layer', 'scheduled__2026-03-14T00:00:00+00:00', '--job-id', '4', '--raw', '--subdir', 'DAGS_FOLDER/brewery_pipeline.py', '--cfg-path', '/tmp/tmpaj9etrhj']
[2026-03-15T03:50:07.573+0000] {standard_task_runner.py:88} INFO - Job 4: Subtask extract_bronze_layer
[2026-03-15T03:50:07.590+0000] {logging_mixin.py:188} WARNING - /home/***/.local/lib/python3.8/site-packages/***/settings.py:194 DeprecationWarning: The sql_alchemy_conn option in [core] has been moved to the sql_alchemy_conn option in [database] - the old setting has been used, but please update your config.
[2026-03-15T03:50:07.660+0000] {task_command.py:423} INFO - Running <TaskInstance: brewery_data_pipeline.extract_bronze_layer scheduled__2026-03-14T00:00:00+00:00 [running]> on host 609fea0a21b5
[2026-03-15T03:50:07.719+0000] {taskinstance.py:2480} INFO - Exporting env vars: AIRFLOW_CTX_DAG_OWNER='***' AIRFLOW_CTX_DAG_ID='brewery_data_pipeline' AIRFLOW_CTX_TASK_ID='extract_bronze_layer' AIRFLOW_CTX_EXECUTION_DATE='2026-03-14T00:00:00+00:00' AIRFLOW_CTX_TRY_NUMBER='2' AIRFLOW_CTX_DAG_RUN_ID='scheduled__2026-03-14T00:00:00+00:00'
[2026-03-15T03:50:07.721+0000] {subprocess.py:63} INFO - Tmp dir root location: /tmp
[2026-03-15T03:50:07.723+0000] {subprocess.py:75} INFO - Running command: ['/usr/bin/bash', '-c', 'python /opt/***/scripts/extract_breweries.py --execution_date 2026-03-14']
[2026-03-15T03:50:07.730+0000] {subprocess.py:86} INFO - Output:
[2026-03-15T03:50:07.893+0000] {subprocess.py:93} INFO - Traceback (most recent call last):
[2026-03-15T03:50:07.893+0000] {subprocess.py:93} INFO -   File "/opt/***/scripts/extract_breweries.py", line 6, in <module>
[2026-03-15T03:50:07.894+0000] {subprocess.py:93} INFO -     from minio import Minio # Novo: para criar o bucket se não existir
[2026-03-15T03:50:07.894+0000] {subprocess.py:93} INFO - ModuleNotFoundError: No module named 'minio'
[2026-03-15T03:50:07.903+0000] {subprocess.py:97} INFO - Command exited with return code 1
[2026-03-15T03:50:07.911+0000] {taskinstance.py:2698} ERROR - Task failed with exception
Traceback (most recent call last):
  File "/home/airflow/.local/lib/python3.8/site-packages/airflow/models/taskinstance.py", line 433, in _execute_task
    result = execute_callable(context=context, **execute_callable_kwargs)
  File "/home/airflow/.local/lib/python3.8/site-packages/airflow/operators/bash.py", line 212, in execute
    raise AirflowException(
airflow.exceptions.AirflowException: Bash command failed. The command returned a non-zero exit code 1.
[2026-03-15T03:50:07.914+0000] {taskinstance.py:1138} INFO - Marking task as UP_FOR_RETRY. dag_id=brewery_data_pipeline, task_id=extract_bronze_layer, execution_date=20260314T000000, start_date=20260315T035007, end_date=20260315T035007
[2026-03-15T03:50:07.926+0000] {standard_task_runner.py:107} ERROR - Failed to execute job 4 for task extract_bronze_layer (Bash command failed. The command returned a non-zero exit code 1.; 249)
[2026-03-15T03:50:07.945+0000] {local_task_job_runner.py:234} INFO - Task exited with return code 1
[2026-03-15T03:50:07.964+0000] {taskinstance.py:3280} INFO - 0 downstream tasks scheduled from follow-on schedule check
[2026-03-15T04:50:22.429+0000] {taskinstance.py:1956} INFO - Dependencies all met for dep_context=non-requeueable deps ti=<TaskInstance: brewery_data_pipeline.extract_bronze_layer scheduled__2026-03-14T00:00:00+00:00 [queued]>
[2026-03-15T04:50:22.439+0000] {taskinstance.py:1956} INFO - Dependencies all met for dep_context=requeueable deps ti=<TaskInstance: brewery_data_pipeline.extract_bronze_layer scheduled__2026-03-14T00:00:00+00:00 [queued]>
[2026-03-15T04:50:22.440+0000] {taskinstance.py:2170} INFO - Starting attempt 2 of 3
[2026-03-15T04:50:22.455+0000] {taskinstance.py:2191} INFO - Executing <Task(BashOperator): extract_bronze_layer> on 2026-03-14 00:00:00+00:00
[2026-03-15T04:50:22.500+0000] {standard_task_runner.py:60} INFO - Started process 1413 to run task
[2026-03-15T04:50:22.504+0000] {standard_task_runner.py:87} INFO - Running: ['***', 'tasks', 'run', 'brewery_data_pipeline', 'extract_bronze_layer', 'scheduled__2026-03-14T00:00:00+00:00', '--job-id', '5', '--raw', '--subdir', 'DAGS_FOLDER/brewery_pipeline.py', '--cfg-path', '/tmp/tmp5w2mwv3t']
[2026-03-15T04:50:22.507+0000] {standard_task_runner.py:88} INFO - Job 5: Subtask extract_bronze_layer
[2026-03-15T04:50:22.540+0000] {logging_mixin.py:188} WARNING - /home/***/.local/lib/python3.8/site-packages/***/settings.py:194 DeprecationWarning: The sql_alchemy_conn option in [core] has been moved to the sql_alchemy_conn option in [database] - the old setting has been used, but please update your config.
[2026-03-15T04:50:22.608+0000] {task_command.py:423} INFO - Running <TaskInstance: brewery_data_pipeline.extract_bronze_layer scheduled__2026-03-14T00:00:00+00:00 [running]> on host ddcebd9d70f5
[2026-03-15T04:50:22.725+0000] {taskinstance.py:2480} INFO - Exporting env vars: AIRFLOW_CTX_DAG_OWNER='***' AIRFLOW_CTX_DAG_ID='brewery_data_pipeline' AIRFLOW_CTX_TASK_ID='extract_bronze_layer' AIRFLOW_CTX_EXECUTION_DATE='2026-03-14T00:00:00+00:00' AIRFLOW_CTX_TRY_NUMBER='2' AIRFLOW_CTX_DAG_RUN_ID='scheduled__2026-03-14T00:00:00+00:00'
[2026-03-15T04:50:22.727+0000] {subprocess.py:63} INFO - Tmp dir root location: /tmp
[2026-03-15T04:50:22.729+0000] {subprocess.py:75} INFO - Running command: ['/usr/bin/bash', '-c', 'python /opt/***/scripts/extract_breweries.py --execution_date 2026-03-14']
[2026-03-15T04:50:22.740+0000] {subprocess.py:86} INFO - Output:
[2026-03-15T04:51:55.353+0000] {subprocess.py:93} INFO - Iniciando script de extração em: 2026-03-15 04:50:23.014344
[2026-03-15T04:51:55.357+0000] {subprocess.py:93} INFO - Bucket 'brewery-datalake' já existe no MinIO.
[2026-03-15T04:51:55.361+0000] {subprocess.py:93} INFO - Iniciando a busca de cervejarias da API: https://api.openbrewerydb.org/v1/breweries
[2026-03-15T04:51:55.363+0000] {subprocess.py:93} INFO - Página 1 buscada. Total de cervejarias até agora: 50
[2026-03-15T04:51:55.364+0000] {subprocess.py:93} INFO - Página 2 buscada. Total de cervejarias até agora: 100
[2026-03-15T04:51:55.365+0000] {subprocess.py:93} INFO - Página 3 buscada. Total de cervejarias até agora: 150
[2026-03-15T04:51:55.366+0000] {subprocess.py:93} INFO - Página 4 buscada. Total de cervejarias até agora: 200
[2026-03-15T04:51:55.366+0000] {subprocess.py:93} INFO - Página 5 buscada. Total de cervejarias até agora: 250
[2026-03-15T04:51:55.366+0000] {subprocess.py:93} INFO - Página 6 buscada. Total de cervejarias até agora: 300
[2026-03-15T04:51:55.367+0000] {subprocess.py:93} INFO - Página 7 buscada. Total de cervejarias até agora: 350
[2026-03-15T04:51:55.367+0000] {subprocess.py:93} INFO - Página 8 buscada. Total de cervejarias até agora: 400
[2026-03-15T04:51:55.368+0000] {subprocess.py:93} INFO - Página 9 buscada. Total de cervejarias até agora: 450
[2026-03-15T04:51:55.369+0000] {subprocess.py:93} INFO - Página 10 buscada. Total de cervejarias até agora: 500
[2026-03-15T04:51:55.370+0000] {subprocess.py:93} INFO - Página 11 buscada. Total de cervejarias até agora: 550
[2026-03-15T04:51:55.370+0000] {subprocess.py:93} INFO - Página 12 buscada. Total de cervejarias até agora: 600
[2026-03-15T04:51:55.371+0000] {subprocess.py:93} INFO - Página 13 buscada. Total de cervejarias até agora: 650
[2026-03-15T04:51:55.371+0000] {subprocess.py:93} INFO - Página 14 buscada. Total de cervejarias até agora: 700
[2026-03-15T04:51:55.371+0000] {subprocess.py:93} INFO - Página 15 buscada. Total de cervejarias até agora: 750
[2026-03-15T04:51:55.372+0000] {subprocess.py:93} INFO - Página 16 buscada. Total de cervejarias até agora: 800
[2026-03-15T04:51:55.373+0000] {subprocess.py:93} INFO - Página 17 buscada. Total de cervejarias até agora: 850
[2026-03-15T04:51:55.375+0000] {subprocess.py:93} INFO - Página 18 buscada. Total de cervejarias até agora: 900
[2026-03-15T04:51:55.377+0000] {subprocess.py:93} INFO - Página 19 buscada. Total de cervejarias até agora: 950
[2026-03-15T04:51:55.379+0000] {subprocess.py:93} INFO - Página 20 buscada. Total de cervejarias até agora: 1000
[2026-03-15T04:51:55.380+0000] {subprocess.py:93} INFO - Página 21 buscada. Total de cervejarias até agora: 1050
[2026-03-15T04:51:55.380+0000] {subprocess.py:93} INFO - Página 22 buscada. Total de cervejarias até agora: 1100
[2026-03-15T04:51:55.381+0000] {subprocess.py:93} INFO - Página 23 buscada. Total de cervejarias até agora: 1150
[2026-03-15T04:51:55.381+0000] {subprocess.py:93} INFO - Página 24 buscada. Total de cervejarias até agora: 1200
[2026-03-15T04:51:55.381+0000] {subprocess.py:93} INFO - Página 25 buscada. Total de cervejarias até agora: 1250
[2026-03-15T04:51:55.381+0000] {subprocess.py:93} INFO - Página 26 buscada. Total de cervejarias até agora: 1300
[2026-03-15T04:51:55.382+0000] {subprocess.py:93} INFO - Página 27 buscada. Total de cervejarias até agora: 1350
[2026-03-15T04:51:55.382+0000] {subprocess.py:93} INFO - Página 28 buscada. Total de cervejarias até agora: 1400
[2026-03-15T04:51:55.382+0000] {subprocess.py:93} INFO - Página 29 buscada. Total de cervejarias até agora: 1450
[2026-03-15T04:51:55.383+0000] {subprocess.py:93} INFO - Página 30 buscada. Total de cervejarias até agora: 1500
[2026-03-15T04:51:55.383+0000] {subprocess.py:93} INFO - Página 31 buscada. Total de cervejarias até agora: 1550
[2026-03-15T04:51:55.384+0000] {subprocess.py:93} INFO - Página 32 buscada. Total de cervejarias até agora: 1600
[2026-03-15T04:51:55.385+0000] {subprocess.py:93} INFO - Página 33 buscada. Total de cervejarias até agora: 1650
[2026-03-15T04:51:55.386+0000] {subprocess.py:93} INFO - Página 34 buscada. Total de cervejarias até agora: 1700
[2026-03-15T04:51:55.386+0000] {subprocess.py:93} INFO - Página 35 buscada. Total de cervejarias até agora: 1750
[2026-03-15T04:51:55.387+0000] {subprocess.py:93} INFO - Página 36 buscada. Total de cervejarias até agora: 1800
[2026-03-15T04:51:55.389+0000] {subprocess.py:93} INFO - Página 37 buscada. Total de cervejarias até agora: 1850
[2026-03-15T04:51:55.390+0000] {subprocess.py:93} INFO - Página 38 buscada. Total de cervejarias até agora: 1900
[2026-03-15T04:51:55.391+0000] {subprocess.py:93} INFO - Página 39 buscada. Total de cervejarias até agora: 1950
[2026-03-15T04:51:55.391+0000] {subprocess.py:93} INFO - Página 40 buscada. Total de cervejarias até agora: 2000
[2026-03-15T04:51:55.392+0000] {subprocess.py:93} INFO - Página 41 buscada. Total de cervejarias até agora: 2050
[2026-03-15T04:51:55.395+0000] {subprocess.py:93} INFO - Página 42 buscada. Total de cervejarias até agora: 2100
[2026-03-15T04:51:55.399+0000] {subprocess.py:93} INFO - Página 43 buscada. Total de cervejarias até agora: 2150
[2026-03-15T04:51:55.400+0000] {subprocess.py:93} INFO - Página 44 buscada. Total de cervejarias até agora: 2200
[2026-03-15T04:51:55.401+0000] {subprocess.py:93} INFO - Página 45 buscada. Total de cervejarias até agora: 2250
[2026-03-15T04:51:55.404+0000] {subprocess.py:93} INFO - Página 46 buscada. Total de cervejarias até agora: 2300
[2026-03-15T04:51:55.405+0000] {subprocess.py:93} INFO - Página 47 buscada. Total de cervejarias até agora: 2350
[2026-03-15T04:51:55.406+0000] {subprocess.py:93} INFO - Página 48 buscada. Total de cervejarias até agora: 2400
[2026-03-15T04:51:55.407+0000] {subprocess.py:93} INFO - Página 49 buscada. Total de cervejarias até agora: 2450
[2026-03-15T04:51:55.410+0000] {subprocess.py:93} INFO - Página 50 buscada. Total de cervejarias até agora: 2500
[2026-03-15T04:51:55.413+0000] {subprocess.py:93} INFO - Página 51 buscada. Total de cervejarias até agora: 2550
[2026-03-15T04:51:55.416+0000] {subprocess.py:93} INFO - Página 52 buscada. Total de cervejarias até agora: 2600
[2026-03-15T04:51:55.417+0000] {subprocess.py:93} INFO - Página 53 buscada. Total de cervejarias até agora: 2650
[2026-03-15T04:51:55.419+0000] {subprocess.py:93} INFO - Página 54 buscada. Total de cervejarias até agora: 2700
[2026-03-15T04:51:55.421+0000] {subprocess.py:93} INFO - Página 55 buscada. Total de cervejarias até agora: 2750
[2026-03-15T04:51:55.423+0000] {subprocess.py:93} INFO - Página 56 buscada. Total de cervejarias até agora: 2800
[2026-03-15T04:51:55.424+0000] {subprocess.py:93} INFO - Página 57 buscada. Total de cervejarias até agora: 2850
[2026-03-15T04:51:55.426+0000] {subprocess.py:93} INFO - Página 58 buscada. Total de cervejarias até agora: 2900
[2026-03-15T04:51:55.427+0000] {subprocess.py:93} INFO - Página 59 buscada. Total de cervejarias até agora: 2950
[2026-03-15T04:51:55.430+0000] {subprocess.py:93} INFO - Página 60 buscada. Total de cervejarias até agora: 3000
[2026-03-15T04:51:55.431+0000] {subprocess.py:93} INFO - Página 61 buscada. Total de cervejarias até agora: 3050
[2026-03-15T04:51:55.433+0000] {subprocess.py:93} INFO - Página 62 buscada. Total de cervejarias até agora: 3100
[2026-03-15T04:51:55.435+0000] {subprocess.py:93} INFO - Página 63 buscada. Total de cervejarias até agora: 3150
[2026-03-15T04:51:55.437+0000] {subprocess.py:93} INFO - Página 64 buscada. Total de cervejarias até agora: 3200
[2026-03-15T04:51:55.438+0000] {subprocess.py:93} INFO - Página 65 buscada. Total de cervejarias até agora: 3250
[2026-03-15T04:51:55.440+0000] {subprocess.py:93} INFO - Página 66 buscada. Total de cervejarias até agora: 3300
[2026-03-15T04:51:55.442+0000] {subprocess.py:93} INFO - Página 67 buscada. Total de cervejarias até agora: 3350
[2026-03-15T04:51:55.444+0000] {subprocess.py:93} INFO - Página 68 buscada. Total de cervejarias até agora: 3400
[2026-03-15T04:51:55.445+0000] {subprocess.py:93} INFO - Página 69 buscada. Total de cervejarias até agora: 3450
[2026-03-15T04:51:55.447+0000] {subprocess.py:93} INFO - Página 70 buscada. Total de cervejarias até agora: 3500
[2026-03-15T04:51:55.449+0000] {subprocess.py:93} INFO - Página 71 buscada. Total de cervejarias até agora: 3550
[2026-03-15T04:51:55.450+0000] {subprocess.py:93} INFO - Página 72 buscada. Total de cervejarias até agora: 3600
[2026-03-15T04:51:55.452+0000] {subprocess.py:93} INFO - Página 73 buscada. Total de cervejarias até agora: 3650
[2026-03-15T04:51:55.454+0000] {subprocess.py:93} INFO - Página 74 buscada. Total de cervejarias até agora: 3700
[2026-03-15T04:51:55.456+0000] {subprocess.py:93} INFO - Página 75 buscada. Total de cervejarias até agora: 3750
[2026-03-15T04:51:55.457+0000] {subprocess.py:93} INFO - Página 76 buscada. Total de cervejarias até agora: 3800
[2026-03-15T04:51:55.463+0000] {subprocess.py:93} INFO - Página 77 buscada. Total de cervejarias até agora: 3850
[2026-03-15T04:51:55.467+0000] {subprocess.py:93} INFO - Página 78 buscada. Total de cervejarias até agora: 3900
[2026-03-15T04:51:55.469+0000] {subprocess.py:93} INFO - Página 79 buscada. Total de cervejarias até agora: 3950
[2026-03-15T04:51:55.470+0000] {subprocess.py:93} INFO - Página 80 buscada. Total de cervejarias até agora: 4000
[2026-03-15T04:51:55.472+0000] {subprocess.py:93} INFO - Página 81 buscada. Total de cervejarias até agora: 4050
[2026-03-15T04:51:55.474+0000] {subprocess.py:93} INFO - Página 82 buscada. Total de cervejarias até agora: 4100
[2026-03-15T04:51:55.476+0000] {subprocess.py:93} INFO - Página 83 buscada. Total de cervejarias até agora: 4150
[2026-03-15T04:51:55.478+0000] {subprocess.py:93} INFO - Página 84 buscada. Total de cervejarias até agora: 4200
[2026-03-15T04:51:55.479+0000] {subprocess.py:93} INFO - Página 85 buscada. Total de cervejarias até agora: 4250
[2026-03-15T04:51:55.480+0000] {subprocess.py:93} INFO - Página 86 buscada. Total de cervejarias até agora: 4300
[2026-03-15T04:51:55.482+0000] {subprocess.py:93} INFO - Página 87 buscada. Total de cervejarias até agora: 4350
[2026-03-15T04:51:55.483+0000] {subprocess.py:93} INFO - Página 88 buscada. Total de cervejarias até agora: 4400
[2026-03-15T04:51:55.484+0000] {subprocess.py:93} INFO - Página 89 buscada. Total de cervejarias até agora: 4450
[2026-03-15T04:51:55.485+0000] {subprocess.py:93} INFO - Página 90 buscada. Total de cervejarias até agora: 4500
[2026-03-15T04:51:55.486+0000] {subprocess.py:93} INFO - Página 91 buscada. Total de cervejarias até agora: 4550
[2026-03-15T04:51:55.487+0000] {subprocess.py:93} INFO - Página 92 buscada. Total de cervejarias até agora: 4600
[2026-03-15T04:51:55.487+0000] {subprocess.py:93} INFO - Página 93 buscada. Total de cervejarias até agora: 4650
[2026-03-15T04:51:55.488+0000] {subprocess.py:93} INFO - Página 94 buscada. Total de cervejarias até agora: 4700
[2026-03-15T04:51:55.488+0000] {subprocess.py:93} INFO - Página 95 buscada. Total de cervejarias até agora: 4750
[2026-03-15T04:51:55.489+0000] {subprocess.py:93} INFO - Página 96 buscada. Total de cervejarias até agora: 4800
[2026-03-15T04:51:55.490+0000] {subprocess.py:93} INFO - Página 97 buscada. Total de cervejarias até agora: 4850
[2026-03-15T04:51:55.490+0000] {subprocess.py:93} INFO - Página 98 buscada. Total de cervejarias até agora: 4900
[2026-03-15T04:51:55.491+0000] {subprocess.py:93} INFO - Página 99 buscada. Total de cervejarias até agora: 4950
[2026-03-15T04:51:55.492+0000] {subprocess.py:93} INFO - Página 100 buscada. Total de cervejarias até agora: 5000
[2026-03-15T04:51:55.492+0000] {subprocess.py:93} INFO - Página 101 buscada. Total de cervejarias até agora: 5050
[2026-03-15T04:51:55.493+0000] {subprocess.py:93} INFO - Página 102 buscada. Total de cervejarias até agora: 5100
[2026-03-15T04:51:55.495+0000] {subprocess.py:93} INFO - Página 103 buscada. Total de cervejarias até agora: 5150
[2026-03-15T04:51:55.497+0000] {subprocess.py:93} INFO - Página 104 buscada. Total de cervejarias até agora: 5200
[2026-03-15T04:51:55.498+0000] {subprocess.py:93} INFO - Página 105 buscada. Total de cervejarias até agora: 5250
[2026-03-15T04:51:55.499+0000] {subprocess.py:93} INFO - Página 106 buscada. Total de cervejarias até agora: 5300
[2026-03-15T04:51:55.500+0000] {subprocess.py:93} INFO - Página 107 buscada. Total de cervejarias até agora: 5350
[2026-03-15T04:51:55.500+0000] {subprocess.py:93} INFO - Página 108 buscada. Total de cervejarias até agora: 5400
[2026-03-15T04:51:55.501+0000] {subprocess.py:93} INFO - Página 109 buscada. Total de cervejarias até agora: 5450
[2026-03-15T04:51:55.502+0000] {subprocess.py:93} INFO - Página 110 buscada. Total de cervejarias até agora: 5500
[2026-03-15T04:51:55.502+0000] {subprocess.py:93} INFO - Página 111 buscada. Total de cervejarias até agora: 5550
[2026-03-15T04:51:55.503+0000] {subprocess.py:93} INFO - Página 112 buscada. Total de cervejarias até agora: 5600
[2026-03-15T04:51:55.504+0000] {subprocess.py:93} INFO - Página 113 buscada. Total de cervejarias até agora: 5650
[2026-03-15T04:51:55.504+0000] {subprocess.py:93} INFO - Página 114 buscada. Total de cervejarias até agora: 5700
[2026-03-15T04:51:55.505+0000] {subprocess.py:93} INFO - Página 115 buscada. Total de cervejarias até agora: 5750
[2026-03-15T04:51:55.505+0000] {subprocess.py:93} INFO - Página 116 buscada. Total de cervejarias até agora: 5800
[2026-03-15T04:51:55.506+0000] {subprocess.py:93} INFO - Página 117 buscada. Total de cervejarias até agora: 5850
[2026-03-15T04:51:55.507+0000] {subprocess.py:93} INFO - Página 118 buscada. Total de cervejarias até agora: 5900
[2026-03-15T04:51:55.507+0000] {subprocess.py:93} INFO - Página 119 buscada. Total de cervejarias até agora: 5950
[2026-03-15T04:51:55.508+0000] {subprocess.py:93} INFO - Página 120 buscada. Total de cervejarias até agora: 6000
[2026-03-15T04:51:55.508+0000] {subprocess.py:93} INFO - Página 121 buscada. Total de cervejarias até agora: 6050
[2026-03-15T04:51:55.509+0000] {subprocess.py:93} INFO - Página 122 buscada. Total de cervejarias até agora: 6100
[2026-03-15T04:51:55.509+0000] {subprocess.py:93} INFO - Página 123 buscada. Total de cervejarias até agora: 6150
[2026-03-15T04:51:55.510+0000] {subprocess.py:93} INFO - Página 124 buscada. Total de cervejarias até agora: 6200
[2026-03-15T04:51:55.510+0000] {subprocess.py:93} INFO - Página 125 buscada. Total de cervejarias até agora: 6250
[2026-03-15T04:51:55.511+0000] {subprocess.py:93} INFO - Página 126 buscada. Total de cervejarias até agora: 6300
[2026-03-15T04:51:55.511+0000] {subprocess.py:93} INFO - Página 127 buscada. Total de cervejarias até agora: 6350
[2026-03-15T04:51:55.511+0000] {subprocess.py:93} INFO - Página 128 buscada. Total de cervejarias até agora: 6400
[2026-03-15T04:51:55.512+0000] {subprocess.py:93} INFO - Página 129 buscada. Total de cervejarias até agora: 6450
[2026-03-15T04:51:55.512+0000] {subprocess.py:93} INFO - Página 130 buscada. Total de cervejarias até agora: 6500
[2026-03-15T04:51:55.512+0000] {subprocess.py:93} INFO - Página 131 buscada. Total de cervejarias até agora: 6550
[2026-03-15T04:51:55.513+0000] {subprocess.py:93} INFO - Página 132 buscada. Total de cervejarias até agora: 6600
[2026-03-15T04:51:55.513+0000] {subprocess.py:93} INFO - Página 133 buscada. Total de cervejarias até agora: 6650
[2026-03-15T04:51:55.513+0000] {subprocess.py:93} INFO - Página 134 buscada. Total de cervejarias até agora: 6700
[2026-03-15T04:51:55.514+0000] {subprocess.py:93} INFO - Página 135 buscada. Total de cervejarias até agora: 6750
[2026-03-15T04:51:55.514+0000] {subprocess.py:93} INFO - Página 136 buscada. Total de cervejarias até agora: 6800
[2026-03-15T04:51:55.514+0000] {subprocess.py:93} INFO - Página 137 buscada. Total de cervejarias até agora: 6850
[2026-03-15T04:52:26.656+0000] {subprocess.py:93} INFO - Página 138 buscada. Total de cervejarias até agora: 6900
[2026-03-15T04:52:26.657+0000] {subprocess.py:93} INFO - Página 139 buscada. Total de cervejarias até agora: 6950
[2026-03-15T04:52:26.657+0000] {subprocess.py:93} INFO - Página 140 buscada. Total de cervejarias até agora: 7000
[2026-03-15T04:52:26.658+0000] {subprocess.py:93} INFO - Página 141 buscada. Total de cervejarias até agora: 7050
[2026-03-15T04:52:26.658+0000] {subprocess.py:93} INFO - Página 142 buscada. Total de cervejarias até agora: 7100
[2026-03-15T04:52:26.658+0000] {subprocess.py:93} INFO - Página 143 buscada. Total de cervejarias até agora: 7150
[2026-03-15T04:52:26.659+0000] {subprocess.py:93} INFO - Página 144 buscada. Total de cervejarias até agora: 7200
[2026-03-15T04:52:26.659+0000] {subprocess.py:93} INFO - Página 145 buscada. Total de cervejarias até agora: 7250
[2026-03-15T04:52:26.659+0000] {subprocess.py:93} INFO - Página 146 buscada. Total de cervejarias até agora: 7300
[2026-03-15T04:52:26.660+0000] {subprocess.py:93} INFO - Página 147 buscada. Total de cervejarias até agora: 7350
[2026-03-15T04:52:26.660+0000] {subprocess.py:93} INFO - Página 148 buscada. Total de cervejarias até agora: 7400
[2026-03-15T04:52:26.661+0000] {subprocess.py:93} INFO - Página 149 buscada. Total de cervejarias até agora: 7450
[2026-03-15T04:52:26.661+0000] {subprocess.py:93} INFO - Página 150 buscada. Total de cervejarias até agora: 7500
[2026-03-15T04:52:26.662+0000] {subprocess.py:93} INFO - Página 151 buscada. Total de cervejarias até agora: 7550
[2026-03-15T04:52:26.662+0000] {subprocess.py:93} INFO - Página 152 buscada. Total de cervejarias até agora: 7600
[2026-03-15T04:52:26.662+0000] {subprocess.py:93} INFO - Página 153 buscada. Total de cervejarias até agora: 7650
[2026-03-15T04:52:26.663+0000] {subprocess.py:93} INFO - Página 154 buscada. Total de cervejarias até agora: 7700
[2026-03-15T04:52:26.663+0000] {subprocess.py:93} INFO - Página 155 buscada. Total de cervejarias até agora: 7750
[2026-03-15T04:52:26.663+0000] {subprocess.py:93} INFO - Página 156 buscada. Total de cervejarias até agora: 7800
[2026-03-15T04:52:26.664+0000] {subprocess.py:93} INFO - Página 157 buscada. Total de cervejarias até agora: 7850
[2026-03-15T04:52:26.664+0000] {subprocess.py:93} INFO - Página 158 buscada. Total de cervejarias até agora: 7900
[2026-03-15T04:52:26.664+0000] {subprocess.py:93} INFO - Página 159 buscada. Total de cervejarias até agora: 7950
[2026-03-15T04:52:26.665+0000] {subprocess.py:93} INFO - Página 160 buscada. Total de cervejarias até agora: 8000
[2026-03-15T04:52:26.665+0000] {subprocess.py:93} INFO - Página 161 buscada. Total de cervejarias até agora: 8050
[2026-03-15T04:52:26.665+0000] {subprocess.py:93} INFO - Página 162 buscada. Total de cervejarias até agora: 8100
[2026-03-15T04:52:26.666+0000] {subprocess.py:93} INFO - Página 163 buscada. Total de cervejarias até agora: 8150
[2026-03-15T04:52:26.666+0000] {subprocess.py:93} INFO - Página 164 buscada. Total de cervejarias até agora: 8200
[2026-03-15T04:52:26.666+0000] {subprocess.py:93} INFO - Página 165 buscada. Total de cervejarias até agora: 8250
[2026-03-15T04:52:26.667+0000] {subprocess.py:93} INFO - Página 166 buscada. Total de cervejarias até agora: 8300
[2026-03-15T04:52:26.667+0000] {subprocess.py:93} INFO - Página 167 buscada. Total de cervejarias até agora: 8350
[2026-03-15T04:52:26.667+0000] {subprocess.py:93} INFO - Página 168 buscada. Total de cervejarias até agora: 8400
[2026-03-15T04:52:26.668+0000] {subprocess.py:93} INFO - Página 169 buscada. Total de cervejarias até agora: 8450
[2026-03-15T04:52:26.668+0000] {subprocess.py:93} INFO - Página 170 buscada. Total de cervejarias até agora: 8500
[2026-03-15T04:52:26.668+0000] {subprocess.py:93} INFO - Página 171 buscada. Total de cervejarias até agora: 8550
[2026-03-15T04:52:26.669+0000] {subprocess.py:93} INFO - Página 172 buscada. Total de cervejarias até agora: 8600
[2026-03-15T04:52:26.669+0000] {subprocess.py:93} INFO - Página 173 buscada. Total de cervejarias até agora: 8650
[2026-03-15T04:52:26.669+0000] {subprocess.py:93} INFO - Página 174 buscada. Total de cervejarias até agora: 8700
[2026-03-15T04:52:26.670+0000] {subprocess.py:93} INFO - Página 175 buscada. Total de cervejarias até agora: 8750
[2026-03-15T04:52:26.670+0000] {subprocess.py:93} INFO - Página 176 buscada. Total de cervejarias até agora: 8800
[2026-03-15T04:52:26.670+0000] {subprocess.py:93} INFO - Página 177 buscada. Total de cervejarias até agora: 8850
[2026-03-15T04:52:26.671+0000] {subprocess.py:93} INFO - Página 178 buscada. Total de cervejarias até agora: 8900
[2026-03-15T04:52:26.671+0000] {subprocess.py:93} INFO - Página 179 buscada. Total de cervejarias até agora: 8950
[2026-03-15T04:52:26.671+0000] {subprocess.py:93} INFO - Página 180 buscada. Total de cervejarias até agora: 9000
[2026-03-15T04:52:26.671+0000] {subprocess.py:93} INFO - Página 181 buscada. Total de cervejarias até agora: 9050
[2026-03-15T04:52:26.672+0000] {subprocess.py:93} INFO - Página 182 buscada. Total de cervejarias até agora: 9100
[2026-03-15T04:52:26.672+0000] {subprocess.py:93} INFO - Página 183 buscada. Total de cervejarias até agora: 9150
[2026-03-15T04:52:26.673+0000] {subprocess.py:93} INFO - Página 184 buscada. Total de cervejarias até agora: 9200
[2026-03-15T04:52:26.674+0000] {subprocess.py:93} INFO - Página 185 buscada. Total de cervejarias até agora: 9250
[2026-03-15T04:52:26.675+0000] {subprocess.py:93} INFO - Página 186 buscada. Total de cervejarias até agora: 9251
[2026-03-15T04:52:26.675+0000] {subprocess.py:93} INFO - Página 187 vazia. Todas as cervejarias foram buscadas.
[2026-03-15T04:52:26.677+0000] {subprocess.py:93} INFO - Busca completa. Total de cervejarias encontradas: 9251
[2026-03-15T04:52:26.678+0000] {subprocess.py:93} INFO - Dados brutos salvos em s3a://brewery-datalake/bronze/breweries/2026-03-14/breweries_raw.json
[2026-03-15T04:52:26.680+0000] {subprocess.py:93} INFO - Script de extração finalizado em: 2026-03-15 04:52:26.655444
[2026-03-15T04:52:26.685+0000] {subprocess.py:97} INFO - Command exited with return code 0
[2026-03-15T04:52:26.728+0000] {taskinstance.py:1138} INFO - Marking task as SUCCESS. dag_id=brewery_data_pipeline, task_id=extract_bronze_layer, execution_date=20260314T000000, start_date=20260315T045022, end_date=20260315T045226
[2026-03-15T04:52:26.782+0000] {local_task_job_runner.py:234} INFO - Task exited with return code 0
[2026-03-15T04:52:26.815+0000] {taskinstance.py:3280} INFO - 1 downstream tasks scheduled from follow-on schedule check
