[2026-03-15T02:51:59.421+0000] {taskinstance.py:1956} INFO - Dependencies all met for dep_context=non-requeueable deps ti=<TaskInstance: brewery_data_pipeline.extract_bronze_layer manual__2026-03-15T02:51:58.532779+00:00 [queued]>
[2026-03-15T02:51:59.431+0000] {taskinstance.py:1956} INFO - Dependencies all met for dep_context=requeueable deps ti=<TaskInstance: brewery_data_pipeline.extract_bronze_layer manual__2026-03-15T02:51:58.532779+00:00 [queued]>
[2026-03-15T02:51:59.432+0000] {taskinstance.py:2170} INFO - Starting attempt 1 of 2
[2026-03-15T02:51:59.448+0000] {taskinstance.py:2191} INFO - Executing <Task(BashOperator): extract_bronze_layer> on 2026-03-15 02:51:58.532779+00:00
[2026-03-15T02:51:59.471+0000] {standard_task_runner.py:60} INFO - Started process 3598 to run task
[2026-03-15T02:51:59.476+0000] {standard_task_runner.py:87} INFO - Running: ['***', 'tasks', 'run', 'brewery_data_pipeline', 'extract_bronze_layer', 'manual__2026-03-15T02:51:58.532779+00:00', '--job-id', '9', '--raw', '--subdir', 'DAGS_FOLDER/brewery_pipeline.py', '--cfg-path', '/tmp/tmpzo4chryk']
[2026-03-15T02:51:59.479+0000] {standard_task_runner.py:88} INFO - Job 9: Subtask extract_bronze_layer
[2026-03-15T02:51:59.495+0000] {logging_mixin.py:188} WARNING - /home/***/.local/lib/python3.8/site-packages/***/settings.py:194 DeprecationWarning: The sql_alchemy_conn option in [core] has been moved to the sql_alchemy_conn option in [database] - the old setting has been used, but please update your config.
[2026-03-15T02:51:59.573+0000] {task_command.py:423} INFO - Running <TaskInstance: brewery_data_pipeline.extract_bronze_layer manual__2026-03-15T02:51:58.532779+00:00 [running]> on host 7ae72f5da3a1
[2026-03-15T02:51:59.677+0000] {taskinstance.py:2480} INFO - Exporting env vars: AIRFLOW_CTX_DAG_OWNER='***' AIRFLOW_CTX_DAG_ID='brewery_data_pipeline' AIRFLOW_CTX_TASK_ID='extract_bronze_layer' AIRFLOW_CTX_EXECUTION_DATE='2026-03-15T02:51:58.532779+00:00' AIRFLOW_CTX_TRY_NUMBER='1' AIRFLOW_CTX_DAG_RUN_ID='manual__2026-03-15T02:51:58.532779+00:00'
[2026-03-15T02:51:59.678+0000] {subprocess.py:63} INFO - Tmp dir root location: /tmp
[2026-03-15T02:51:59.680+0000] {subprocess.py:75} INFO - Running command: ['/usr/bin/bash', '-c', 'python /opt/***/scripts/extract_breweries.py --execution_date 2026-03-15']
[2026-03-15T02:51:59.689+0000] {subprocess.py:86} INFO - Output:
[2026-03-15T02:53:39.241+0000] {subprocess.py:93} INFO - Iniciando script de extração em: 2026-03-15 02:51:59.915794
[2026-03-15T02:53:39.244+0000] {subprocess.py:93} INFO - Iniciando a busca de cervejarias da API: https://api.openbrewerydb.org/v1/breweries
[2026-03-15T02:53:39.253+0000] {subprocess.py:93} INFO - Página 1 buscada. Total de cervejarias até agora: 50
[2026-03-15T02:53:39.255+0000] {subprocess.py:93} INFO - Página 2 buscada. Total de cervejarias até agora: 100
[2026-03-15T02:53:39.256+0000] {subprocess.py:93} INFO - Página 3 buscada. Total de cervejarias até agora: 150
[2026-03-15T02:53:39.258+0000] {subprocess.py:93} INFO - Página 4 buscada. Total de cervejarias até agora: 200
[2026-03-15T02:53:39.259+0000] {subprocess.py:93} INFO - Página 5 buscada. Total de cervejarias até agora: 250
[2026-03-15T02:53:39.260+0000] {subprocess.py:93} INFO - Página 6 buscada. Total de cervejarias até agora: 300
[2026-03-15T02:53:39.261+0000] {subprocess.py:93} INFO - Página 7 buscada. Total de cervejarias até agora: 350
[2026-03-15T02:53:39.262+0000] {subprocess.py:93} INFO - Página 8 buscada. Total de cervejarias até agora: 400
[2026-03-15T02:53:39.263+0000] {subprocess.py:93} INFO - Página 9 buscada. Total de cervejarias até agora: 450
[2026-03-15T02:53:39.264+0000] {subprocess.py:93} INFO - Página 10 buscada. Total de cervejarias até agora: 500
[2026-03-15T02:53:39.265+0000] {subprocess.py:93} INFO - Página 11 buscada. Total de cervejarias até agora: 550
[2026-03-15T02:53:39.266+0000] {subprocess.py:93} INFO - Página 12 buscada. Total de cervejarias até agora: 600
[2026-03-15T02:53:39.267+0000] {subprocess.py:93} INFO - Página 13 buscada. Total de cervejarias até agora: 650
[2026-03-15T02:53:39.267+0000] {subprocess.py:93} INFO - Página 14 buscada. Total de cervejarias até agora: 700
[2026-03-15T02:53:39.268+0000] {subprocess.py:93} INFO - Página 15 buscada. Total de cervejarias até agora: 750
[2026-03-15T02:53:39.269+0000] {subprocess.py:93} INFO - Página 16 buscada. Total de cervejarias até agora: 800
[2026-03-15T02:53:39.270+0000] {subprocess.py:93} INFO - Página 17 buscada. Total de cervejarias até agora: 850
[2026-03-15T02:53:39.271+0000] {subprocess.py:93} INFO - Página 18 buscada. Total de cervejarias até agora: 900
[2026-03-15T02:53:39.272+0000] {subprocess.py:93} INFO - Página 19 buscada. Total de cervejarias até agora: 950
[2026-03-15T02:53:39.273+0000] {subprocess.py:93} INFO - Página 20 buscada. Total de cervejarias até agora: 1000
[2026-03-15T02:53:39.275+0000] {subprocess.py:93} INFO - Página 21 buscada. Total de cervejarias até agora: 1050
[2026-03-15T02:53:39.276+0000] {subprocess.py:93} INFO - Página 22 buscada. Total de cervejarias até agora: 1100
[2026-03-15T02:53:39.277+0000] {subprocess.py:93} INFO - Página 23 buscada. Total de cervejarias até agora: 1150
[2026-03-15T02:53:39.278+0000] {subprocess.py:93} INFO - Página 24 buscada. Total de cervejarias até agora: 1200
[2026-03-15T02:53:39.278+0000] {subprocess.py:93} INFO - Página 25 buscada. Total de cervejarias até agora: 1250
[2026-03-15T02:53:39.279+0000] {subprocess.py:93} INFO - Página 26 buscada. Total de cervejarias até agora: 1300
[2026-03-15T02:53:39.279+0000] {subprocess.py:93} INFO - Página 27 buscada. Total de cervejarias até agora: 1350
[2026-03-15T02:53:39.280+0000] {subprocess.py:93} INFO - Página 28 buscada. Total de cervejarias até agora: 1400
[2026-03-15T02:53:39.280+0000] {subprocess.py:93} INFO - Página 29 buscada. Total de cervejarias até agora: 1450
[2026-03-15T02:53:39.281+0000] {subprocess.py:93} INFO - Página 30 buscada. Total de cervejarias até agora: 1500
[2026-03-15T02:53:39.281+0000] {subprocess.py:93} INFO - Página 31 buscada. Total de cervejarias até agora: 1550
[2026-03-15T02:53:39.282+0000] {subprocess.py:93} INFO - Página 32 buscada. Total de cervejarias até agora: 1600
[2026-03-15T02:53:39.282+0000] {subprocess.py:93} INFO - Página 33 buscada. Total de cervejarias até agora: 1650
[2026-03-15T02:53:39.282+0000] {subprocess.py:93} INFO - Página 34 buscada. Total de cervejarias até agora: 1700
[2026-03-15T02:53:39.283+0000] {subprocess.py:93} INFO - Página 35 buscada. Total de cervejarias até agora: 1750
[2026-03-15T02:53:39.283+0000] {subprocess.py:93} INFO - Página 36 buscada. Total de cervejarias até agora: 1800
[2026-03-15T02:53:39.284+0000] {subprocess.py:93} INFO - Página 37 buscada. Total de cervejarias até agora: 1850
[2026-03-15T02:53:39.284+0000] {subprocess.py:93} INFO - Página 38 buscada. Total de cervejarias até agora: 1900
[2026-03-15T02:53:39.284+0000] {subprocess.py:93} INFO - Página 39 buscada. Total de cervejarias até agora: 1950
[2026-03-15T02:53:39.285+0000] {subprocess.py:93} INFO - Página 40 buscada. Total de cervejarias até agora: 2000
[2026-03-15T02:53:39.285+0000] {subprocess.py:93} INFO - Página 41 buscada. Total de cervejarias até agora: 2050
[2026-03-15T02:53:39.286+0000] {subprocess.py:93} INFO - Página 42 buscada. Total de cervejarias até agora: 2100
[2026-03-15T02:53:39.286+0000] {subprocess.py:93} INFO - Página 43 buscada. Total de cervejarias até agora: 2150
[2026-03-15T02:53:39.287+0000] {subprocess.py:93} INFO - Página 44 buscada. Total de cervejarias até agora: 2200
[2026-03-15T02:53:39.287+0000] {subprocess.py:93} INFO - Página 45 buscada. Total de cervejarias até agora: 2250
[2026-03-15T02:53:39.288+0000] {subprocess.py:93} INFO - Página 46 buscada. Total de cervejarias até agora: 2300
[2026-03-15T02:53:39.288+0000] {subprocess.py:93} INFO - Página 47 buscada. Total de cervejarias até agora: 2350
[2026-03-15T02:53:39.289+0000] {subprocess.py:93} INFO - Página 48 buscada. Total de cervejarias até agora: 2400
[2026-03-15T02:53:39.289+0000] {subprocess.py:93} INFO - Página 49 buscada. Total de cervejarias até agora: 2450
[2026-03-15T02:53:39.290+0000] {subprocess.py:93} INFO - Página 50 buscada. Total de cervejarias até agora: 2500
[2026-03-15T02:53:39.291+0000] {subprocess.py:93} INFO - Página 51 buscada. Total de cervejarias até agora: 2550
[2026-03-15T02:53:39.292+0000] {subprocess.py:93} INFO - Página 52 buscada. Total de cervejarias até agora: 2600
[2026-03-15T02:53:39.292+0000] {subprocess.py:93} INFO - Página 53 buscada. Total de cervejarias até agora: 2650
[2026-03-15T02:53:39.293+0000] {subprocess.py:93} INFO - Página 54 buscada. Total de cervejarias até agora: 2700
[2026-03-15T02:53:39.293+0000] {subprocess.py:93} INFO - Página 55 buscada. Total de cervejarias até agora: 2750
[2026-03-15T02:53:39.294+0000] {subprocess.py:93} INFO - Página 56 buscada. Total de cervejarias até agora: 2800
[2026-03-15T02:53:39.295+0000] {subprocess.py:93} INFO - Página 57 buscada. Total de cervejarias até agora: 2850
[2026-03-15T02:53:39.295+0000] {subprocess.py:93} INFO - Página 58 buscada. Total de cervejarias até agora: 2900
[2026-03-15T02:53:39.295+0000] {subprocess.py:93} INFO - Página 59 buscada. Total de cervejarias até agora: 2950
[2026-03-15T02:53:39.296+0000] {subprocess.py:93} INFO - Página 60 buscada. Total de cervejarias até agora: 3000
[2026-03-15T02:53:39.296+0000] {subprocess.py:93} INFO - Página 61 buscada. Total de cervejarias até agora: 3050
[2026-03-15T02:53:39.297+0000] {subprocess.py:93} INFO - Página 62 buscada. Total de cervejarias até agora: 3100
[2026-03-15T02:53:39.297+0000] {subprocess.py:93} INFO - Página 63 buscada. Total de cervejarias até agora: 3150
[2026-03-15T02:53:39.297+0000] {subprocess.py:93} INFO - Página 64 buscada. Total de cervejarias até agora: 3200
[2026-03-15T02:53:39.297+0000] {subprocess.py:93} INFO - Página 65 buscada. Total de cervejarias até agora: 3250
[2026-03-15T02:53:39.298+0000] {subprocess.py:93} INFO - Página 66 buscada. Total de cervejarias até agora: 3300
[2026-03-15T02:53:39.298+0000] {subprocess.py:93} INFO - Página 67 buscada. Total de cervejarias até agora: 3350
[2026-03-15T02:53:39.298+0000] {subprocess.py:93} INFO - Página 68 buscada. Total de cervejarias até agora: 3400
[2026-03-15T02:53:39.298+0000] {subprocess.py:93} INFO - Página 69 buscada. Total de cervejarias até agora: 3450
[2026-03-15T02:53:39.298+0000] {subprocess.py:93} INFO - Página 70 buscada. Total de cervejarias até agora: 3500
[2026-03-15T02:53:39.299+0000] {subprocess.py:93} INFO - Página 71 buscada. Total de cervejarias até agora: 3550
[2026-03-15T02:53:39.299+0000] {subprocess.py:93} INFO - Página 72 buscada. Total de cervejarias até agora: 3600
[2026-03-15T02:53:39.299+0000] {subprocess.py:93} INFO - Página 73 buscada. Total de cervejarias até agora: 3650
[2026-03-15T02:53:39.299+0000] {subprocess.py:93} INFO - Página 74 buscada. Total de cervejarias até agora: 3700
[2026-03-15T02:53:39.300+0000] {subprocess.py:93} INFO - Página 75 buscada. Total de cervejarias até agora: 3750
[2026-03-15T02:53:39.300+0000] {subprocess.py:93} INFO - Página 76 buscada. Total de cervejarias até agora: 3800
[2026-03-15T02:53:39.300+0000] {subprocess.py:93} INFO - Página 77 buscada. Total de cervejarias até agora: 3850
[2026-03-15T02:53:39.300+0000] {subprocess.py:93} INFO - Página 78 buscada. Total de cervejarias até agora: 3900
[2026-03-15T02:53:39.301+0000] {subprocess.py:93} INFO - Página 79 buscada. Total de cervejarias até agora: 3950
[2026-03-15T02:53:39.301+0000] {subprocess.py:93} INFO - Página 80 buscada. Total de cervejarias até agora: 4000
[2026-03-15T02:53:39.301+0000] {subprocess.py:93} INFO - Página 81 buscada. Total de cervejarias até agora: 4050
[2026-03-15T02:53:39.302+0000] {subprocess.py:93} INFO - Página 82 buscada. Total de cervejarias até agora: 4100
[2026-03-15T02:53:39.302+0000] {subprocess.py:93} INFO - Página 83 buscada. Total de cervejarias até agora: 4150
[2026-03-15T02:53:39.303+0000] {subprocess.py:93} INFO - Página 84 buscada. Total de cervejarias até agora: 4200
[2026-03-15T02:53:39.303+0000] {subprocess.py:93} INFO - Página 85 buscada. Total de cervejarias até agora: 4250
[2026-03-15T02:53:39.303+0000] {subprocess.py:93} INFO - Página 86 buscada. Total de cervejarias até agora: 4300
[2026-03-15T02:53:39.304+0000] {subprocess.py:93} INFO - Página 87 buscada. Total de cervejarias até agora: 4350
[2026-03-15T02:53:39.304+0000] {subprocess.py:93} INFO - Página 88 buscada. Total de cervejarias até agora: 4400
[2026-03-15T02:53:39.305+0000] {subprocess.py:93} INFO - Página 89 buscada. Total de cervejarias até agora: 4450
[2026-03-15T02:53:39.305+0000] {subprocess.py:93} INFO - Página 90 buscada. Total de cervejarias até agora: 4500
[2026-03-15T02:53:39.306+0000] {subprocess.py:93} INFO - Página 91 buscada. Total de cervejarias até agora: 4550
[2026-03-15T02:53:39.307+0000] {subprocess.py:93} INFO - Página 92 buscada. Total de cervejarias até agora: 4600
[2026-03-15T02:53:39.308+0000] {subprocess.py:93} INFO - Página 93 buscada. Total de cervejarias até agora: 4650
[2026-03-15T02:53:39.309+0000] {subprocess.py:93} INFO - Página 94 buscada. Total de cervejarias até agora: 4700
[2026-03-15T02:53:39.310+0000] {subprocess.py:93} INFO - Página 95 buscada. Total de cervejarias até agora: 4750
[2026-03-15T02:53:39.311+0000] {subprocess.py:93} INFO - Página 96 buscada. Total de cervejarias até agora: 4800
[2026-03-15T02:53:39.311+0000] {subprocess.py:93} INFO - Página 97 buscada. Total de cervejarias até agora: 4850
[2026-03-15T02:53:39.312+0000] {subprocess.py:93} INFO - Página 98 buscada. Total de cervejarias até agora: 4900
[2026-03-15T02:53:39.313+0000] {subprocess.py:93} INFO - Página 99 buscada. Total de cervejarias até agora: 4950
[2026-03-15T02:53:39.313+0000] {subprocess.py:93} INFO - Página 100 buscada. Total de cervejarias até agora: 5000
[2026-03-15T02:53:39.313+0000] {subprocess.py:93} INFO - Página 101 buscada. Total de cervejarias até agora: 5050
[2026-03-15T02:53:39.313+0000] {subprocess.py:93} INFO - Página 102 buscada. Total de cervejarias até agora: 5100
[2026-03-15T02:53:39.314+0000] {subprocess.py:93} INFO - Página 103 buscada. Total de cervejarias até agora: 5150
[2026-03-15T02:53:39.314+0000] {subprocess.py:93} INFO - Página 104 buscada. Total de cervejarias até agora: 5200
[2026-03-15T02:53:39.314+0000] {subprocess.py:93} INFO - Página 105 buscada. Total de cervejarias até agora: 5250
[2026-03-15T02:53:39.315+0000] {subprocess.py:93} INFO - Página 106 buscada. Total de cervejarias até agora: 5300
[2026-03-15T02:53:39.315+0000] {subprocess.py:93} INFO - Página 107 buscada. Total de cervejarias até agora: 5350
[2026-03-15T02:53:39.315+0000] {subprocess.py:93} INFO - Página 108 buscada. Total de cervejarias até agora: 5400
[2026-03-15T02:53:39.316+0000] {subprocess.py:93} INFO - Página 109 buscada. Total de cervejarias até agora: 5450
[2026-03-15T02:53:39.316+0000] {subprocess.py:93} INFO - Página 110 buscada. Total de cervejarias até agora: 5500
[2026-03-15T02:53:39.316+0000] {subprocess.py:93} INFO - Página 111 buscada. Total de cervejarias até agora: 5550
[2026-03-15T02:53:39.317+0000] {subprocess.py:93} INFO - Página 112 buscada. Total de cervejarias até agora: 5600
[2026-03-15T02:53:39.317+0000] {subprocess.py:93} INFO - Página 113 buscada. Total de cervejarias até agora: 5650
[2026-03-15T02:53:39.318+0000] {subprocess.py:93} INFO - Página 114 buscada. Total de cervejarias até agora: 5700
[2026-03-15T02:53:39.318+0000] {subprocess.py:93} INFO - Página 115 buscada. Total de cervejarias até agora: 5750
[2026-03-15T02:53:39.318+0000] {subprocess.py:93} INFO - Página 116 buscada. Total de cervejarias até agora: 5800
[2026-03-15T02:53:39.319+0000] {subprocess.py:93} INFO - Página 117 buscada. Total de cervejarias até agora: 5850
[2026-03-15T02:53:39.319+0000] {subprocess.py:93} INFO - Página 118 buscada. Total de cervejarias até agora: 5900
[2026-03-15T02:53:39.320+0000] {subprocess.py:93} INFO - Página 119 buscada. Total de cervejarias até agora: 5950
[2026-03-15T02:53:39.320+0000] {subprocess.py:93} INFO - Página 120 buscada. Total de cervejarias até agora: 6000
[2026-03-15T02:53:39.321+0000] {subprocess.py:93} INFO - Página 121 buscada. Total de cervejarias até agora: 6050
[2026-03-15T02:53:39.321+0000] {subprocess.py:93} INFO - Página 122 buscada. Total de cervejarias até agora: 6100
[2026-03-15T02:53:39.322+0000] {subprocess.py:93} INFO - Página 123 buscada. Total de cervejarias até agora: 6150
[2026-03-15T02:53:39.323+0000] {subprocess.py:93} INFO - Página 124 buscada. Total de cervejarias até agora: 6200
[2026-03-15T02:53:39.324+0000] {subprocess.py:93} INFO - Página 125 buscada. Total de cervejarias até agora: 6250
[2026-03-15T02:53:39.324+0000] {subprocess.py:93} INFO - Página 126 buscada. Total de cervejarias até agora: 6300
[2026-03-15T02:53:39.325+0000] {subprocess.py:93} INFO - Página 127 buscada. Total de cervejarias até agora: 6350
[2026-03-15T02:53:39.325+0000] {subprocess.py:93} INFO - Página 128 buscada. Total de cervejarias até agora: 6400
[2026-03-15T02:53:39.326+0000] {subprocess.py:93} INFO - Página 129 buscada. Total de cervejarias até agora: 6450
[2026-03-15T02:53:39.326+0000] {subprocess.py:93} INFO - Página 130 buscada. Total de cervejarias até agora: 6500
[2026-03-15T02:53:39.326+0000] {subprocess.py:93} INFO - Página 131 buscada. Total de cervejarias até agora: 6550
[2026-03-15T02:53:39.327+0000] {subprocess.py:93} INFO - Página 132 buscada. Total de cervejarias até agora: 6600
[2026-03-15T02:53:39.327+0000] {subprocess.py:93} INFO - Página 133 buscada. Total de cervejarias até agora: 6650
[2026-03-15T02:53:39.327+0000] {subprocess.py:93} INFO - Página 134 buscada. Total de cervejarias até agora: 6700
[2026-03-15T02:53:39.328+0000] {subprocess.py:93} INFO - Página 135 buscada. Total de cervejarias até agora: 6750
[2026-03-15T02:53:39.328+0000] {subprocess.py:93} INFO - Página 136 buscada. Total de cervejarias até agora: 6800
[2026-03-15T02:53:39.329+0000] {subprocess.py:93} INFO - Página 137 buscada. Total de cervejarias até agora: 6850
[2026-03-15T02:53:39.329+0000] {subprocess.py:93} INFO - Página 138 buscada. Total de cervejarias até agora: 6900
[2026-03-15T02:54:10.997+0000] {subprocess.py:93} INFO - Página 139 buscada. Total de cervejarias até agora: 6950
[2026-03-15T02:54:10.999+0000] {subprocess.py:93} INFO - Página 140 buscada. Total de cervejarias até agora: 7000
[2026-03-15T02:54:11.000+0000] {subprocess.py:93} INFO - Página 141 buscada. Total de cervejarias até agora: 7050
[2026-03-15T02:54:11.001+0000] {subprocess.py:93} INFO - Página 142 buscada. Total de cervejarias até agora: 7100
[2026-03-15T02:54:11.003+0000] {subprocess.py:93} INFO - Página 143 buscada. Total de cervejarias até agora: 7150
[2026-03-15T02:54:11.004+0000] {subprocess.py:93} INFO - Página 144 buscada. Total de cervejarias até agora: 7200
[2026-03-15T02:54:11.005+0000] {subprocess.py:93} INFO - Página 145 buscada. Total de cervejarias até agora: 7250
[2026-03-15T02:54:11.007+0000] {subprocess.py:93} INFO - Página 146 buscada. Total de cervejarias até agora: 7300
[2026-03-15T02:54:11.008+0000] {subprocess.py:93} INFO - Página 147 buscada. Total de cervejarias até agora: 7350
[2026-03-15T02:54:11.009+0000] {subprocess.py:93} INFO - Página 148 buscada. Total de cervejarias até agora: 7400
[2026-03-15T02:54:11.009+0000] {subprocess.py:93} INFO - Página 149 buscada. Total de cervejarias até agora: 7450
[2026-03-15T02:54:11.010+0000] {subprocess.py:93} INFO - Página 150 buscada. Total de cervejarias até agora: 7500
[2026-03-15T02:54:11.012+0000] {subprocess.py:93} INFO - Página 151 buscada. Total de cervejarias até agora: 7550
[2026-03-15T02:54:11.013+0000] {subprocess.py:93} INFO - Página 152 buscada. Total de cervejarias até agora: 7600
[2026-03-15T02:54:11.015+0000] {subprocess.py:93} INFO - Página 153 buscada. Total de cervejarias até agora: 7650
[2026-03-15T02:54:11.016+0000] {subprocess.py:93} INFO - Página 154 buscada. Total de cervejarias até agora: 7700
[2026-03-15T02:54:11.018+0000] {subprocess.py:93} INFO - Página 155 buscada. Total de cervejarias até agora: 7750
[2026-03-15T02:54:11.019+0000] {subprocess.py:93} INFO - Página 156 buscada. Total de cervejarias até agora: 7800
[2026-03-15T02:54:11.021+0000] {subprocess.py:93} INFO - Página 157 buscada. Total de cervejarias até agora: 7850
[2026-03-15T02:54:11.023+0000] {subprocess.py:93} INFO - Página 158 buscada. Total de cervejarias até agora: 7900
[2026-03-15T02:54:11.024+0000] {subprocess.py:93} INFO - Página 159 buscada. Total de cervejarias até agora: 7950
[2026-03-15T02:54:11.025+0000] {subprocess.py:93} INFO - Página 160 buscada. Total de cervejarias até agora: 8000
[2026-03-15T02:54:11.027+0000] {subprocess.py:93} INFO - Página 161 buscada. Total de cervejarias até agora: 8050
[2026-03-15T02:54:11.028+0000] {subprocess.py:93} INFO - Página 162 buscada. Total de cervejarias até agora: 8100
[2026-03-15T02:54:11.029+0000] {subprocess.py:93} INFO - Página 163 buscada. Total de cervejarias até agora: 8150
[2026-03-15T02:54:11.030+0000] {subprocess.py:93} INFO - Página 164 buscada. Total de cervejarias até agora: 8200
[2026-03-15T02:54:11.030+0000] {subprocess.py:93} INFO - Página 165 buscada. Total de cervejarias até agora: 8250
[2026-03-15T02:54:11.031+0000] {subprocess.py:93} INFO - Página 166 buscada. Total de cervejarias até agora: 8300
[2026-03-15T02:54:11.031+0000] {subprocess.py:93} INFO - Página 167 buscada. Total de cervejarias até agora: 8350
[2026-03-15T02:54:11.032+0000] {subprocess.py:93} INFO - Página 168 buscada. Total de cervejarias até agora: 8400
[2026-03-15T02:54:11.032+0000] {subprocess.py:93} INFO - Página 169 buscada. Total de cervejarias até agora: 8450
[2026-03-15T02:54:11.033+0000] {subprocess.py:93} INFO - Página 170 buscada. Total de cervejarias até agora: 8500
[2026-03-15T02:54:11.033+0000] {subprocess.py:93} INFO - Página 171 buscada. Total de cervejarias até agora: 8550
[2026-03-15T02:54:11.034+0000] {subprocess.py:93} INFO - Página 172 buscada. Total de cervejarias até agora: 8600
[2026-03-15T02:54:11.034+0000] {subprocess.py:93} INFO - Página 173 buscada. Total de cervejarias até agora: 8650
[2026-03-15T02:54:11.035+0000] {subprocess.py:93} INFO - Página 174 buscada. Total de cervejarias até agora: 8700
[2026-03-15T02:54:11.035+0000] {subprocess.py:93} INFO - Página 175 buscada. Total de cervejarias até agora: 8750
[2026-03-15T02:54:11.036+0000] {subprocess.py:93} INFO - Página 176 buscada. Total de cervejarias até agora: 8800
[2026-03-15T02:54:11.036+0000] {subprocess.py:93} INFO - Página 177 buscada. Total de cervejarias até agora: 8850
[2026-03-15T02:54:11.037+0000] {subprocess.py:93} INFO - Página 178 buscada. Total de cervejarias até agora: 8900
[2026-03-15T02:54:11.037+0000] {subprocess.py:93} INFO - Página 179 buscada. Total de cervejarias até agora: 8950
[2026-03-15T02:54:11.038+0000] {subprocess.py:93} INFO - Página 180 buscada. Total de cervejarias até agora: 9000
[2026-03-15T02:54:11.038+0000] {subprocess.py:93} INFO - Página 181 buscada. Total de cervejarias até agora: 9050
[2026-03-15T02:54:11.038+0000] {subprocess.py:93} INFO - Página 182 buscada. Total de cervejarias até agora: 9100
[2026-03-15T02:54:11.039+0000] {subprocess.py:93} INFO - Página 183 buscada. Total de cervejarias até agora: 9150
[2026-03-15T02:54:11.039+0000] {subprocess.py:93} INFO - Página 184 buscada. Total de cervejarias até agora: 9200
[2026-03-15T02:54:11.039+0000] {subprocess.py:93} INFO - Página 185 buscada. Total de cervejarias até agora: 9250
[2026-03-15T02:54:11.039+0000] {subprocess.py:93} INFO - Página 186 buscada. Total de cervejarias até agora: 9251
[2026-03-15T02:54:11.040+0000] {subprocess.py:93} INFO - Página 187 vazia. Todas as cervejarias foram buscadas.
[2026-03-15T02:54:11.040+0000] {subprocess.py:93} INFO - Busca completa. Total de cervejarias encontradas: 9251
[2026-03-15T02:54:11.040+0000] {subprocess.py:93} INFO - Dados brutos salvos em: /opt/***/datalake/bronze/breweries/2026-03-15/breweries_raw.json
[2026-03-15T02:54:11.041+0000] {subprocess.py:93} INFO - Script de extração finalizado em: 2026-03-15 02:54:10.996488
[2026-03-15T02:54:11.043+0000] {subprocess.py:97} INFO - Command exited with return code 0
[2026-03-15T02:54:11.079+0000] {taskinstance.py:1138} INFO - Marking task as SUCCESS. dag_id=brewery_data_pipeline, task_id=extract_bronze_layer, execution_date=20260315T025158, start_date=20260315T025159, end_date=20260315T025411
[2026-03-15T02:54:11.107+0000] {local_task_job_runner.py:234} INFO - Task exited with return code 0
[2026-03-15T02:54:11.132+0000] {taskinstance.py:3280} INFO - 1 downstream tasks scheduled from follow-on schedule check
